2025-12-10 20:51:32,642 - Alice_5000 - INFO - Starting chat application for Alice on port 5000
2025-12-10 20:51:32,644 - Alice_5000 - INFO - Network started on port 5000
2025-12-10 20:51:32,644 - Alice_5000 - INFO - Device discovery started
2025-12-10 20:51:32,645 - Alice_5000 - DEBUG - Sent: discover
2025-12-10 20:51:33,196 - Alice_5000 - DEBUG - Received from Bob: discovery
2025-12-10 20:51:33,196 - Alice_5000 - INFO - Device found: Bob
2025-12-10 20:51:33,198 - Alice_5000 - DEBUG - Received from Bob: discovery
2025-12-10 20:51:33,906 - Alice_5000 - DEBUG - Received from Charlie: discovery
2025-12-10 20:51:33,906 - Alice_5000 - INFO - Device found: Charlie
2025-12-10 20:51:33,909 - Alice_5000 - DEBUG - Received from Charlie: discovery
2025-12-10 20:51:34,226 - Alice_5000 - DEBUG - Received from David: discovery
2025-12-10 20:51:34,227 - Alice_5000 - INFO - Device found: David
2025-12-10 20:51:34,231 - Alice_5000 - DEBUG - Received from David: discovery
2025-12-10 20:51:34,653 - Alice_5000 - DEBUG - Received from Eve: discovery
2025-12-10 20:51:34,653 - Alice_5000 - INFO - Device found: Eve
2025-12-10 20:51:34,656 - Alice_5000 - DEBUG - Received from Eve: discovery
2025-12-10 20:51:37,646 - Alice_5000 - DEBUG - Received from Bob: discovery_response
2025-12-10 20:51:37,646 - Alice_5000 - DEBUG - Sent: discover
2025-12-10 20:51:37,646 - Alice_5000 - DEBUG - Received from Bob: discovery_response
2025-12-10 20:51:37,648 - Alice_5000 - DEBUG - Received from Charlie: discovery_response
2025-12-10 20:51:37,649 - Alice_5000 - DEBUG - Received from David: discovery_response
2025-12-10 20:51:37,650 - Alice_5000 - DEBUG - Received from Charlie: discovery_response
2025-12-10 20:51:37,651 - Alice_5000 - DEBUG - Received from Eve: discovery_response
2025-12-10 20:51:37,652 - Alice_5000 - DEBUG - Received from David: discovery_response
2025-12-10 20:51:37,652 - Alice_5000 - DEBUG - Received from Eve: discovery_response
2025-12-10 20:51:37,653 - Alice_5000 - DEBUG - Received from Bob: discovery_response
2025-12-10 20:51:37,654 - Alice_5000 - DEBUG - Received from Bob: discovery_response
2025-12-10 20:51:37,655 - Alice_5000 - DEBUG - Received from Charlie: discovery_response
2025-12-10 20:51:37,657 - Alice_5000 - DEBUG - Received from Charlie: discovery_response
2025-12-10 20:51:37,657 - Alice_5000 - DEBUG - Received from David: discovery_response
2025-12-10 20:51:37,659 - Alice_5000 - DEBUG - Received from David: discovery_response
2025-12-10 20:51:37,661 - Alice_5000 - DEBUG - Received from Eve: discovery_response
2025-12-10 20:51:37,664 - Alice_5000 - DEBUG - Received from Eve: discovery_response
2025-12-10 20:51:38,197 - Alice_5000 - DEBUG - Received from Bob: discovery
2025-12-10 20:51:38,197 - Alice_5000 - DEBUG - Received from Bob: discovery
2025-12-10 20:51:38,906 - Alice_5000 - DEBUG - Received from Charlie: discovery
2025-12-10 20:51:38,906 - Alice_5000 - DEBUG - Received from Charlie: discovery
2025-12-10 20:51:39,227 - Alice_5000 - DEBUG - Received from David: discovery
2025-12-10 20:51:39,229 - Alice_5000 - DEBUG - Received from David: discovery
2025-12-10 20:51:39,653 - Alice_5000 - DEBUG - Received from Eve: discovery
2025-12-10 20:51:39,654 - Alice_5000 - DEBUG - Received from Eve: discovery
2025-12-10 20:51:42,646 - Alice_5000 - DEBUG - Received from Bob: discovery_response
2025-12-10 20:51:42,646 - Alice_5000 - DEBUG - Sent: discover
2025-12-10 20:51:42,646 - Alice_5000 - DEBUG - Received from Bob: discovery_response
2025-12-10 20:51:42,647 - Alice_5000 - DEBUG - Received from Charlie: discovery_response
2025-12-10 20:51:42,650 - Alice_5000 - DEBUG - Received from David: discovery_response
2025-12-10 20:51:42,651 - Alice_5000 - DEBUG - Received from Charlie: discovery_response
2025-12-10 20:51:42,651 - Alice_5000 - DEBUG - Received from David: discovery_response
2025-12-10 20:51:42,652 - Alice_5000 - DEBUG - Received from Eve: discovery_response
2025-12-10 20:51:42,653 - Alice_5000 - DEBUG - Received from Eve: discovery_response
2025-12-10 20:51:42,653 - Alice_5000 - DEBUG - Received from Bob: discovery_response
2025-12-10 20:51:42,654 - Alice_5000 - DEBUG - Received from Charlie: discovery_response
2025-12-10 20:51:42,655 - Alice_5000 - DEBUG - Received from Bob: discovery_response
2025-12-10 20:51:42,655 - Alice_5000 - DEBUG - Received from Charlie: discovery_response
2025-12-10 20:51:42,655 - Alice_5000 - DEBUG - Received from David: discovery_response
2025-12-10 20:51:42,656 - Alice_5000 - DEBUG - Received from David: discovery_response
2025-12-10 20:51:42,656 - Alice_5000 - DEBUG - Received from Eve: discovery_response
2025-12-10 20:51:42,657 - Alice_5000 - DEBUG - Received from Eve: discovery_response
2025-12-10 20:51:43,197 - Alice_5000 - DEBUG - Received from Bob: discovery
2025-12-10 20:51:43,198 - Alice_5000 - DEBUG - Received from Bob: discovery
2025-12-10 20:51:43,907 - Alice_5000 - DEBUG - Received from Charlie: discovery
2025-12-10 20:51:43,907 - Alice_5000 - DEBUG - Received from Charlie: discovery
2025-12-10 20:51:44,228 - Alice_5000 - DEBUG - Received from David: discovery
2025-12-10 20:51:44,228 - Alice_5000 - DEBUG - Received from David: discovery
2025-12-10 20:51:44,654 - Alice_5000 - DEBUG - Received from Eve: discovery
2025-12-10 20:51:44,655 - Alice_5000 - DEBUG - Received from Eve: discovery
2025-12-10 20:51:47,646 - Alice_5000 - DEBUG - Sent: discover
2025-12-10 20:51:47,647 - Alice_5000 - DEBUG - Received from Bob: discovery_response
2025-12-10 20:51:47,694 - Alice_5000 - DEBUG - Received from Bob: discovery_response
2025-12-10 20:51:47,696 - Alice_5000 - DEBUG - Received from Eve: discovery_response
2025-12-10 20:51:47,699 - Alice_5000 - DEBUG - Received from Eve: discovery_response
2025-12-10 20:51:47,700 - Alice_5000 - DEBUG - Received from Bob: discovery_response
2025-12-10 20:51:47,701 - Alice_5000 - DEBUG - Received from Bob: discovery_response
2025-12-10 20:51:47,702 - Alice_5000 - DEBUG - Received from Eve: discovery_response
2025-12-10 20:51:47,703 - Alice_5000 - DEBUG - Received from Eve: discovery_response
2025-12-10 20:51:48,197 - Alice_5000 - DEBUG - Received from Bob: discovery
2025-12-10 20:51:48,197 - Alice_5000 - DEBUG - Received from Bob: discovery
2025-12-10 20:51:48,494 - Alice_5000 - INFO - Closing application
2025-12-10 20:51:48,494 - Alice_5000 - INFO - Device discovery stopped
2025-12-10 20:51:48,495 - Alice_5000 - INFO - Network stopped
