2025-12-10 21:18:30,099 - Bob_5005 - INFO - Starting chat application for Bob on port 5005
2025-12-10 21:18:30,101 - Bob_5005 - INFO - Network started on port 5005
2025-12-10 21:18:30,102 - Bob_5005 - INFO - Device discovery started
2025-12-10 21:18:30,102 - Bob_5005 - DEBUG - Sent: discover
2025-12-10 21:18:30,102 - Bob_5005 - DEBUG - Received from Alice: discovery_response
2025-12-10 21:18:30,102 - Bob_5005 - INFO - Device found: Alice
2025-12-10 21:18:31,005 - Bob_5005 - DEBUG - Received from Charlie: discovery
2025-12-10 21:18:31,005 - Bob_5005 - INFO - Device found: Charlie
2025-12-10 21:18:40,102 - Bob_5005 - DEBUG - Sent: discover
2025-12-10 21:18:50,103 - Bob_5005 - DEBUG - Sent: discover
2025-12-10 21:19:00,103 - Bob_5005 - INFO - Device lost: Alice
2025-12-10 21:19:00,103 - Bob_5005 - DEBUG - Sent: discover
2025-12-10 21:19:10,104 - Bob_5005 - DEBUG - Sent: discover
2025-12-10 21:19:20,105 - Bob_5005 - DEBUG - Sent: discover
2025-12-10 21:19:30,105 - Bob_5005 - DEBUG - Sent: discover
2025-12-10 21:19:40,106 - Bob_5005 - DEBUG - Sent: discover
2025-12-10 21:19:50,107 - Bob_5005 - DEBUG - Sent: discover
2025-12-10 21:20:00,107 - Bob_5005 - DEBUG - Sent: discover
2025-12-10 21:20:10,108 - Bob_5005 - DEBUG - Sent: discover
2025-12-10 21:20:20,108 - Bob_5005 - DEBUG - Sent: discover
2025-12-10 21:20:30,108 - Bob_5005 - DEBUG - Sent: discover
2025-12-10 21:20:40,109 - Bob_5005 - DEBUG - Sent: discover
2025-12-10 21:20:50,110 - Bob_5005 - DEBUG - Sent: discover
2025-12-10 21:21:00,110 - Bob_5005 - DEBUG - Sent: discover
2025-12-10 21:21:10,110 - Bob_5005 - DEBUG - Sent: discover
2025-12-10 21:21:20,111 - Bob_5005 - DEBUG - Sent: discover
2025-12-10 21:21:30,112 - Bob_5005 - DEBUG - Sent: discover
2025-12-10 21:21:40,112 - Bob_5005 - DEBUG - Sent: discover
2025-12-10 21:21:50,112 - Bob_5005 - DEBUG - Sent: discover
2025-12-10 21:22:00,113 - Bob_5005 - DEBUG - Sent: discover
2025-12-10 21:22:10,113 - Bob_5005 - DEBUG - Sent: discover
2025-12-10 21:22:20,114 - Bob_5005 - DEBUG - Sent: discover
2025-12-10 21:22:30,114 - Bob_5005 - DEBUG - Sent: discover
2025-12-10 21:22:40,114 - Bob_5005 - DEBUG - Sent: discover
2025-12-10 21:22:50,115 - Bob_5005 - DEBUG - Sent: discover
2025-12-10 21:23:00,115 - Bob_5005 - DEBUG - Sent: discover
2025-12-10 21:23:10,116 - Bob_5005 - DEBUG - Sent: discover
2025-12-10 21:23:20,116 - Bob_5005 - DEBUG - Sent: discover
2025-12-10 21:23:30,117 - Bob_5005 - DEBUG - Sent: discover
2025-12-10 21:23:40,117 - Bob_5005 - DEBUG - Sent: discover
2025-12-10 21:23:50,117 - Bob_5005 - DEBUG - Sent: discover
2025-12-10 21:24:00,118 - Bob_5005 - DEBUG - Sent: discover
2025-12-10 21:24:10,119 - Bob_5005 - DEBUG - Sent: discover
2025-12-10 21:24:20,119 - Bob_5005 - DEBUG - Sent: discover
2025-12-10 21:24:30,120 - Bob_5005 - DEBUG - Sent: discover
2025-12-10 21:24:40,120 - Bob_5005 - DEBUG - Sent: discover
2025-12-10 21:24:50,121 - Bob_5005 - DEBUG - Sent: discover
2025-12-10 21:25:00,122 - Bob_5005 - DEBUG - Sent: discover
2025-12-10 21:25:10,122 - Bob_5005 - DEBUG - Sent: discover
2025-12-10 21:25:20,122 - Bob_5005 - DEBUG - Sent: discover
2025-12-10 21:25:30,122 - Bob_5005 - DEBUG - Sent: discover
2025-12-10 21:25:40,123 - Bob_5005 - DEBUG - Sent: discover
2025-12-10 21:25:50,123 - Bob_5005 - DEBUG - Sent: discover
2025-12-10 21:26:00,124 - Bob_5005 - DEBUG - Sent: discover
2025-12-10 21:26:10,124 - Bob_5005 - DEBUG - Sent: discover
2025-12-10 21:26:20,124 - Bob_5005 - DEBUG - Sent: discover
2025-12-10 21:26:30,124 - Bob_5005 - DEBUG - Sent: discover
2025-12-10 21:26:40,125 - Bob_5005 - DEBUG - Sent: discover
2025-12-10 21:26:50,125 - Bob_5005 - DEBUG - Sent: discover
2025-12-10 21:27:00,125 - Bob_5005 - DEBUG - Sent: discover
2025-12-10 21:27:10,126 - Bob_5005 - DEBUG - Sent: discover
2025-12-10 21:27:20,126 - Bob_5005 - DEBUG - Sent: discover
2025-12-10 21:27:30,126 - Bob_5005 - DEBUG - Sent: discover
