2025-12-10 21:01:28,552 - Charlie_5010 - INFO - Starting chat application for Charlie on port 5010
2025-12-10 21:01:28,554 - Charlie_5010 - INFO - Network started on port 5010
2025-12-10 21:01:28,555 - Charlie_5010 - INFO - Device discovery started
2025-12-10 21:01:28,555 - Charlie_5010 - DEBUG - Sent: discover
2025-12-10 21:01:28,555 - Charlie_5010 - DEBUG - Received from Alice: discovery_response
2025-12-10 21:01:28,555 - Charlie_5010 - INFO - Device found: Alice
2025-12-10 21:01:28,679 - Charlie_5010 - DEBUG - Received from Bob: discovery_response
2025-12-10 21:01:28,679 - Charlie_5010 - INFO - Device found: Bob
2025-12-10 21:01:33,555 - Charlie_5010 - DEBUG - Sent: discover
2025-12-10 21:01:33,555 - Charlie_5010 - DEBUG - Received from Bob: discovery_response
2025-12-10 21:01:33,587 - Charlie_5010 - DEBUG - Received from Alice: discovery_response
2025-12-10 21:01:38,556 - Charlie_5010 - DEBUG - Sent: discover
2025-12-10 21:01:38,556 - Charlie_5010 - DEBUG - Received from Alice: discovery_response
2025-12-10 21:01:38,557 - Charlie_5010 - DEBUG - Received from Bob: discovery_response
2025-12-10 21:01:43,556 - Charlie_5010 - DEBUG - Sent: discover
2025-12-10 21:01:43,556 - Charlie_5010 - DEBUG - Received from Alice: discovery_response
2025-12-10 21:01:43,557 - Charlie_5010 - DEBUG - Received from Bob: discovery_response
2025-12-10 21:01:48,556 - Charlie_5010 - DEBUG - Sent: discover
2025-12-10 21:01:48,556 - Charlie_5010 - DEBUG - Received from Alice: discovery_response
2025-12-10 21:01:48,558 - Charlie_5010 - DEBUG - Received from Bob: discovery_response
2025-12-10 21:01:53,557 - Charlie_5010 - DEBUG - Sent: discover
2025-12-10 21:01:53,557 - Charlie_5010 - DEBUG - Received from Alice: discovery_response
2025-12-10 21:01:53,558 - Charlie_5010 - DEBUG - Received from Bob: discovery_response
2025-12-10 21:01:58,557 - Charlie_5010 - DEBUG - Sent: discover
2025-12-10 21:01:58,557 - Charlie_5010 - DEBUG - Received from Alice: discovery_response
2025-12-10 21:01:58,558 - Charlie_5010 - DEBUG - Received from Bob: discovery_response
2025-12-10 21:02:03,558 - Charlie_5010 - DEBUG - Sent: discover
2025-12-10 21:02:03,558 - Charlie_5010 - DEBUG - Received from Alice: discovery_response
2025-12-10 21:02:03,559 - Charlie_5010 - DEBUG - Received from Bob: discovery_response
2025-12-10 21:02:08,352 - Charlie_5010 - INFO - Closing application
2025-12-10 21:02:08,352 - Charlie_5010 - INFO - Device discovery stopped
2025-12-10 21:02:08,353 - Charlie_5010 - INFO - Network stopped
