2025-12-10 21:01:27,632 - Bob_5005 - INFO - Starting chat application for Bob on port 5005
2025-12-10 21:01:27,634 - Bob_5005 - INFO - Network started on port 5005
2025-12-10 21:01:27,635 - Bob_5005 - INFO - Device discovery started
2025-12-10 21:01:27,635 - Bob_5005 - DEBUG - Sent: discover
2025-12-10 21:01:27,635 - Bob_5005 - DEBUG - Received from Alice: discovery_response
2025-12-10 21:01:27,635 - Bob_5005 - INFO - Device found: Alice
2025-12-10 21:01:28,555 - Bob_5005 - DEBUG - Received from Charlie: discovery
2025-12-10 21:01:28,556 - Bob_5005 - INFO - Device found: Charlie
2025-12-10 21:01:29,538 - Bob_5005 - DEBUG - Received from David: discovery
2025-12-10 21:01:29,538 - Bob_5005 - INFO - Device found: David
2025-12-10 21:01:31,832 - Bob_5005 - DEBUG - Received from Alice: discovery
2025-12-10 21:01:32,635 - Bob_5005 - DEBUG - Sent: discover
2025-12-10 21:01:32,636 - Bob_5005 - DEBUG - Received from Alice: discovery_response
2025-12-10 21:01:33,555 - Bob_5005 - DEBUG - Received from Charlie: discovery
2025-12-10 21:01:34,538 - Bob_5005 - DEBUG - Received from David: discovery
2025-12-10 21:01:36,833 - Bob_5005 - DEBUG - Received from Alice: discovery
2025-12-10 21:01:37,636 - Bob_5005 - DEBUG - Sent: discover
2025-12-10 21:01:37,636 - Bob_5005 - DEBUG - Received from Alice: discovery_response
2025-12-10 21:01:38,556 - Bob_5005 - DEBUG - Received from Charlie: discovery
2025-12-10 21:01:39,538 - Bob_5005 - DEBUG - Received from David: discovery
2025-12-10 21:01:41,833 - Bob_5005 - DEBUG - Received from Alice: discovery
2025-12-10 21:01:42,636 - Bob_5005 - DEBUG - Sent: discover
2025-12-10 21:01:42,636 - Bob_5005 - DEBUG - Received from Alice: discovery_response
2025-12-10 21:01:43,556 - Bob_5005 - DEBUG - Received from Charlie: discovery
2025-12-10 21:01:44,538 - Bob_5005 - DEBUG - Received from David: discovery
2025-12-10 21:01:46,834 - Bob_5005 - DEBUG - Received from Alice: discovery
2025-12-10 21:01:47,636 - Bob_5005 - DEBUG - Sent: discover
2025-12-10 21:01:47,636 - Bob_5005 - DEBUG - Received from Alice: discovery_response
2025-12-10 21:01:48,556 - Bob_5005 - DEBUG - Received from Charlie: discovery
2025-12-10 21:01:49,539 - Bob_5005 - DEBUG - Received from David: discovery
2025-12-10 21:01:51,835 - Bob_5005 - DEBUG - Received from Alice: discovery
2025-12-10 21:01:52,637 - Bob_5005 - DEBUG - Sent: discover
2025-12-10 21:01:52,637 - Bob_5005 - DEBUG - Received from Alice: discovery_response
2025-12-10 21:01:53,557 - Bob_5005 - DEBUG - Received from Charlie: discovery
2025-12-10 21:01:54,539 - Bob_5005 - DEBUG - Received from David: discovery
2025-12-10 21:01:56,834 - Bob_5005 - DEBUG - Received from Alice: discovery
2025-12-10 21:01:57,637 - Bob_5005 - DEBUG - Sent: discover
2025-12-10 21:01:57,637 - Bob_5005 - DEBUG - Received from Alice: discovery_response
2025-12-10 21:01:58,557 - Bob_5005 - DEBUG - Received from Charlie: discovery
2025-12-10 21:01:59,540 - Bob_5005 - DEBUG - Received from David: discovery
2025-12-10 21:02:01,835 - Bob_5005 - DEBUG - Received from Alice: discovery
2025-12-10 21:02:02,638 - Bob_5005 - DEBUG - Sent: discover
2025-12-10 21:02:02,638 - Bob_5005 - DEBUG - Received from Alice: discovery_response
2025-12-10 21:02:03,558 - Bob_5005 - DEBUG - Received from Charlie: discovery
2025-12-10 21:02:04,541 - Bob_5005 - DEBUG - Received from David: discovery
2025-12-10 21:02:06,836 - Bob_5005 - DEBUG - Received from Alice: discovery
2025-12-10 21:02:07,639 - Bob_5005 - DEBUG - Sent: discover
2025-12-10 21:02:07,639 - Bob_5005 - DEBUG - Received from Alice: discovery_response
2025-12-10 21:02:09,542 - Bob_5005 - DEBUG - Received from David: discovery
