2025-12-10 21:15:30,846 - David_5015 - INFO - Starting chat application for David on port 5015
2025-12-10 21:15:30,848 - David_5015 - INFO - Network started on port 5015
2025-12-10 21:15:30,848 - David_5015 - INFO - Device discovery started
2025-12-10 21:15:30,849 - David_5015 - DEBUG - Sent: discover
2025-12-10 21:15:40,849 - David_5015 - DEBUG - Sent: discover
2025-12-10 21:15:45,694 - David_5015 - INFO - Manual device scan triggered
2025-12-10 21:15:45,694 - David_5015 - INFO - Manual discovery sent
2025-12-10 21:15:45,694 - David_5015 - DEBUG - Sent: discover
2025-12-10 21:15:50,849 - David_5015 - DEBUG - Sent: discover
2025-12-10 21:16:00,849 - David_5015 - DEBUG - Sent: discover
2025-12-10 21:16:05,462 - David_5015 - INFO - Manual device scan triggered
2025-12-10 21:16:05,463 - David_5015 - INFO - Manual discovery sent
2025-12-10 21:16:05,463 - David_5015 - DEBUG - Sent: discover
2025-12-10 21:16:10,850 - David_5015 - DEBUG - Sent: discover
2025-12-10 21:16:19,118 - David_5015 - INFO - Manual device scan triggered
2025-12-10 21:16:19,118 - David_5015 - INFO - Manual discovery sent
2025-12-10 21:16:19,118 - David_5015 - DEBUG - Sent: discover
2025-12-10 21:16:20,850 - David_5015 - DEBUG - Sent: discover
2025-12-10 21:16:30,851 - David_5015 - DEBUG - Sent: discover
2025-12-10 21:16:37,626 - David_5015 - INFO - Closing application
2025-12-10 21:16:37,627 - David_5015 - INFO - Device discovery stopped
2025-12-10 21:16:37,627 - David_5015 - INFO - Network stopped
