2025-12-10 20:52:00,254 - David_5003 - INFO - Starting chat application for David on port 5003
2025-12-10 20:52:00,256 - David_5003 - INFO - Network started on port 5003
2025-12-10 20:52:00,256 - David_5003 - INFO - Device discovery started
2025-12-10 20:52:00,257 - David_5003 - DEBUG - Received from Alice: discovery_response
2025-12-10 20:52:00,257 - David_5003 - INFO - Device found: Alice
2025-12-10 20:52:00,259 - David_5003 - DEBUG - Sent: discover
2025-12-10 20:52:00,289 - David_5003 - DEBUG - Received from Alice: discovery_response
2025-12-10 20:52:00,290 - David_5003 - DEBUG - Received from Bob: discovery_response
2025-12-10 20:52:00,290 - David_5003 - INFO - Device found: Bob
2025-12-10 20:52:00,293 - David_5003 - DEBUG - Received from Bob: discovery_response
2025-12-10 20:52:00,293 - David_5003 - DEBUG - Received from Charlie: discovery_response
2025-12-10 20:52:00,293 - David_5003 - INFO - Device found: Charlie
2025-12-10 20:52:00,299 - David_5003 - DEBUG - Received from Charlie: discovery_response
2025-12-10 20:52:00,299 - David_5003 - DEBUG - Received from Charlie: discovery_response
2025-12-10 20:52:00,300 - David_5003 - DEBUG - Received from Bob: discovery_response
2025-12-10 20:52:00,300 - David_5003 - DEBUG - Received from Charlie: discovery_response
2025-12-10 20:52:00,301 - David_5003 - DEBUG - Received from Alice: discovery_response
2025-12-10 20:52:00,301 - David_5003 - DEBUG - Received from Bob: discovery_response
2025-12-10 20:52:00,302 - David_5003 - DEBUG - Received from Alice: discovery_response
2025-12-10 20:52:03,635 - David_5003 - DEBUG - Received from Alice: discovery
2025-12-10 20:52:03,654 - David_5003 - DEBUG - Received from Alice: discovery
2025-12-10 20:52:04,252 - David_5003 - DEBUG - Received from Bob: discovery
2025-12-10 20:52:04,255 - David_5003 - DEBUG - Received from Bob: discovery
2025-12-10 20:52:04,868 - David_5003 - DEBUG - Received from Charlie: discovery
2025-12-10 20:52:04,869 - David_5003 - DEBUG - Received from Charlie: discovery
2025-12-10 20:52:05,257 - David_5003 - DEBUG - Sent: discover
2025-12-10 20:52:05,257 - David_5003 - DEBUG - Received from Bob: discovery_response
2025-12-10 20:52:05,259 - David_5003 - DEBUG - Received from Bob: discovery_response
2025-12-10 20:52:05,261 - David_5003 - DEBUG - Received from Charlie: discovery_response
2025-12-10 20:52:05,262 - David_5003 - DEBUG - Received from Alice: discovery_response
2025-12-10 20:52:05,262 - David_5003 - DEBUG - Received from Charlie: discovery_response
2025-12-10 20:52:05,263 - David_5003 - DEBUG - Received from Alice: discovery_response
2025-12-10 20:52:05,263 - David_5003 - DEBUG - Received from Alice: discovery_response
2025-12-10 20:52:05,264 - David_5003 - DEBUG - Received from Alice: discovery_response
2025-12-10 20:52:05,264 - David_5003 - DEBUG - Received from Bob: discovery_response
2025-12-10 20:52:05,264 - David_5003 - DEBUG - Received from Charlie: discovery_response
2025-12-10 20:52:05,265 - David_5003 - DEBUG - Received from Bob: discovery_response
2025-12-10 20:52:05,265 - David_5003 - DEBUG - Received from Charlie: discovery_response
2025-12-10 20:52:08,635 - David_5003 - DEBUG - Received from Alice: discovery
2025-12-10 20:52:08,636 - David_5003 - DEBUG - Received from Alice: discovery
2025-12-10 20:52:09,252 - David_5003 - DEBUG - Received from Bob: discovery
2025-12-10 20:52:09,253 - David_5003 - DEBUG - Received from Bob: discovery
2025-12-10 20:52:09,867 - David_5003 - DEBUG - Received from Charlie: discovery
2025-12-10 20:52:09,869 - David_5003 - DEBUG - Received from Charlie: discovery
2025-12-10 20:52:10,258 - David_5003 - DEBUG - Received from Alice: discovery_response
2025-12-10 20:52:10,259 - David_5003 - DEBUG - Sent: discover
2025-12-10 20:52:10,260 - David_5003 - DEBUG - Received from Bob: discovery_response
2025-12-10 20:52:10,261 - David_5003 - DEBUG - Received from Alice: discovery_response
2025-12-10 20:52:10,262 - David_5003 - DEBUG - Received from Bob: discovery_response
2025-12-10 20:52:10,262 - David_5003 - DEBUG - Received from Charlie: discovery_response
2025-12-10 20:52:10,263 - David_5003 - DEBUG - Received from Charlie: discovery_response
2025-12-10 20:52:10,264 - David_5003 - DEBUG - Received from Bob: discovery_response
2025-12-10 20:52:10,264 - David_5003 - DEBUG - Received from Bob: discovery_response
2025-12-10 20:52:10,264 - David_5003 - DEBUG - Received from Alice: discovery_response
2025-12-10 20:52:10,265 - David_5003 - DEBUG - Received from Alice: discovery_response
2025-12-10 20:52:10,266 - David_5003 - DEBUG - Received from Charlie: discovery_response
2025-12-10 20:52:10,267 - David_5003 - DEBUG - Received from Charlie: discovery_response
2025-12-10 20:52:13,635 - David_5003 - DEBUG - Received from Alice: discovery
2025-12-10 20:52:13,637 - David_5003 - DEBUG - Received from Alice: discovery
2025-12-10 20:52:14,253 - David_5003 - DEBUG - Received from Bob: discovery
2025-12-10 20:52:14,254 - David_5003 - DEBUG - Received from Bob: discovery
2025-12-10 20:52:14,869 - David_5003 - DEBUG - Received from Charlie: discovery
2025-12-10 20:52:14,871 - David_5003 - DEBUG - Received from Charlie: discovery
2025-12-10 20:52:15,259 - David_5003 - DEBUG - Received from Alice: discovery_response
2025-12-10 20:52:15,259 - David_5003 - DEBUG - Sent: discover
2025-12-10 20:52:15,260 - David_5003 - DEBUG - Received from Alice: discovery_response
2025-12-10 20:52:15,261 - David_5003 - DEBUG - Received from Bob: discovery_response
2025-12-10 20:52:15,264 - David_5003 - DEBUG - Received from Bob: discovery_response
2025-12-10 20:52:15,265 - David_5003 - DEBUG - Received from Charlie: discovery_response
2025-12-10 20:52:15,265 - David_5003 - DEBUG - Received from Charlie: discovery_response
2025-12-10 20:52:15,266 - David_5003 - DEBUG - Received from Alice: discovery_response
2025-12-10 20:52:15,266 - David_5003 - DEBUG - Received from Alice: discovery_response
2025-12-10 20:52:15,267 - David_5003 - DEBUG - Received from Bob: discovery_response
2025-12-10 20:52:15,267 - David_5003 - DEBUG - Received from Bob: discovery_response
2025-12-10 20:52:15,267 - David_5003 - DEBUG - Received from Charlie: discovery_response
2025-12-10 20:52:15,268 - David_5003 - DEBUG - Received from Charlie: discovery_response
2025-12-10 20:52:18,635 - David_5003 - DEBUG - Received from Alice: discovery
2025-12-10 20:52:18,636 - David_5003 - DEBUG - Received from Alice: discovery
2025-12-10 20:52:19,254 - David_5003 - DEBUG - Received from Bob: discovery
2025-12-10 20:52:19,255 - David_5003 - DEBUG - Received from Bob: discovery
2025-12-10 20:52:19,869 - David_5003 - DEBUG - Received from Charlie: discovery
2025-12-10 20:52:19,871 - David_5003 - DEBUG - Received from Charlie: discovery
2025-12-10 20:52:20,259 - David_5003 - DEBUG - Received from Alice: discovery_response
2025-12-10 20:52:20,259 - David_5003 - DEBUG - Sent: discover
2025-12-10 20:52:20,260 - David_5003 - DEBUG - Received from Alice: discovery_response
2025-12-10 20:52:20,262 - David_5003 - DEBUG - Received from Bob: discovery_response
2025-12-10 20:52:20,262 - David_5003 - DEBUG - Received from Bob: discovery_response
2025-12-10 20:52:20,263 - David_5003 - DEBUG - Received from Charlie: discovery_response
2025-12-10 20:52:20,264 - David_5003 - DEBUG - Received from Charlie: discovery_response
2025-12-10 20:52:20,264 - David_5003 - DEBUG - Received from Alice: discovery_response
2025-12-10 20:52:20,265 - David_5003 - DEBUG - Received from Alice: discovery_response
2025-12-10 20:52:20,265 - David_5003 - DEBUG - Received from Charlie: discovery_response
2025-12-10 20:52:20,266 - David_5003 - DEBUG - Received from Charlie: discovery_response
2025-12-10 20:52:20,267 - David_5003 - DEBUG - Received from Bob: discovery_response
2025-12-10 20:52:20,267 - David_5003 - DEBUG - Received from Bob: discovery_response
2025-12-10 20:52:23,636 - David_5003 - DEBUG - Received from Alice: discovery
2025-12-10 20:52:23,637 - David_5003 - DEBUG - Received from Alice: discovery
2025-12-10 20:52:24,254 - David_5003 - DEBUG - Received from Bob: discovery
2025-12-10 20:52:24,256 - David_5003 - DEBUG - Received from Bob: discovery
2025-12-10 20:52:24,869 - David_5003 - DEBUG - Received from Charlie: discovery
2025-12-10 20:52:24,871 - David_5003 - DEBUG - Received from Charlie: discovery
2025-12-10 20:52:25,259 - David_5003 - DEBUG - Sent: discover
2025-12-10 20:52:25,259 - David_5003 - DEBUG - Received from Alice: discovery_response
2025-12-10 20:52:25,261 - David_5003 - DEBUG - Received from Alice: discovery_response
2025-12-10 20:52:25,263 - David_5003 - DEBUG - Received from Bob: discovery_response
2025-12-10 20:52:25,264 - David_5003 - DEBUG - Received from Charlie: discovery_response
2025-12-10 20:52:25,264 - David_5003 - DEBUG - Received from Bob: discovery_response
2025-12-10 20:52:25,265 - David_5003 - DEBUG - Received from Charlie: discovery_response
2025-12-10 20:52:25,265 - David_5003 - DEBUG - Received from Alice: discovery_response
2025-12-10 20:52:25,266 - David_5003 - DEBUG - Received from Alice: discovery_response
2025-12-10 20:52:25,267 - David_5003 - DEBUG - Received from Bob: discovery_response
2025-12-10 20:52:25,267 - David_5003 - DEBUG - Received from Bob: discovery_response
2025-12-10 20:52:25,267 - David_5003 - DEBUG - Received from Charlie: discovery_response
2025-12-10 20:52:25,267 - David_5003 - DEBUG - Received from Charlie: discovery_response
2025-12-10 20:52:28,636 - David_5003 - DEBUG - Received from Alice: discovery
2025-12-10 20:52:28,637 - David_5003 - DEBUG - Received from Alice: discovery
2025-12-10 20:52:29,254 - David_5003 - DEBUG - Received from Bob: discovery
2025-12-10 20:52:29,255 - David_5003 - DEBUG - Received from Bob: discovery
2025-12-10 20:52:29,869 - David_5003 - DEBUG - Received from Charlie: discovery
2025-12-10 20:52:29,870 - David_5003 - DEBUG - Received from Charlie: discovery
2025-12-10 20:52:30,259 - David_5003 - DEBUG - Received from Alice: discovery_response
2025-12-10 20:52:30,260 - David_5003 - DEBUG - Sent: discover
2025-12-10 20:52:30,260 - David_5003 - DEBUG - Received from Charlie: discovery_response
2025-12-10 20:52:30,261 - David_5003 - DEBUG - Received from Alice: discovery_response
2025-12-10 20:52:30,262 - David_5003 - DEBUG - Received from Bob: discovery_response
2025-12-10 20:52:30,263 - David_5003 - DEBUG - Received from Charlie: discovery_response
2025-12-10 20:52:30,264 - David_5003 - DEBUG - Received from Bob: discovery_response
2025-12-10 20:52:30,264 - David_5003 - DEBUG - Received from Charlie: discovery_response
2025-12-10 20:52:30,265 - David_5003 - DEBUG - Received from Charlie: discovery_response
2025-12-10 20:52:30,265 - David_5003 - DEBUG - Received from Alice: discovery_response
2025-12-10 20:52:30,265 - David_5003 - DEBUG - Received from Bob: discovery_response
2025-12-10 20:52:30,266 - David_5003 - DEBUG - Received from Bob: discovery_response
2025-12-10 20:52:30,266 - David_5003 - DEBUG - Received from Alice: discovery_response
2025-12-10 20:52:33,637 - David_5003 - DEBUG - Received from Alice: discovery
2025-12-10 20:52:33,638 - David_5003 - DEBUG - Received from Alice: discovery
2025-12-10 20:52:34,255 - David_5003 - DEBUG - Received from Bob: discovery
2025-12-10 20:52:34,256 - David_5003 - DEBUG - Received from Bob: discovery
2025-12-10 20:52:34,870 - David_5003 - DEBUG - Received from Charlie: discovery
2025-12-10 20:52:34,872 - David_5003 - DEBUG - Received from Charlie: discovery
2025-12-10 20:52:35,260 - David_5003 - DEBUG - Sent: discover
2025-12-10 20:52:35,261 - David_5003 - DEBUG - Received from Alice: discovery_response
2025-12-10 20:52:35,262 - David_5003 - DEBUG - Received from Alice: discovery_response
2025-12-10 20:52:35,263 - David_5003 - DEBUG - Received from Charlie: discovery_response
2025-12-10 20:52:35,264 - David_5003 - DEBUG - Received from Bob: discovery_response
2025-12-10 20:52:35,264 - David_5003 - DEBUG - Received from Charlie: discovery_response
2025-12-10 20:52:35,265 - David_5003 - DEBUG - Received from Bob: discovery_response
2025-12-10 20:52:35,265 - David_5003 - DEBUG - Received from Alice: discovery_response
2025-12-10 20:52:35,266 - David_5003 - DEBUG - Received from Alice: discovery_response
2025-12-10 20:52:35,266 - David_5003 - DEBUG - Received from Bob: discovery_response
2025-12-10 20:52:35,266 - David_5003 - DEBUG - Received from Bob: discovery_response
2025-12-10 20:52:35,267 - David_5003 - DEBUG - Received from Charlie: discovery_response
2025-12-10 20:52:35,267 - David_5003 - DEBUG - Received from Charlie: discovery_response
2025-12-10 20:52:38,638 - David_5003 - DEBUG - Received from Alice: discovery
2025-12-10 20:52:38,640 - David_5003 - DEBUG - Received from Alice: discovery
2025-12-10 20:52:39,255 - David_5003 - DEBUG - Received from Bob: discovery
2025-12-10 20:52:39,257 - David_5003 - DEBUG - Received from Bob: discovery
2025-12-10 20:52:39,871 - David_5003 - DEBUG - Received from Charlie: discovery
2025-12-10 20:52:39,873 - David_5003 - DEBUG - Received from Charlie: discovery
2025-12-10 20:52:40,261 - David_5003 - DEBUG - Received from Alice: discovery_response
2025-12-10 20:52:40,261 - David_5003 - DEBUG - Sent: discover
2025-12-10 20:52:40,262 - David_5003 - DEBUG - Received from Alice: discovery_response
2025-12-10 20:52:40,263 - David_5003 - DEBUG - Received from Bob: discovery_response
2025-12-10 20:52:40,264 - David_5003 - DEBUG - Received from Charlie: discovery_response
2025-12-10 20:52:40,264 - David_5003 - DEBUG - Received from Bob: discovery_response
2025-12-10 20:52:40,265 - David_5003 - DEBUG - Received from Charlie: discovery_response
2025-12-10 20:52:40,265 - David_5003 - DEBUG - Received from Alice: discovery_response
2025-12-10 20:52:40,266 - David_5003 - DEBUG - Received from Alice: discovery_response
2025-12-10 20:52:40,266 - David_5003 - DEBUG - Received from Bob: discovery_response
2025-12-10 20:52:40,266 - David_5003 - DEBUG - Received from Charlie: discovery_response
2025-12-10 20:52:40,266 - David_5003 - DEBUG - Received from Bob: discovery_response
2025-12-10 20:52:40,267 - David_5003 - DEBUG - Received from Charlie: discovery_response
2025-12-10 20:52:43,639 - David_5003 - DEBUG - Received from Alice: discovery
2025-12-10 20:52:43,640 - David_5003 - DEBUG - Received from Alice: discovery
2025-12-10 20:52:44,255 - David_5003 - DEBUG - Received from Bob: discovery
2025-12-10 20:52:44,256 - David_5003 - DEBUG - Received from Bob: discovery
2025-12-10 20:52:44,871 - David_5003 - DEBUG - Received from Charlie: discovery
2025-12-10 20:52:44,873 - David_5003 - DEBUG - Received from Charlie: discovery
2025-12-10 20:52:45,260 - David_5003 - DEBUG - Received from Alice: discovery_response
2025-12-10 20:52:45,261 - David_5003 - DEBUG - Received from Bob: discovery_response
2025-12-10 20:52:45,261 - David_5003 - DEBUG - Sent: discover
2025-12-10 20:52:45,262 - David_5003 - DEBUG - Received from Alice: discovery_response
2025-12-10 20:52:45,263 - David_5003 - DEBUG - Received from Charlie: discovery_response
2025-12-10 20:52:45,264 - David_5003 - DEBUG - Received from Bob: discovery_response
2025-12-10 20:52:45,265 - David_5003 - DEBUG - Received from Charlie: discovery_response
2025-12-10 20:52:45,265 - David_5003 - DEBUG - Received from Charlie: discovery_response
2025-12-10 20:52:45,266 - David_5003 - DEBUG - Received from Charlie: discovery_response
2025-12-10 20:52:45,266 - David_5003 - DEBUG - Received from Alice: discovery_response
2025-12-10 20:52:45,267 - David_5003 - DEBUG - Received from Bob: discovery_response
2025-12-10 20:52:45,267 - David_5003 - DEBUG - Received from Alice: discovery_response
2025-12-10 20:52:45,267 - David_5003 - DEBUG - Received from Bob: discovery_response
2025-12-10 20:52:48,639 - David_5003 - DEBUG - Received from Alice: discovery
2025-12-10 20:52:48,640 - David_5003 - DEBUG - Received from Alice: discovery
2025-12-10 20:52:49,255 - David_5003 - DEBUG - Received from Bob: discovery
2025-12-10 20:52:49,257 - David_5003 - DEBUG - Received from Bob: discovery
2025-12-10 20:52:49,872 - David_5003 - DEBUG - Received from Charlie: discovery
2025-12-10 20:52:49,874 - David_5003 - DEBUG - Received from Charlie: discovery
2025-12-10 20:52:50,261 - David_5003 - DEBUG - Received from Alice: discovery_response
2025-12-10 20:52:50,262 - David_5003 - DEBUG - Received from Alice: discovery_response
2025-12-10 20:52:50,262 - David_5003 - DEBUG - Sent: discover
2025-12-10 20:52:50,263 - David_5003 - DEBUG - Received from Charlie: discovery_response
2025-12-10 20:52:50,264 - David_5003 - DEBUG - Received from Bob: discovery_response
2025-12-10 20:52:50,264 - David_5003 - DEBUG - Received from Charlie: discovery_response
2025-12-10 20:52:50,265 - David_5003 - DEBUG - Received from Bob: discovery_response
2025-12-10 20:52:50,266 - David_5003 - DEBUG - Received from Alice: discovery_response
2025-12-10 20:52:50,266 - David_5003 - DEBUG - Received from Alice: discovery_response
2025-12-10 20:52:50,267 - David_5003 - DEBUG - Received from Charlie: discovery_response
2025-12-10 20:52:50,267 - David_5003 - DEBUG - Received from Bob: discovery_response
2025-12-10 20:52:50,267 - David_5003 - DEBUG - Received from Charlie: discovery_response
2025-12-10 20:52:50,268 - David_5003 - DEBUG - Received from Bob: discovery_response
2025-12-10 20:52:53,640 - David_5003 - DEBUG - Received from Alice: discovery
2025-12-10 20:52:53,642 - David_5003 - DEBUG - Received from Alice: discovery
2025-12-10 20:52:54,256 - David_5003 - DEBUG - Received from Bob: discovery
2025-12-10 20:52:54,257 - David_5003 - DEBUG - Received from Bob: discovery
2025-12-10 20:52:54,872 - David_5003 - DEBUG - Received from Charlie: discovery
2025-12-10 20:52:54,873 - David_5003 - DEBUG - Received from Charlie: discovery
2025-12-10 20:52:55,262 - David_5003 - DEBUG - Received from Bob: discovery_response
2025-12-10 20:52:55,262 - David_5003 - DEBUG - Sent: discover
2025-12-10 20:52:55,262 - David_5003 - DEBUG - Received from Alice: discovery_response
2025-12-10 20:52:55,264 - David_5003 - DEBUG - Received from Bob: discovery_response
2025-12-10 20:52:55,265 - David_5003 - DEBUG - Received from Charlie: discovery_response
2025-12-10 20:52:55,265 - David_5003 - DEBUG - Received from Alice: discovery_response
2025-12-10 20:52:55,266 - David_5003 - DEBUG - Received from Charlie: discovery_response
2025-12-10 20:52:55,267 - David_5003 - DEBUG - Received from Charlie: discovery_response
2025-12-10 20:52:55,267 - David_5003 - DEBUG - Received from Charlie: discovery_response
2025-12-10 20:52:55,268 - David_5003 - DEBUG - Received from Bob: discovery_response
2025-12-10 20:52:55,269 - David_5003 - DEBUG - Received from Alice: discovery_response
2025-12-10 20:52:55,269 - David_5003 - DEBUG - Received from Alice: discovery_response
2025-12-10 20:52:55,269 - David_5003 - DEBUG - Received from Bob: discovery_response
2025-12-10 20:52:58,640 - David_5003 - DEBUG - Received from Alice: discovery
2025-12-10 20:52:58,641 - David_5003 - DEBUG - Received from Alice: discovery
2025-12-10 20:52:59,256 - David_5003 - DEBUG - Received from Bob: discovery
2025-12-10 20:52:59,257 - David_5003 - DEBUG - Received from Bob: discovery
2025-12-10 20:52:59,872 - David_5003 - DEBUG - Received from Charlie: discovery
2025-12-10 20:52:59,874 - David_5003 - DEBUG - Received from Charlie: discovery
2025-12-10 20:53:00,263 - David_5003 - DEBUG - Received from Alice: discovery_response
2025-12-10 20:53:00,263 - David_5003 - DEBUG - Sent: discover
2025-12-10 20:53:00,264 - David_5003 - DEBUG - Received from Alice: discovery_response
2025-12-10 20:53:00,266 - David_5003 - DEBUG - Received from Bob: discovery_response
2025-12-10 20:53:00,267 - David_5003 - DEBUG - Received from Charlie: discovery_response
2025-12-10 20:53:00,267 - David_5003 - DEBUG - Received from Bob: discovery_response
2025-12-10 20:53:00,268 - David_5003 - DEBUG - Received from Charlie: discovery_response
2025-12-10 20:53:00,268 - David_5003 - DEBUG - Received from Alice: discovery_response
2025-12-10 20:53:00,269 - David_5003 - DEBUG - Received from Alice: discovery_response
2025-12-10 20:53:00,269 - David_5003 - DEBUG - Received from Charlie: discovery_response
2025-12-10 20:53:00,270 - David_5003 - DEBUG - Received from Bob: discovery_response
2025-12-10 20:53:00,270 - David_5003 - DEBUG - Received from Charlie: discovery_response
2025-12-10 20:53:00,270 - David_5003 - DEBUG - Received from Bob: discovery_response
2025-12-10 20:53:03,640 - David_5003 - DEBUG - Received from Alice: discovery
2025-12-10 20:53:03,642 - David_5003 - DEBUG - Received from Alice: discovery
2025-12-10 20:53:04,257 - David_5003 - DEBUG - Received from Bob: discovery
2025-12-10 20:53:04,259 - David_5003 - DEBUG - Received from Bob: discovery
2025-12-10 20:53:04,874 - David_5003 - DEBUG - Received from Charlie: discovery
2025-12-10 20:53:04,875 - David_5003 - DEBUG - Received from Charlie: discovery
2025-12-10 20:53:05,263 - David_5003 - DEBUG - Received from Alice: discovery_response
2025-12-10 20:53:05,264 - David_5003 - DEBUG - Sent: discover
2025-12-10 20:53:05,265 - David_5003 - DEBUG - Received from Bob: discovery_response
2025-12-10 20:53:05,266 - David_5003 - DEBUG - Received from Charlie: discovery_response
2025-12-10 20:53:05,267 - David_5003 - DEBUG - Received from Alice: discovery_response
2025-12-10 20:53:05,268 - David_5003 - DEBUG - Received from Bob: discovery_response
2025-12-10 20:53:05,268 - David_5003 - DEBUG - Received from Charlie: discovery_response
2025-12-10 20:53:05,269 - David_5003 - DEBUG - Received from Charlie: discovery_response
2025-12-10 20:53:05,269 - David_5003 - DEBUG - Received from Alice: discovery_response
2025-12-10 20:53:05,269 - David_5003 - DEBUG - Received from Charlie: discovery_response
2025-12-10 20:53:05,270 - David_5003 - DEBUG - Received from Alice: discovery_response
2025-12-10 20:53:05,270 - David_5003 - DEBUG - Received from Bob: discovery_response
2025-12-10 20:53:05,270 - David_5003 - DEBUG - Received from Bob: discovery_response
2025-12-10 20:53:08,641 - David_5003 - DEBUG - Received from Alice: discovery
2025-12-10 20:53:08,642 - David_5003 - DEBUG - Received from Alice: discovery
2025-12-10 20:53:09,258 - David_5003 - DEBUG - Received from Bob: discovery
2025-12-10 20:53:09,258 - David_5003 - DEBUG - Received from Bob: discovery
2025-12-10 20:53:09,873 - David_5003 - DEBUG - Received from Charlie: discovery
2025-12-10 20:53:09,874 - David_5003 - DEBUG - Received from Charlie: discovery
2025-12-10 20:53:10,263 - David_5003 - DEBUG - Received from Alice: discovery_response
2025-12-10 20:53:10,264 - David_5003 - DEBUG - Sent: discover
2025-12-10 20:53:10,265 - David_5003 - DEBUG - Received from Bob: discovery_response
2025-12-10 20:53:10,266 - David_5003 - DEBUG - Received from Alice: discovery_response
2025-12-10 20:53:10,267 - David_5003 - DEBUG - Received from Charlie: discovery_response
2025-12-10 20:53:10,267 - David_5003 - DEBUG - Received from Bob: discovery_response
2025-12-10 20:53:10,268 - David_5003 - DEBUG - Received from Charlie: discovery_response
2025-12-10 20:53:10,268 - David_5003 - DEBUG - Received from Bob: discovery_response
2025-12-10 20:53:10,269 - David_5003 - DEBUG - Received from Bob: discovery_response
2025-12-10 20:53:10,269 - David_5003 - DEBUG - Received from Charlie: discovery_response
2025-12-10 20:53:10,270 - David_5003 - DEBUG - Received from Charlie: discovery_response
2025-12-10 20:53:10,270 - David_5003 - DEBUG - Received from Alice: discovery_response
2025-12-10 20:53:10,271 - David_5003 - DEBUG - Received from Alice: discovery_response
2025-12-10 20:53:13,641 - David_5003 - DEBUG - Received from Alice: discovery
2025-12-10 20:53:13,642 - David_5003 - DEBUG - Received from Alice: discovery
2025-12-10 20:53:14,257 - David_5003 - DEBUG - Received from Bob: discovery
2025-12-10 20:53:14,260 - David_5003 - DEBUG - Received from Bob: discovery
2025-12-10 20:53:14,874 - David_5003 - DEBUG - Received from Charlie: discovery
2025-12-10 20:53:14,876 - David_5003 - DEBUG - Received from Charlie: discovery
2025-12-10 20:53:15,264 - David_5003 - DEBUG - Received from Alice: discovery_response
2025-12-10 20:53:15,265 - David_5003 - DEBUG - Sent: discover
2025-12-10 20:53:15,266 - David_5003 - DEBUG - Received from Bob: discovery_response
2025-12-10 20:53:15,267 - David_5003 - DEBUG - Received from Alice: discovery_response
2025-12-10 20:53:15,268 - David_5003 - DEBUG - Received from Bob: discovery_response
2025-12-10 20:53:15,268 - David_5003 - DEBUG - Received from Charlie: discovery_response
2025-12-10 20:53:15,268 - David_5003 - DEBUG - Received from Charlie: discovery_response
2025-12-10 20:53:15,269 - David_5003 - DEBUG - Received from Alice: discovery_response
2025-12-10 20:53:15,269 - David_5003 - DEBUG - Received from Alice: discovery_response
2025-12-10 20:53:15,270 - David_5003 - DEBUG - Received from Bob: discovery_response
2025-12-10 20:53:15,270 - David_5003 - DEBUG - Received from Bob: discovery_response
2025-12-10 20:53:15,270 - David_5003 - DEBUG - Received from Charlie: discovery_response
2025-12-10 20:53:15,270 - David_5003 - DEBUG - Received from Charlie: discovery_response
2025-12-10 20:53:18,642 - David_5003 - DEBUG - Received from Alice: discovery
2025-12-10 20:53:18,643 - David_5003 - DEBUG - Received from Alice: discovery
2025-12-10 20:53:19,258 - David_5003 - DEBUG - Received from Bob: discovery
2025-12-10 20:53:19,260 - David_5003 - DEBUG - Received from Bob: discovery
2025-12-10 20:53:19,874 - David_5003 - DEBUG - Received from Charlie: discovery
2025-12-10 20:53:19,875 - David_5003 - DEBUG - Received from Charlie: discovery
2025-12-10 20:53:20,264 - David_5003 - DEBUG - Received from Alice: discovery_response
2025-12-10 20:53:20,265 - David_5003 - DEBUG - Sent: discover
2025-12-10 20:53:20,265 - David_5003 - DEBUG - Received from Alice: discovery_response
2025-12-10 20:53:20,266 - David_5003 - DEBUG - Received from Bob: discovery_response
2025-12-10 20:53:20,267 - David_5003 - DEBUG - Received from Charlie: discovery_response
2025-12-10 20:53:20,268 - David_5003 - DEBUG - Received from Bob: discovery_response
2025-12-10 20:53:20,268 - David_5003 - DEBUG - Received from Charlie: discovery_response
2025-12-10 20:53:20,269 - David_5003 - DEBUG - Received from Alice: discovery_response
2025-12-10 20:53:20,270 - David_5003 - DEBUG - Received from Alice: discovery_response
2025-12-10 20:53:20,271 - David_5003 - DEBUG - Received from Bob: discovery_response
2025-12-10 20:53:20,272 - David_5003 - DEBUG - Received from Bob: discovery_response
2025-12-10 20:53:20,272 - David_5003 - DEBUG - Received from Charlie: discovery_response
2025-12-10 20:53:20,273 - David_5003 - DEBUG - Received from Charlie: discovery_response
2025-12-10 20:53:23,642 - David_5003 - DEBUG - Received from Alice: discovery
2025-12-10 20:53:23,644 - David_5003 - DEBUG - Received from Alice: discovery
2025-12-10 20:53:24,258 - David_5003 - DEBUG - Received from Bob: discovery
2025-12-10 20:53:24,261 - David_5003 - DEBUG - Received from Bob: discovery
2025-12-10 20:53:24,875 - David_5003 - DEBUG - Received from Charlie: discovery
2025-12-10 20:53:24,876 - David_5003 - DEBUG - Received from Charlie: discovery
2025-12-10 20:53:25,264 - David_5003 - DEBUG - Received from Alice: discovery_response
2025-12-10 20:53:25,265 - David_5003 - DEBUG - Sent: discover
2025-12-10 20:53:25,266 - David_5003 - DEBUG - Received from Alice: discovery_response
2025-12-10 20:53:25,267 - David_5003 - DEBUG - Received from Bob: discovery_response
2025-12-10 20:53:25,267 - David_5003 - DEBUG - Received from Bob: discovery_response
2025-12-10 20:53:25,267 - David_5003 - DEBUG - Received from Charlie: discovery_response
2025-12-10 20:53:25,269 - David_5003 - DEBUG - Received from Charlie: discovery_response
2025-12-10 20:53:25,269 - David_5003 - DEBUG - Received from Alice: discovery_response
2025-12-10 20:53:25,270 - David_5003 - DEBUG - Received from Alice: discovery_response
2025-12-10 20:53:25,270 - David_5003 - DEBUG - Received from Charlie: discovery_response
2025-12-10 20:53:25,270 - David_5003 - DEBUG - Received from Bob: discovery_response
2025-12-10 20:53:25,270 - David_5003 - DEBUG - Received from Charlie: discovery_response
2025-12-10 20:53:25,271 - David_5003 - DEBUG - Received from Bob: discovery_response
2025-12-10 20:53:28,642 - David_5003 - DEBUG - Received from Alice: discovery
2025-12-10 20:53:28,645 - David_5003 - DEBUG - Received from Alice: discovery
2025-12-10 20:53:29,259 - David_5003 - DEBUG - Received from Bob: discovery
2025-12-10 20:53:29,260 - David_5003 - DEBUG - Received from Bob: discovery
2025-12-10 20:53:29,875 - David_5003 - DEBUG - Received from Charlie: discovery
2025-12-10 20:53:29,876 - David_5003 - DEBUG - Received from Charlie: discovery
2025-12-10 20:53:30,265 - David_5003 - DEBUG - Received from Alice: discovery_response
2025-12-10 20:53:30,266 - David_5003 - DEBUG - Sent: discover
2025-12-10 20:53:30,268 - David_5003 - DEBUG - Received from Alice: discovery_response
2025-12-10 20:53:30,269 - David_5003 - DEBUG - Received from Bob: discovery_response
2025-12-10 20:53:30,269 - David_5003 - DEBUG - Received from Charlie: discovery_response
2025-12-10 20:53:30,270 - David_5003 - DEBUG - Received from Bob: discovery_response
2025-12-10 20:53:30,271 - David_5003 - DEBUG - Received from Charlie: discovery_response
2025-12-10 20:53:30,272 - David_5003 - DEBUG - Received from Alice: discovery_response
2025-12-10 20:53:30,273 - David_5003 - DEBUG - Received from Alice: discovery_response
2025-12-10 20:53:30,273 - David_5003 - DEBUG - Received from Charlie: discovery_response
2025-12-10 20:53:30,274 - David_5003 - DEBUG - Received from Charlie: discovery_response
2025-12-10 20:53:30,277 - David_5003 - DEBUG - Received from Bob: discovery_response
2025-12-10 20:53:30,278 - David_5003 - DEBUG - Received from Bob: discovery_response
2025-12-10 20:53:33,643 - David_5003 - DEBUG - Received from Alice: discovery
2025-12-10 20:53:33,645 - David_5003 - DEBUG - Received from Alice: discovery
2025-12-10 20:53:34,259 - David_5003 - DEBUG - Received from Bob: discovery
2025-12-10 20:53:34,260 - David_5003 - DEBUG - Received from Bob: discovery
2025-12-10 20:53:34,876 - David_5003 - DEBUG - Received from Charlie: discovery
2025-12-10 20:53:34,876 - David_5003 - DEBUG - Received from Charlie: discovery
2025-12-10 20:53:35,265 - David_5003 - DEBUG - Received from Bob: discovery_response
2025-12-10 20:53:35,266 - David_5003 - DEBUG - Sent: discover
2025-12-10 20:53:35,266 - David_5003 - DEBUG - Received from Alice: discovery_response
2025-12-10 20:53:35,267 - David_5003 - DEBUG - Received from Alice: discovery_response
2025-12-10 20:53:35,268 - David_5003 - DEBUG - Received from Bob: discovery_response
2025-12-10 20:53:35,269 - David_5003 - DEBUG - Received from Charlie: discovery_response
2025-12-10 20:53:35,270 - David_5003 - DEBUG - Received from Charlie: discovery_response
2025-12-10 20:53:35,270 - David_5003 - DEBUG - Received from Charlie: discovery_response
2025-12-10 20:53:35,270 - David_5003 - DEBUG - Received from Charlie: discovery_response
2025-12-10 20:53:35,273 - David_5003 - DEBUG - Received from Bob: discovery_response
2025-12-10 20:53:35,273 - David_5003 - DEBUG - Received from Alice: discovery_response
2025-12-10 20:53:35,274 - David_5003 - DEBUG - Received from Alice: discovery_response
2025-12-10 20:53:35,274 - David_5003 - DEBUG - Received from Bob: discovery_response
2025-12-10 20:53:38,643 - David_5003 - DEBUG - Received from Alice: discovery
2025-12-10 20:53:38,645 - David_5003 - DEBUG - Received from Alice: discovery
2025-12-10 20:53:39,260 - David_5003 - DEBUG - Received from Bob: discovery
2025-12-10 20:53:39,260 - David_5003 - DEBUG - Received from Bob: discovery
2025-12-10 20:53:39,876 - David_5003 - DEBUG - Received from Charlie: discovery
2025-12-10 20:53:39,877 - David_5003 - DEBUG - Received from Charlie: discovery
2025-12-10 20:53:40,265 - David_5003 - DEBUG - Received from Alice: discovery_response
2025-12-10 20:53:40,266 - David_5003 - DEBUG - Sent: discover
2025-12-10 20:53:40,266 - David_5003 - DEBUG - Received from Alice: discovery_response
2025-12-10 20:53:40,267 - David_5003 - DEBUG - Received from Charlie: discovery_response
2025-12-10 20:53:40,268 - David_5003 - DEBUG - Received from Bob: discovery_response
2025-12-10 20:53:40,269 - David_5003 - DEBUG - Received from Charlie: discovery_response
2025-12-10 20:53:40,270 - David_5003 - DEBUG - Received from Bob: discovery_response
2025-12-10 20:53:40,270 - David_5003 - DEBUG - Received from Charlie: discovery_response
2025-12-10 20:53:40,271 - David_5003 - DEBUG - Received from Charlie: discovery_response
2025-12-10 20:53:40,271 - David_5003 - DEBUG - Received from Alice: discovery_response
2025-12-10 20:53:40,272 - David_5003 - DEBUG - Received from Bob: discovery_response
2025-12-10 20:53:40,272 - David_5003 - DEBUG - Received from Alice: discovery_response
2025-12-10 20:53:40,273 - David_5003 - DEBUG - Received from Bob: discovery_response
2025-12-10 20:53:44,260 - David_5003 - DEBUG - Received from Bob: discovery
2025-12-10 20:53:44,261 - David_5003 - DEBUG - Received from Bob: discovery
2025-12-10 20:53:45,265 - David_5003 - DEBUG - Sent: discover
2025-12-10 20:53:47,020 - David_5003 - INFO - Closing application
2025-12-10 20:53:47,020 - David_5003 - INFO - Device discovery stopped
2025-12-10 20:53:47,020 - David_5003 - INFO - Network stopped
