2025-12-10 21:06:33,524 - Bob_5005 - INFO - Starting chat application for Bob on port 5005
2025-12-10 21:06:33,526 - Bob_5005 - INFO - Network started on port 5005
2025-12-10 21:06:33,527 - Bob_5005 - INFO - Device discovery started
2025-12-10 21:06:33,527 - Bob_5005 - DEBUG - Sent: discover
2025-12-10 21:06:33,528 - Bob_5005 - DEBUG - Received from Alice: discovery_response
2025-12-10 21:06:33,528 - Bob_5005 - INFO - Device found: Alice
2025-12-10 21:06:34,361 - Bob_5005 - DEBUG - Received from Charlie: discovery
2025-12-10 21:06:34,361 - Bob_5005 - INFO - Device found: Charlie
2025-12-10 21:06:35,357 - Bob_5005 - DEBUG - Received from David: discovery
2025-12-10 21:06:35,359 - Bob_5005 - INFO - Device found: David
2025-12-10 21:06:37,740 - Bob_5005 - DEBUG - Received from Alice: discovery
2025-12-10 21:06:38,527 - Bob_5005 - DEBUG - Sent: discover
2025-12-10 21:06:38,527 - Bob_5005 - DEBUG - Received from Alice: discovery_response
2025-12-10 21:06:39,360 - Bob_5005 - DEBUG - Received from Charlie: discovery
2025-12-10 21:06:40,359 - Bob_5005 - DEBUG - Received from David: discovery
2025-12-10 21:06:42,741 - Bob_5005 - DEBUG - Received from Alice: discovery
2025-12-10 21:06:43,527 - Bob_5005 - DEBUG - Sent: discover
2025-12-10 21:06:43,527 - Bob_5005 - DEBUG - Received from Alice: discovery_response
2025-12-10 21:06:44,361 - Bob_5005 - DEBUG - Received from Charlie: discovery
2025-12-10 21:06:45,359 - Bob_5005 - DEBUG - Received from David: discovery
2025-12-10 21:06:47,742 - Bob_5005 - DEBUG - Received from Alice: discovery
2025-12-10 21:06:48,528 - Bob_5005 - DEBUG - Sent: discover
2025-12-10 21:06:48,528 - Bob_5005 - DEBUG - Received from Alice: discovery_response
2025-12-10 21:06:49,362 - Bob_5005 - DEBUG - Received from Charlie: discovery
2025-12-10 21:06:50,359 - Bob_5005 - DEBUG - Received from David: discovery
2025-12-10 21:06:52,742 - Bob_5005 - DEBUG - Received from Alice: discovery
2025-12-10 21:06:53,528 - Bob_5005 - DEBUG - Sent: discover
2025-12-10 21:06:53,528 - Bob_5005 - DEBUG - Received from Alice: discovery_response
2025-12-10 21:06:54,362 - Bob_5005 - DEBUG - Received from Charlie: discovery
2025-12-10 21:06:55,360 - Bob_5005 - DEBUG - Received from David: discovery
2025-12-10 21:06:57,742 - Bob_5005 - DEBUG - Received from Alice: discovery
2025-12-10 21:06:58,529 - Bob_5005 - DEBUG - Sent: discover
2025-12-10 21:06:58,529 - Bob_5005 - DEBUG - Received from Alice: discovery_response
2025-12-10 21:06:59,363 - Bob_5005 - DEBUG - Received from Charlie: discovery
2025-12-10 21:07:00,360 - Bob_5005 - DEBUG - Received from David: discovery
2025-12-10 21:07:02,743 - Bob_5005 - DEBUG - Received from Alice: discovery
2025-12-10 21:07:03,529 - Bob_5005 - DEBUG - Sent: discover
2025-12-10 21:07:03,529 - Bob_5005 - DEBUG - Received from Alice: discovery_response
2025-12-10 21:07:04,363 - Bob_5005 - DEBUG - Received from Charlie: discovery
2025-12-10 21:07:05,361 - Bob_5005 - DEBUG - Received from David: discovery
2025-12-10 21:07:07,743 - Bob_5005 - DEBUG - Received from Alice: discovery
2025-12-10 21:07:08,529 - Bob_5005 - DEBUG - Sent: discover
2025-12-10 21:07:08,529 - Bob_5005 - DEBUG - Received from Alice: discovery_response
2025-12-10 21:07:09,363 - Bob_5005 - DEBUG - Received from Charlie: discovery
2025-12-10 21:07:10,361 - Bob_5005 - DEBUG - Received from David: discovery
2025-12-10 21:07:12,745 - Bob_5005 - DEBUG - Received from Alice: discovery
2025-12-10 21:07:13,529 - Bob_5005 - DEBUG - Sent: discover
2025-12-10 21:07:13,530 - Bob_5005 - DEBUG - Received from Alice: discovery_response
2025-12-10 21:07:14,364 - Bob_5005 - DEBUG - Received from Charlie: discovery
2025-12-10 21:07:15,361 - Bob_5005 - DEBUG - Received from David: discovery
2025-12-10 21:07:17,744 - Bob_5005 - DEBUG - Received from Alice: discovery
2025-12-10 21:07:18,530 - Bob_5005 - DEBUG - Sent: discover
2025-12-10 21:07:18,530 - Bob_5005 - DEBUG - Received from Alice: discovery_response
2025-12-10 21:07:19,364 - Bob_5005 - DEBUG - Received from Charlie: discovery
2025-12-10 21:07:20,362 - Bob_5005 - DEBUG - Received from David: discovery
2025-12-10 21:07:22,744 - Bob_5005 - DEBUG - Received from Alice: discovery
2025-12-10 21:07:23,530 - Bob_5005 - DEBUG - Sent: discover
2025-12-10 21:07:23,530 - Bob_5005 - DEBUG - Received from Alice: discovery_response
2025-12-10 21:07:24,365 - Bob_5005 - DEBUG - Received from Charlie: discovery
2025-12-10 21:07:25,362 - Bob_5005 - DEBUG - Received from David: discovery
2025-12-10 21:07:27,745 - Bob_5005 - DEBUG - Received from Alice: discovery
2025-12-10 21:07:28,531 - Bob_5005 - DEBUG - Sent: discover
2025-12-10 21:07:28,532 - Bob_5005 - DEBUG - Received from Alice: discovery_response
2025-12-10 21:07:29,366 - Bob_5005 - DEBUG - Received from Charlie: discovery
2025-12-10 21:07:29,703 - Bob_5005 - DEBUG - Received from Alice: private_message
2025-12-10 21:07:30,363 - Bob_5005 - DEBUG - Received from David: discovery
2025-12-10 21:07:32,745 - Bob_5005 - DEBUG - Received from Alice: discovery
2025-12-10 21:07:33,532 - Bob_5005 - DEBUG - Sent: discover
2025-12-10 21:07:33,532 - Bob_5005 - DEBUG - Received from Alice: discovery_response
2025-12-10 21:07:34,366 - Bob_5005 - DEBUG - Received from Charlie: discovery
2025-12-10 21:07:35,364 - Bob_5005 - DEBUG - Received from David: discovery
2025-12-10 21:07:37,746 - Bob_5005 - DEBUG - Received from Alice: discovery
2025-12-10 21:07:38,532 - Bob_5005 - DEBUG - Sent: discover
2025-12-10 21:07:38,532 - Bob_5005 - DEBUG - Received from Alice: discovery_response
2025-12-10 21:07:39,366 - Bob_5005 - DEBUG - Received from Charlie: discovery
2025-12-10 21:07:40,364 - Bob_5005 - DEBUG - Received from David: discovery
2025-12-10 21:07:42,746 - Bob_5005 - DEBUG - Received from Alice: discovery
2025-12-10 21:07:43,532 - Bob_5005 - DEBUG - Sent: discover
2025-12-10 21:07:43,533 - Bob_5005 - DEBUG - Received from Alice: discovery_response
2025-12-10 21:07:44,367 - Bob_5005 - DEBUG - Received from Charlie: discovery
2025-12-10 21:07:45,365 - Bob_5005 - DEBUG - Received from David: discovery
2025-12-10 21:07:47,746 - Bob_5005 - DEBUG - Received from Alice: discovery
2025-12-10 21:07:48,533 - Bob_5005 - DEBUG - Sent: discover
2025-12-10 21:07:48,533 - Bob_5005 - DEBUG - Received from Alice: discovery_response
2025-12-10 21:07:49,367 - Bob_5005 - DEBUG - Received from Charlie: discovery
2025-12-10 21:07:50,365 - Bob_5005 - DEBUG - Received from David: discovery
2025-12-10 21:07:52,747 - Bob_5005 - DEBUG - Received from Alice: discovery
2025-12-10 21:07:53,533 - Bob_5005 - DEBUG - Sent: discover
2025-12-10 21:07:53,533 - Bob_5005 - DEBUG - Received from Alice: discovery_response
2025-12-10 21:07:54,368 - Bob_5005 - DEBUG - Received from Charlie: discovery
2025-12-10 21:07:55,366 - Bob_5005 - DEBUG - Received from David: discovery
2025-12-10 21:07:57,747 - Bob_5005 - DEBUG - Received from Alice: discovery
2025-12-10 21:07:58,534 - Bob_5005 - DEBUG - Sent: discover
2025-12-10 21:07:58,534 - Bob_5005 - DEBUG - Received from Alice: discovery_response
2025-12-10 21:07:59,368 - Bob_5005 - DEBUG - Received from Charlie: discovery
2025-12-10 21:08:00,366 - Bob_5005 - DEBUG - Received from David: discovery
2025-12-10 21:08:02,747 - Bob_5005 - DEBUG - Received from Alice: discovery
2025-12-10 21:08:03,534 - Bob_5005 - DEBUG - Sent: discover
2025-12-10 21:08:03,534 - Bob_5005 - DEBUG - Received from Alice: discovery_response
