2025-12-10 21:28:25,299 - Alice_5000 - INFO - Starting chat application for Alice on port 5000
2025-12-10 21:28:25,301 - Alice_5000 - INFO - Network started on port 5000
2025-12-10 21:28:25,302 - Alice_5000 - INFO - Device discovery started
2025-12-10 21:28:26,305 - Alice_5000 - DEBUG - Received from Charlie: discovery
2025-12-10 21:28:26,306 - Alice_5000 - INFO - Device found: Charlie
2025-12-10 21:28:26,306 - Alice_5000 - DEBUG - Received from Bob: discovery
2025-12-10 21:28:26,306 - Alice_5000 - INFO - Device found: Bob
2025-12-10 21:28:26,412 - Alice_5000 - DEBUG - Received from Charlie: discovery_response
2025-12-10 21:28:26,412 - Alice_5000 - DEBUG - Received from Bob: discovery_response
2025-12-10 21:28:39,166 - Alice_5000 - DEBUG - Received from Charlie: discovery
2025-12-10 21:28:41,305 - Alice_5000 - DEBUG - Received from Bob: discovery
2025-12-10 21:28:41,306 - Alice_5000 - DEBUG - Received from Charlie: discovery
2025-12-10 21:28:41,404 - Alice_5000 - DEBUG - Received from Bob: discovery_response
2025-12-10 21:28:41,404 - Alice_5000 - DEBUG - Received from Charlie: discovery_response
2025-12-10 21:28:47,234 - Alice_5000 - DEBUG - Received from Charlie: private_message
2025-12-10 21:28:56,306 - Alice_5000 - DEBUG - Received from Bob: discovery
2025-12-10 21:28:56,306 - Alice_5000 - DEBUG - Received from Charlie: discovery
2025-12-10 21:28:56,413 - Alice_5000 - DEBUG - Received from Bob: discovery_response
2025-12-10 21:28:56,413 - Alice_5000 - DEBUG - Received from Charlie: discovery_response
2025-12-10 21:28:56,987 - Alice_5000 - DEBUG - Private to Charlie_5002: 1341
2025-12-10 21:29:11,306 - Alice_5000 - DEBUG - Received from Bob: discovery
2025-12-10 21:29:11,306 - Alice_5000 - DEBUG - Received from Charlie: discovery
2025-12-10 21:29:11,418 - Alice_5000 - DEBUG - Received from Charlie: discovery_response
2025-12-10 21:29:11,418 - Alice_5000 - DEBUG - Received from Bob: discovery_response
2025-12-10 21:29:15,086 - Alice_5000 - INFO - Closing application
