2025-12-10 21:06:32,736 - Alice_5000 - INFO - Starting chat application for Alice on port 5000
2025-12-10 21:06:32,739 - Alice_5000 - INFO - Network started on port 5000
2025-12-10 21:06:32,740 - Alice_5000 - INFO - Device discovery started
2025-12-10 21:06:32,740 - Alice_5000 - DEBUG - Sent: discover
2025-12-10 21:06:33,527 - Alice_5000 - DEBUG - Received from Bob: discovery
2025-12-10 21:06:33,527 - Alice_5000 - INFO - Device found: Bob
2025-12-10 21:06:34,360 - Alice_5000 - DEBUG - Received from Charlie: discovery
2025-12-10 21:06:34,361 - Alice_5000 - INFO - Device found: Charlie
2025-12-10 21:06:35,357 - Alice_5000 - DEBUG - Received from David: discovery
2025-12-10 21:06:35,359 - Alice_5000 - INFO - Device found: David
2025-12-10 21:06:37,740 - Alice_5000 - DEBUG - Sent: discover
2025-12-10 21:06:37,740 - Alice_5000 - DEBUG - Received from Bob: discovery_response
2025-12-10 21:06:38,527 - Alice_5000 - DEBUG - Received from Bob: discovery
2025-12-10 21:06:39,360 - Alice_5000 - DEBUG - Received from Charlie: discovery
2025-12-10 21:06:40,358 - Alice_5000 - DEBUG - Received from David: discovery
2025-12-10 21:06:42,741 - Alice_5000 - DEBUG - Sent: discover
2025-12-10 21:06:42,741 - Alice_5000 - DEBUG - Received from Bob: discovery_response
2025-12-10 21:06:43,527 - Alice_5000 - DEBUG - Received from Bob: discovery
2025-12-10 21:06:44,361 - Alice_5000 - DEBUG - Received from Charlie: discovery
2025-12-10 21:06:45,359 - Alice_5000 - DEBUG - Received from David: discovery
2025-12-10 21:06:47,741 - Alice_5000 - DEBUG - Sent: discover
2025-12-10 21:06:47,742 - Alice_5000 - DEBUG - Received from Bob: discovery_response
2025-12-10 21:06:48,528 - Alice_5000 - DEBUG - Received from Bob: discovery
2025-12-10 21:06:49,362 - Alice_5000 - DEBUG - Received from Charlie: discovery
2025-12-10 21:06:50,359 - Alice_5000 - DEBUG - Received from David: discovery
2025-12-10 21:06:52,742 - Alice_5000 - DEBUG - Sent: discover
2025-12-10 21:06:52,742 - Alice_5000 - DEBUG - Received from Bob: discovery_response
2025-12-10 21:06:53,528 - Alice_5000 - DEBUG - Received from Bob: discovery
2025-12-10 21:06:54,362 - Alice_5000 - DEBUG - Received from Charlie: discovery
2025-12-10 21:06:55,360 - Alice_5000 - DEBUG - Received from David: discovery
2025-12-10 21:06:57,742 - Alice_5000 - DEBUG - Sent: discover
2025-12-10 21:06:57,742 - Alice_5000 - DEBUG - Received from Bob: discovery_response
2025-12-10 21:06:58,529 - Alice_5000 - DEBUG - Received from Bob: discovery
2025-12-10 21:06:59,363 - Alice_5000 - DEBUG - Received from Charlie: discovery
2025-12-10 21:07:00,360 - Alice_5000 - DEBUG - Received from David: discovery
2025-12-10 21:07:02,743 - Alice_5000 - DEBUG - Sent: discover
2025-12-10 21:07:02,743 - Alice_5000 - DEBUG - Received from Bob: discovery_response
2025-12-10 21:07:03,529 - Alice_5000 - DEBUG - Received from Bob: discovery
2025-12-10 21:07:04,363 - Alice_5000 - DEBUG - Received from Charlie: discovery
2025-12-10 21:07:05,361 - Alice_5000 - DEBUG - Received from David: discovery
2025-12-10 21:07:07,743 - Alice_5000 - DEBUG - Sent: discover
2025-12-10 21:07:07,743 - Alice_5000 - DEBUG - Received from Bob: discovery_response
2025-12-10 21:07:08,529 - Alice_5000 - DEBUG - Received from Bob: discovery
2025-12-10 21:07:09,363 - Alice_5000 - DEBUG - Received from Charlie: discovery
2025-12-10 21:07:10,361 - Alice_5000 - DEBUG - Received from David: discovery
2025-12-10 21:07:12,745 - Alice_5000 - DEBUG - Sent: discover
2025-12-10 21:07:12,745 - Alice_5000 - DEBUG - Received from Bob: discovery_response
2025-12-10 21:07:13,530 - Alice_5000 - DEBUG - Received from Bob: discovery
2025-12-10 21:07:14,364 - Alice_5000 - DEBUG - Received from Charlie: discovery
2025-12-10 21:07:15,361 - Alice_5000 - DEBUG - Received from David: discovery
2025-12-10 21:07:17,744 - Alice_5000 - DEBUG - Sent: discover
2025-12-10 21:07:17,744 - Alice_5000 - DEBUG - Received from Bob: discovery_response
2025-12-10 21:07:18,530 - Alice_5000 - DEBUG - Received from Bob: discovery
2025-12-10 21:07:19,364 - Alice_5000 - DEBUG - Received from Charlie: discovery
2025-12-10 21:07:20,362 - Alice_5000 - DEBUG - Received from David: discovery
2025-12-10 21:07:22,744 - Alice_5000 - DEBUG - Sent: discover
2025-12-10 21:07:22,744 - Alice_5000 - DEBUG - Received from Bob: discovery_response
2025-12-10 21:07:23,530 - Alice_5000 - DEBUG - Received from Bob: discovery
2025-12-10 21:07:24,365 - Alice_5000 - DEBUG - Received from Charlie: discovery
2025-12-10 21:07:25,362 - Alice_5000 - DEBUG - Received from David: discovery
2025-12-10 21:07:27,745 - Alice_5000 - DEBUG - Sent: discover
2025-12-10 21:07:27,745 - Alice_5000 - DEBUG - Received from Bob: discovery_response
2025-12-10 21:07:28,531 - Alice_5000 - DEBUG - Received from Bob: discovery
2025-12-10 21:07:29,366 - Alice_5000 - DEBUG - Received from Charlie: discovery
2025-12-10 21:07:29,703 - Alice_5000 - DEBUG - Private to Bob_5005: 123
2025-12-10 21:07:30,363 - Alice_5000 - DEBUG - Received from David: discovery
2025-12-10 21:07:32,745 - Alice_5000 - DEBUG - Sent: discover
2025-12-10 21:07:32,745 - Alice_5000 - DEBUG - Received from Bob: discovery_response
2025-12-10 21:07:33,532 - Alice_5000 - DEBUG - Received from Bob: discovery
2025-12-10 21:07:34,366 - Alice_5000 - DEBUG - Received from Charlie: discovery
2025-12-10 21:07:35,364 - Alice_5000 - DEBUG - Received from David: discovery
2025-12-10 21:07:37,746 - Alice_5000 - DEBUG - Sent: discover
2025-12-10 21:07:37,746 - Alice_5000 - DEBUG - Received from Bob: discovery_response
2025-12-10 21:07:38,532 - Alice_5000 - DEBUG - Received from Bob: discovery
2025-12-10 21:07:39,366 - Alice_5000 - DEBUG - Received from Charlie: discovery
2025-12-10 21:07:40,364 - Alice_5000 - DEBUG - Received from David: discovery
2025-12-10 21:07:42,746 - Alice_5000 - DEBUG - Sent: discover
2025-12-10 21:07:42,746 - Alice_5000 - DEBUG - Received from Bob: discovery_response
2025-12-10 21:07:43,532 - Alice_5000 - DEBUG - Received from Bob: discovery
2025-12-10 21:07:44,367 - Alice_5000 - DEBUG - Received from Charlie: discovery
2025-12-10 21:07:45,365 - Alice_5000 - DEBUG - Received from David: discovery
2025-12-10 21:07:47,746 - Alice_5000 - DEBUG - Sent: discover
2025-12-10 21:07:47,746 - Alice_5000 - DEBUG - Received from Bob: discovery_response
2025-12-10 21:07:48,533 - Alice_5000 - DEBUG - Received from Bob: discovery
2025-12-10 21:07:49,367 - Alice_5000 - DEBUG - Received from Charlie: discovery
2025-12-10 21:07:50,365 - Alice_5000 - DEBUG - Received from David: discovery
2025-12-10 21:07:52,747 - Alice_5000 - DEBUG - Sent: discover
2025-12-10 21:07:52,747 - Alice_5000 - DEBUG - Received from Bob: discovery_response
2025-12-10 21:07:53,533 - Alice_5000 - DEBUG - Received from Bob: discovery
2025-12-10 21:07:54,368 - Alice_5000 - DEBUG - Received from Charlie: discovery
2025-12-10 21:07:55,366 - Alice_5000 - DEBUG - Received from David: discovery
2025-12-10 21:07:57,747 - Alice_5000 - DEBUG - Sent: discover
2025-12-10 21:07:57,747 - Alice_5000 - DEBUG - Received from Bob: discovery_response
2025-12-10 21:07:58,534 - Alice_5000 - DEBUG - Received from Bob: discovery
2025-12-10 21:07:59,368 - Alice_5000 - DEBUG - Received from Charlie: discovery
2025-12-10 21:08:00,366 - Alice_5000 - DEBUG - Received from David: discovery
2025-12-10 21:08:02,747 - Alice_5000 - DEBUG - Sent: discover
2025-12-10 21:08:02,747 - Alice_5000 - DEBUG - Received from Bob: discovery_response
2025-12-10 21:08:03,534 - Alice_5000 - DEBUG - Received from Bob: discovery
