2025-12-10 21:29:31,259 - Charlie_5002 - INFO - Starting chat application for Charlie on port 5002
2025-12-10 21:29:31,262 - Charlie_5002 - INFO - Network started on port 5002
2025-12-10 21:29:31,262 - Charlie_5002 - INFO - Device discovery started
2025-12-10 21:29:32,372 - Charlie_5002 - DEBUG - Received from Alice: discovery_response
2025-12-10 21:29:32,373 - Charlie_5002 - INFO - Device found: Alice
2025-12-10 21:29:32,388 - Charlie_5002 - DEBUG - Received from Bob: discovery_response
2025-12-10 21:29:32,388 - Charlie_5002 - INFO - Device found: Bob
2025-12-10 21:29:34,366 - Charlie_5002 - DEBUG - Received from Diana: discovery
2025-12-10 21:29:34,366 - Charlie_5002 - INFO - Device found: Diana
2025-12-10 21:29:43,211 - Charlie_5002 - DEBUG - Received from Alice: discovery
2025-12-10 21:29:45,224 - Charlie_5002 - DEBUG - Received from Bob: discovery
2025-12-10 21:29:47,371 - Charlie_5002 - DEBUG - Received from Bob: discovery_response
2025-12-10 21:29:47,371 - Charlie_5002 - DEBUG - Received from Diana: discovery_response
2025-12-10 21:29:47,372 - Charlie_5002 - DEBUG - Received from Alice: discovery_response
2025-12-10 21:29:49,366 - Charlie_5002 - DEBUG - Received from Diana: discovery
2025-12-10 21:29:58,212 - Charlie_5002 - DEBUG - Received from Alice: discovery
2025-12-10 21:30:00,225 - Charlie_5002 - DEBUG - Received from Bob: discovery
2025-12-10 21:30:02,366 - Charlie_5002 - DEBUG - Received from Bob: discovery_response
2025-12-10 21:30:02,366 - Charlie_5002 - DEBUG - Received from Alice: discovery_response
2025-12-10 21:30:02,366 - Charlie_5002 - DEBUG - Received from Diana: discovery_response
2025-12-10 21:30:04,366 - Charlie_5002 - DEBUG - Received from Diana: discovery
2025-12-10 21:30:07,528 - Charlie_5002 - DEBUG - Received from Bob: text
2025-12-10 21:30:13,213 - Charlie_5002 - DEBUG - Received from Alice: discovery
2025-12-10 21:30:15,225 - Charlie_5002 - DEBUG - Received from Bob: discovery
2025-12-10 21:30:17,378 - Charlie_5002 - DEBUG - Received from Alice: discovery_response
2025-12-10 21:30:17,378 - Charlie_5002 - DEBUG - Received from Bob: discovery_response
2025-12-10 21:30:17,378 - Charlie_5002 - DEBUG - Received from Diana: discovery_response
2025-12-10 21:30:19,367 - Charlie_5002 - DEBUG - Received from Diana: discovery
2025-12-10 21:30:28,213 - Charlie_5002 - DEBUG - Received from Alice: discovery
2025-12-10 21:30:30,226 - Charlie_5002 - DEBUG - Received from Bob: discovery
2025-12-10 21:30:32,371 - Charlie_5002 - DEBUG - Received from Alice: discovery_response
2025-12-10 21:30:32,372 - Charlie_5002 - DEBUG - Received from Diana: discovery_response
2025-12-10 21:30:32,372 - Charlie_5002 - DEBUG - Received from Bob: discovery_response
2025-12-10 21:30:34,367 - Charlie_5002 - DEBUG - Received from Diana: discovery
2025-12-10 21:30:39,355 - Charlie_5002 - DEBUG - Received from Alice: group_create
2025-12-10 21:30:39,355 - Charlie_5002 - INFO - Joined group: test
2025-12-10 21:30:43,213 - Charlie_5002 - DEBUG - Received from Alice: discovery
2025-12-10 21:30:45,226 - Charlie_5002 - DEBUG - Received from Bob: discovery
2025-12-10 21:30:47,373 - Charlie_5002 - DEBUG - Received from Bob: discovery_response
2025-12-10 21:30:47,373 - Charlie_5002 - DEBUG - Received from Diana: discovery_response
2025-12-10 21:30:47,373 - Charlie_5002 - DEBUG - Received from Alice: discovery_response
2025-12-10 21:30:49,367 - Charlie_5002 - DEBUG - Received from Diana: discovery
2025-12-10 21:30:58,214 - Charlie_5002 - DEBUG - Received from Alice: discovery
2025-12-10 21:31:00,227 - Charlie_5002 - DEBUG - Received from Bob: discovery
2025-12-10 21:31:02,368 - Charlie_5002 - DEBUG - Received from Bob: discovery_response
2025-12-10 21:31:02,368 - Charlie_5002 - DEBUG - Received from Alice: discovery_response
2025-12-10 21:31:02,368 - Charlie_5002 - DEBUG - Received from Diana: discovery_response
2025-12-10 21:31:04,368 - Charlie_5002 - DEBUG - Received from Diana: discovery
2025-12-10 21:31:13,214 - Charlie_5002 - DEBUG - Received from Alice: discovery
2025-12-10 21:31:14,056 - Charlie_5002 - DEBUG - Group a6376dd1: 12341234
2025-12-10 21:31:15,227 - Charlie_5002 - DEBUG - Received from Bob: discovery
2025-12-10 21:31:17,380 - Charlie_5002 - DEBUG - Received from Bob: discovery_response
2025-12-10 21:31:17,380 - Charlie_5002 - DEBUG - Received from Alice: discovery_response
2025-12-10 21:31:17,380 - Charlie_5002 - DEBUG - Received from Diana: discovery_response
2025-12-10 21:31:19,368 - Charlie_5002 - DEBUG - Received from Diana: discovery
2025-12-10 21:31:28,215 - Charlie_5002 - DEBUG - Received from Alice: discovery
2025-12-10 21:31:30,227 - Charlie_5002 - DEBUG - Received from Bob: discovery
2025-12-10 21:31:32,150 - Charlie_5002 - DEBUG - Received from Bob: group_create
2025-12-10 21:31:32,150 - Charlie_5002 - INFO - Joined group: test2
2025-12-10 21:31:32,380 - Charlie_5002 - DEBUG - Received from Alice: discovery_response
2025-12-10 21:31:32,380 - Charlie_5002 - DEBUG - Received from Diana: discovery_response
2025-12-10 21:31:32,380 - Charlie_5002 - DEBUG - Received from Bob: discovery_response
2025-12-10 21:31:34,368 - Charlie_5002 - DEBUG - Received from Diana: discovery
2025-12-10 21:31:43,215 - Charlie_5002 - DEBUG - Received from Alice: discovery
2025-12-10 21:31:45,228 - Charlie_5002 - DEBUG - Received from Bob: discovery
2025-12-10 21:31:45,555 - Charlie_5002 - DEBUG - Received from Bob: group_message
2025-12-10 21:31:47,380 - Charlie_5002 - DEBUG - Received from Diana: discovery_response
2025-12-10 21:31:47,380 - Charlie_5002 - DEBUG - Received from Bob: discovery_response
2025-12-10 21:31:47,380 - Charlie_5002 - DEBUG - Received from Alice: discovery_response
2025-12-10 21:31:49,369 - Charlie_5002 - DEBUG - Received from Diana: discovery
2025-12-10 21:31:54,821 - Charlie_5002 - DEBUG - Group acd9c9c4: 1234123
2025-12-10 21:31:58,216 - Charlie_5002 - DEBUG - Received from Alice: discovery
2025-12-10 21:32:00,228 - Charlie_5002 - DEBUG - Received from Bob: discovery
2025-12-10 21:32:02,380 - Charlie_5002 - DEBUG - Received from Bob: discovery_response
2025-12-10 21:32:02,380 - Charlie_5002 - DEBUG - Received from Diana: discovery_response
2025-12-10 21:32:02,380 - Charlie_5002 - DEBUG - Received from Alice: discovery_response
2025-12-10 21:32:04,369 - Charlie_5002 - DEBUG - Received from Diana: discovery
2025-12-10 21:32:06,688 - Charlie_5002 - INFO - Closing application
