2025-12-10 20:51:59,248 - Bob_5001 - INFO - Starting chat application for Bob on port 5001
2025-12-10 20:51:59,250 - Bob_5001 - INFO - Network started on port 5001
2025-12-10 20:51:59,251 - Bob_5001 - INFO - Device discovery started
2025-12-10 20:51:59,252 - Bob_5001 - DEBUG - Received from Alice: discovery_response
2025-12-10 20:51:59,252 - Bob_5001 - INFO - Device found: Alice
2025-12-10 20:51:59,252 - Bob_5001 - DEBUG - Sent: discover
2025-12-10 20:51:59,300 - Bob_5001 - DEBUG - Received from Alice: discovery_response
2025-12-10 20:51:59,302 - Bob_5001 - DEBUG - Received from Alice: discovery_response
2025-12-10 20:51:59,303 - Bob_5001 - DEBUG - Received from Alice: discovery_response
2025-12-10 20:51:59,867 - Bob_5001 - DEBUG - Received from Charlie: discovery
2025-12-10 20:51:59,867 - Bob_5001 - INFO - Device found: Charlie
2025-12-10 20:51:59,869 - Bob_5001 - DEBUG - Received from Charlie: discovery
2025-12-10 20:52:00,257 - Bob_5001 - DEBUG - Received from David: discovery
2025-12-10 20:52:00,257 - Bob_5001 - INFO - Device found: David
2025-12-10 20:52:00,260 - Bob_5001 - DEBUG - Received from David: discovery
2025-12-10 20:52:03,634 - Bob_5001 - DEBUG - Received from Alice: discovery
2025-12-10 20:52:03,635 - Bob_5001 - DEBUG - Received from Alice: discovery
2025-12-10 20:52:04,252 - Bob_5001 - DEBUG - Received from Alice: discovery_response
2025-12-10 20:52:04,253 - Bob_5001 - DEBUG - Received from Alice: discovery_response
2025-12-10 20:52:04,253 - Bob_5001 - DEBUG - Sent: discover
2025-12-10 20:52:04,255 - Bob_5001 - DEBUG - Received from Charlie: discovery_response
2025-12-10 20:52:04,256 - Bob_5001 - DEBUG - Received from David: discovery_response
2025-12-10 20:52:04,256 - Bob_5001 - DEBUG - Received from Charlie: discovery_response
2025-12-10 20:52:04,257 - Bob_5001 - DEBUG - Received from David: discovery_response
2025-12-10 20:52:04,257 - Bob_5001 - DEBUG - Received from Alice: discovery_response
2025-12-10 20:52:04,258 - Bob_5001 - DEBUG - Received from Alice: discovery_response
2025-12-10 20:52:04,258 - Bob_5001 - DEBUG - Received from Charlie: discovery_response
2025-12-10 20:52:04,259 - Bob_5001 - DEBUG - Received from Charlie: discovery_response
2025-12-10 20:52:04,260 - Bob_5001 - DEBUG - Received from David: discovery_response
2025-12-10 20:52:04,260 - Bob_5001 - DEBUG - Received from David: discovery_response
2025-12-10 20:52:04,867 - Bob_5001 - DEBUG - Received from Charlie: discovery
2025-12-10 20:52:04,868 - Bob_5001 - DEBUG - Received from Charlie: discovery
2025-12-10 20:52:05,257 - Bob_5001 - DEBUG - Received from David: discovery
2025-12-10 20:52:05,257 - Bob_5001 - DEBUG - Received from David: discovery
2025-12-10 20:52:08,634 - Bob_5001 - DEBUG - Received from Alice: discovery
2025-12-10 20:52:08,635 - Bob_5001 - DEBUG - Received from Alice: discovery
2025-12-10 20:52:09,252 - Bob_5001 - DEBUG - Sent: discover
2025-12-10 20:52:09,253 - Bob_5001 - DEBUG - Received from Alice: discovery_response
2025-12-10 20:52:09,253 - Bob_5001 - DEBUG - Received from Charlie: discovery_response
2025-12-10 20:52:09,257 - Bob_5001 - DEBUG - Received from Alice: discovery_response
2025-12-10 20:52:09,257 - Bob_5001 - DEBUG - Received from David: discovery_response
2025-12-10 20:52:09,259 - Bob_5001 - DEBUG - Received from Charlie: discovery_response
2025-12-10 20:52:09,259 - Bob_5001 - DEBUG - Received from David: discovery_response
2025-12-10 20:52:09,260 - Bob_5001 - DEBUG - Received from Alice: discovery_response
2025-12-10 20:52:09,260 - Bob_5001 - DEBUG - Received from Alice: discovery_response
2025-12-10 20:52:09,260 - Bob_5001 - DEBUG - Received from Charlie: discovery_response
2025-12-10 20:52:09,261 - Bob_5001 - DEBUG - Received from Charlie: discovery_response
2025-12-10 20:52:09,261 - Bob_5001 - DEBUG - Received from David: discovery_response
2025-12-10 20:52:09,262 - Bob_5001 - DEBUG - Received from David: discovery_response
2025-12-10 20:52:09,867 - Bob_5001 - DEBUG - Received from Charlie: discovery
2025-12-10 20:52:09,867 - Bob_5001 - DEBUG - Received from Charlie: discovery
2025-12-10 20:52:10,258 - Bob_5001 - DEBUG - Received from David: discovery
2025-12-10 20:52:10,259 - Bob_5001 - DEBUG - Received from David: discovery
2025-12-10 20:52:13,635 - Bob_5001 - DEBUG - Received from Alice: discovery
2025-12-10 20:52:13,637 - Bob_5001 - DEBUG - Received from Alice: discovery
2025-12-10 20:52:14,253 - Bob_5001 - DEBUG - Received from Alice: discovery_response
2025-12-10 20:52:14,253 - Bob_5001 - DEBUG - Sent: discover
2025-12-10 20:52:14,254 - Bob_5001 - DEBUG - Received from Alice: discovery_response
2025-12-10 20:52:14,255 - Bob_5001 - DEBUG - Received from Charlie: discovery_response
2025-12-10 20:52:14,256 - Bob_5001 - DEBUG - Received from David: discovery_response
2025-12-10 20:52:14,257 - Bob_5001 - DEBUG - Received from Charlie: discovery_response
2025-12-10 20:52:14,257 - Bob_5001 - DEBUG - Received from David: discovery_response
2025-12-10 20:52:14,258 - Bob_5001 - DEBUG - Received from Alice: discovery_response
2025-12-10 20:52:14,258 - Bob_5001 - DEBUG - Received from Alice: discovery_response
2025-12-10 20:52:14,259 - Bob_5001 - DEBUG - Received from Charlie: discovery_response
2025-12-10 20:52:14,259 - Bob_5001 - DEBUG - Received from David: discovery_response
2025-12-10 20:52:14,260 - Bob_5001 - DEBUG - Received from Charlie: discovery_response
2025-12-10 20:52:14,260 - Bob_5001 - DEBUG - Received from David: discovery_response
2025-12-10 20:52:14,868 - Bob_5001 - DEBUG - Received from Charlie: discovery
2025-12-10 20:52:14,869 - Bob_5001 - DEBUG - Received from Charlie: discovery
2025-12-10 20:52:15,259 - Bob_5001 - DEBUG - Received from David: discovery
2025-12-10 20:52:15,260 - Bob_5001 - DEBUG - Received from David: discovery
2025-12-10 20:52:18,635 - Bob_5001 - DEBUG - Received from Alice: discovery
2025-12-10 20:52:18,637 - Bob_5001 - DEBUG - Received from Alice: discovery
2025-12-10 20:52:19,254 - Bob_5001 - DEBUG - Received from Alice: discovery_response
2025-12-10 20:52:19,254 - Bob_5001 - DEBUG - Sent: discover
2025-12-10 20:52:19,255 - Bob_5001 - DEBUG - Received from Alice: discovery_response
2025-12-10 20:52:19,257 - Bob_5001 - DEBUG - Received from Charlie: discovery_response
2025-12-10 20:52:19,258 - Bob_5001 - DEBUG - Received from David: discovery_response
2025-12-10 20:52:19,258 - Bob_5001 - DEBUG - Received from Charlie: discovery_response
2025-12-10 20:52:19,259 - Bob_5001 - DEBUG - Received from David: discovery_response
2025-12-10 20:52:19,259 - Bob_5001 - DEBUG - Received from Alice: discovery_response
2025-12-10 20:52:19,260 - Bob_5001 - DEBUG - Received from Alice: discovery_response
2025-12-10 20:52:19,260 - Bob_5001 - DEBUG - Received from Charlie: discovery_response
2025-12-10 20:52:19,261 - Bob_5001 - DEBUG - Received from Charlie: discovery_response
2025-12-10 20:52:19,261 - Bob_5001 - DEBUG - Received from David: discovery_response
2025-12-10 20:52:19,262 - Bob_5001 - DEBUG - Received from David: discovery_response
2025-12-10 20:52:19,869 - Bob_5001 - DEBUG - Received from Charlie: discovery
2025-12-10 20:52:19,869 - Bob_5001 - DEBUG - Received from Charlie: discovery
2025-12-10 20:52:20,259 - Bob_5001 - DEBUG - Received from David: discovery
2025-12-10 20:52:20,260 - Bob_5001 - DEBUG - Received from David: discovery
2025-12-10 20:52:23,636 - Bob_5001 - DEBUG - Received from Alice: discovery
2025-12-10 20:52:23,637 - Bob_5001 - DEBUG - Received from Alice: discovery
2025-12-10 20:52:24,254 - Bob_5001 - DEBUG - Received from Alice: discovery_response
2025-12-10 20:52:24,255 - Bob_5001 - DEBUG - Sent: discover
2025-12-10 20:52:24,256 - Bob_5001 - DEBUG - Received from Alice: discovery_response
2025-12-10 20:52:24,257 - Bob_5001 - DEBUG - Received from Charlie: discovery_response
2025-12-10 20:52:24,258 - Bob_5001 - DEBUG - Received from Charlie: discovery_response
2025-12-10 20:52:24,259 - Bob_5001 - DEBUG - Received from David: discovery_response
2025-12-10 20:52:24,259 - Bob_5001 - DEBUG - Received from David: discovery_response
2025-12-10 20:52:24,259 - Bob_5001 - DEBUG - Received from Charlie: discovery_response
2025-12-10 20:52:24,260 - Bob_5001 - DEBUG - Received from Charlie: discovery_response
2025-12-10 20:52:24,260 - Bob_5001 - DEBUG - Received from Alice: discovery_response
2025-12-10 20:52:24,260 - Bob_5001 - DEBUG - Received from Alice: discovery_response
2025-12-10 20:52:24,260 - Bob_5001 - DEBUG - Received from David: discovery_response
2025-12-10 20:52:24,261 - Bob_5001 - DEBUG - Received from David: discovery_response
2025-12-10 20:52:24,869 - Bob_5001 - DEBUG - Received from Charlie: discovery
2025-12-10 20:52:24,871 - Bob_5001 - DEBUG - Received from Charlie: discovery
2025-12-10 20:52:25,259 - Bob_5001 - DEBUG - Received from David: discovery
2025-12-10 20:52:25,260 - Bob_5001 - DEBUG - Received from David: discovery
2025-12-10 20:52:28,636 - Bob_5001 - DEBUG - Received from Alice: discovery
2025-12-10 20:52:28,637 - Bob_5001 - DEBUG - Received from Alice: discovery
2025-12-10 20:52:29,254 - Bob_5001 - DEBUG - Received from Alice: discovery_response
2025-12-10 20:52:29,255 - Bob_5001 - DEBUG - Sent: discover
2025-12-10 20:52:29,255 - Bob_5001 - DEBUG - Received from Alice: discovery_response
2025-12-10 20:52:29,256 - Bob_5001 - DEBUG - Received from Charlie: discovery_response
2025-12-10 20:52:29,257 - Bob_5001 - DEBUG - Received from David: discovery_response
2025-12-10 20:52:29,257 - Bob_5001 - DEBUG - Received from Charlie: discovery_response
2025-12-10 20:52:29,259 - Bob_5001 - DEBUG - Received from David: discovery_response
2025-12-10 20:52:29,260 - Bob_5001 - DEBUG - Received from Alice: discovery_response
2025-12-10 20:52:29,260 - Bob_5001 - DEBUG - Received from Alice: discovery_response
2025-12-10 20:52:29,261 - Bob_5001 - DEBUG - Received from Charlie: discovery_response
2025-12-10 20:52:29,261 - Bob_5001 - DEBUG - Received from Charlie: discovery_response
2025-12-10 20:52:29,262 - Bob_5001 - DEBUG - Received from David: discovery_response
2025-12-10 20:52:29,262 - Bob_5001 - DEBUG - Received from David: discovery_response
2025-12-10 20:52:29,869 - Bob_5001 - DEBUG - Received from Charlie: discovery
2025-12-10 20:52:29,870 - Bob_5001 - DEBUG - Received from Charlie: discovery
2025-12-10 20:52:30,259 - Bob_5001 - DEBUG - Received from David: discovery
2025-12-10 20:52:30,260 - Bob_5001 - DEBUG - Received from David: discovery
2025-12-10 20:52:33,637 - Bob_5001 - DEBUG - Received from Alice: discovery
2025-12-10 20:52:33,638 - Bob_5001 - DEBUG - Received from Alice: discovery
2025-12-10 20:52:34,255 - Bob_5001 - DEBUG - Received from Alice: discovery_response
2025-12-10 20:52:34,256 - Bob_5001 - DEBUG - Sent: discover
2025-12-10 20:52:34,256 - Bob_5001 - DEBUG - Received from Alice: discovery_response
2025-12-10 20:52:34,258 - Bob_5001 - DEBUG - Received from Charlie: discovery_response
2025-12-10 20:52:34,258 - Bob_5001 - DEBUG - Received from Charlie: discovery_response
2025-12-10 20:52:34,259 - Bob_5001 - DEBUG - Received from David: discovery_response
2025-12-10 20:52:34,259 - Bob_5001 - DEBUG - Received from David: discovery_response
2025-12-10 20:52:34,260 - Bob_5001 - DEBUG - Received from Alice: discovery_response
2025-12-10 20:52:34,260 - Bob_5001 - DEBUG - Received from Alice: discovery_response
2025-12-10 20:52:34,261 - Bob_5001 - DEBUG - Received from David: discovery_response
2025-12-10 20:52:34,261 - Bob_5001 - DEBUG - Received from David: discovery_response
2025-12-10 20:52:34,261 - Bob_5001 - DEBUG - Received from Charlie: discovery_response
2025-12-10 20:52:34,261 - Bob_5001 - DEBUG - Received from Charlie: discovery_response
2025-12-10 20:52:34,870 - Bob_5001 - DEBUG - Received from Charlie: discovery
2025-12-10 20:52:34,871 - Bob_5001 - DEBUG - Received from Charlie: discovery
2025-12-10 20:52:35,260 - Bob_5001 - DEBUG - Received from David: discovery
2025-12-10 20:52:35,262 - Bob_5001 - DEBUG - Received from David: discovery
2025-12-10 20:52:38,638 - Bob_5001 - DEBUG - Received from Alice: discovery
2025-12-10 20:52:38,640 - Bob_5001 - DEBUG - Received from Alice: discovery
2025-12-10 20:52:39,255 - Bob_5001 - DEBUG - Received from Alice: discovery_response
2025-12-10 20:52:39,256 - Bob_5001 - DEBUG - Sent: discover
2025-12-10 20:52:39,257 - Bob_5001 - DEBUG - Received from Alice: discovery_response
2025-12-10 20:52:39,259 - Bob_5001 - DEBUG - Received from Charlie: discovery_response
2025-12-10 20:52:39,259 - Bob_5001 - DEBUG - Received from Charlie: discovery_response
2025-12-10 20:52:39,260 - Bob_5001 - DEBUG - Received from David: discovery_response
2025-12-10 20:52:39,260 - Bob_5001 - DEBUG - Received from David: discovery_response
2025-12-10 20:52:39,261 - Bob_5001 - DEBUG - Received from Alice: discovery_response
2025-12-10 20:52:39,261 - Bob_5001 - DEBUG - Received from Alice: discovery_response
2025-12-10 20:52:39,262 - Bob_5001 - DEBUG - Received from David: discovery_response
2025-12-10 20:52:39,262 - Bob_5001 - DEBUG - Received from Charlie: discovery_response
2025-12-10 20:52:39,262 - Bob_5001 - DEBUG - Received from David: discovery_response
2025-12-10 20:52:39,263 - Bob_5001 - DEBUG - Received from Charlie: discovery_response
2025-12-10 20:52:39,871 - Bob_5001 - DEBUG - Received from Charlie: discovery
2025-12-10 20:52:39,872 - Bob_5001 - DEBUG - Received from Charlie: discovery
2025-12-10 20:52:40,260 - Bob_5001 - DEBUG - Received from David: discovery
2025-12-10 20:52:40,261 - Bob_5001 - DEBUG - Received from David: discovery
2025-12-10 20:52:42,606 - Bob_5001 - DEBUG - Received from Charlie: group_create
2025-12-10 20:52:42,606 - Bob_5001 - INFO - Joined group: 123
2025-12-10 20:52:42,608 - Bob_5001 - DEBUG - Received from Charlie: group_create
2025-12-10 20:52:43,639 - Bob_5001 - DEBUG - Received from Alice: discovery
2025-12-10 20:52:43,639 - Bob_5001 - DEBUG - Received from Alice: discovery
2025-12-10 20:52:44,255 - Bob_5001 - DEBUG - Received from Alice: discovery_response
2025-12-10 20:52:44,256 - Bob_5001 - DEBUG - Sent: discover
2025-12-10 20:52:44,256 - Bob_5001 - DEBUG - Received from Alice: discovery_response
2025-12-10 20:52:44,257 - Bob_5001 - DEBUG - Received from Charlie: discovery_response
2025-12-10 20:52:44,258 - Bob_5001 - DEBUG - Received from Charlie: discovery_response
2025-12-10 20:52:44,259 - Bob_5001 - DEBUG - Received from Alice: discovery_response
2025-12-10 20:52:44,259 - Bob_5001 - DEBUG - Received from David: discovery_response
2025-12-10 20:52:44,259 - Bob_5001 - DEBUG - Received from Alice: discovery_response
2025-12-10 20:52:44,261 - Bob_5001 - DEBUG - Received from David: discovery_response
2025-12-10 20:52:44,262 - Bob_5001 - DEBUG - Received from Charlie: discovery_response
2025-12-10 20:52:44,262 - Bob_5001 - DEBUG - Received from Charlie: discovery_response
2025-12-10 20:52:44,263 - Bob_5001 - DEBUG - Received from David: discovery_response
2025-12-10 20:52:44,263 - Bob_5001 - DEBUG - Received from David: discovery_response
2025-12-10 20:52:44,871 - Bob_5001 - DEBUG - Received from Charlie: discovery
2025-12-10 20:52:44,872 - Bob_5001 - DEBUG - Received from Charlie: discovery
2025-12-10 20:52:45,260 - Bob_5001 - DEBUG - Received from David: discovery
2025-12-10 20:52:45,261 - Bob_5001 - DEBUG - Received from David: discovery
2025-12-10 20:52:48,639 - Bob_5001 - DEBUG - Received from Alice: discovery
2025-12-10 20:52:48,640 - Bob_5001 - DEBUG - Received from Alice: discovery
2025-12-10 20:52:49,255 - Bob_5001 - DEBUG - Received from Alice: discovery_response
2025-12-10 20:52:49,256 - Bob_5001 - DEBUG - Received from Alice: discovery_response
2025-12-10 20:52:49,256 - Bob_5001 - DEBUG - Sent: discover
2025-12-10 20:52:49,258 - Bob_5001 - DEBUG - Received from Charlie: discovery_response
2025-12-10 20:52:49,259 - Bob_5001 - DEBUG - Received from Charlie: discovery_response
2025-12-10 20:52:49,259 - Bob_5001 - DEBUG - Received from Alice: discovery_response
2025-12-10 20:52:49,260 - Bob_5001 - DEBUG - Received from David: discovery_response
2025-12-10 20:52:49,260 - Bob_5001 - DEBUG - Received from Alice: discovery_response
2025-12-10 20:52:49,261 - Bob_5001 - DEBUG - Received from David: discovery_response
2025-12-10 20:52:49,262 - Bob_5001 - DEBUG - Received from David: discovery_response
2025-12-10 20:52:49,262 - Bob_5001 - DEBUG - Received from David: discovery_response
2025-12-10 20:52:49,262 - Bob_5001 - DEBUG - Received from Charlie: discovery_response
2025-12-10 20:52:49,262 - Bob_5001 - DEBUG - Received from Charlie: discovery_response
2025-12-10 20:52:49,872 - Bob_5001 - DEBUG - Received from Charlie: discovery
2025-12-10 20:52:49,873 - Bob_5001 - DEBUG - Received from Charlie: discovery
2025-12-10 20:52:50,261 - Bob_5001 - DEBUG - Received from David: discovery
2025-12-10 20:52:50,262 - Bob_5001 - DEBUG - Received from David: discovery
2025-12-10 20:52:50,796 - Bob_5001 - DEBUG - Received from Charlie: group_message
2025-12-10 20:52:50,797 - Bob_5001 - DEBUG - Received from Charlie: group_message
2025-12-10 20:52:53,640 - Bob_5001 - DEBUG - Received from Alice: discovery
2025-12-10 20:52:53,641 - Bob_5001 - DEBUG - Received from Alice: discovery
2025-12-10 20:52:54,256 - Bob_5001 - DEBUG - Sent: discover
2025-12-10 20:52:54,257 - Bob_5001 - DEBUG - Received from Alice: discovery_response
2025-12-10 20:52:54,257 - Bob_5001 - DEBUG - Received from Alice: discovery_response
2025-12-10 20:52:54,258 - Bob_5001 - DEBUG - Received from Charlie: discovery_response
2025-12-10 20:52:54,258 - Bob_5001 - DEBUG - Received from David: discovery_response
2025-12-10 20:52:54,259 - Bob_5001 - DEBUG - Received from David: discovery_response
2025-12-10 20:52:54,260 - Bob_5001 - DEBUG - Received from Charlie: discovery_response
2025-12-10 20:52:54,260 - Bob_5001 - DEBUG - Received from Alice: discovery_response
2025-12-10 20:52:54,261 - Bob_5001 - DEBUG - Received from Alice: discovery_response
2025-12-10 20:52:54,261 - Bob_5001 - DEBUG - Received from David: discovery_response
2025-12-10 20:52:54,261 - Bob_5001 - DEBUG - Received from Charlie: discovery_response
2025-12-10 20:52:54,262 - Bob_5001 - DEBUG - Received from David: discovery_response
2025-12-10 20:52:54,262 - Bob_5001 - DEBUG - Received from Charlie: discovery_response
2025-12-10 20:52:54,872 - Bob_5001 - DEBUG - Received from Charlie: discovery
2025-12-10 20:52:54,873 - Bob_5001 - DEBUG - Received from Charlie: discovery
2025-12-10 20:52:55,262 - Bob_5001 - DEBUG - Received from David: discovery
2025-12-10 20:52:55,262 - Bob_5001 - DEBUG - Received from David: discovery
2025-12-10 20:52:57,342 - Bob_5001 - DEBUG - Received from Charlie: group_message
2025-12-10 20:52:57,343 - Bob_5001 - DEBUG - Received from Charlie: group_message
2025-12-10 20:52:58,640 - Bob_5001 - DEBUG - Received from Alice: discovery
2025-12-10 20:52:58,641 - Bob_5001 - DEBUG - Received from Alice: discovery
2025-12-10 20:52:59,256 - Bob_5001 - DEBUG - Received from Alice: discovery_response
2025-12-10 20:52:59,257 - Bob_5001 - DEBUG - Received from Alice: discovery_response
2025-12-10 20:52:59,257 - Bob_5001 - DEBUG - Sent: discover
2025-12-10 20:52:59,258 - Bob_5001 - DEBUG - Received from David: discovery_response
2025-12-10 20:52:59,258 - Bob_5001 - DEBUG - Received from Charlie: discovery_response
2025-12-10 20:52:59,259 - Bob_5001 - DEBUG - Received from Alice: discovery_response
2025-12-10 20:52:59,259 - Bob_5001 - DEBUG - Received from Charlie: discovery_response
2025-12-10 20:52:59,259 - Bob_5001 - DEBUG - Received from Alice: discovery_response
2025-12-10 20:52:59,261 - Bob_5001 - DEBUG - Received from David: discovery_response
2025-12-10 20:52:59,261 - Bob_5001 - DEBUG - Received from Charlie: discovery_response
2025-12-10 20:52:59,261 - Bob_5001 - DEBUG - Received from Charlie: discovery_response
2025-12-10 20:52:59,261 - Bob_5001 - DEBUG - Received from David: discovery_response
2025-12-10 20:52:59,261 - Bob_5001 - DEBUG - Received from David: discovery_response
2025-12-10 20:52:59,872 - Bob_5001 - DEBUG - Received from Charlie: discovery
2025-12-10 20:52:59,874 - Bob_5001 - DEBUG - Received from Charlie: discovery
2025-12-10 20:53:00,262 - Bob_5001 - DEBUG - Received from David: discovery
2025-12-10 20:53:00,264 - Bob_5001 - DEBUG - Received from David: discovery
2025-12-10 20:53:03,640 - Bob_5001 - DEBUG - Received from Alice: discovery
2025-12-10 20:53:03,641 - Bob_5001 - DEBUG - Received from Alice: discovery
2025-12-10 20:53:04,257 - Bob_5001 - DEBUG - Sent: discover
2025-12-10 20:53:04,258 - Bob_5001 - DEBUG - Received from Alice: discovery_response
2025-12-10 20:53:04,259 - Bob_5001 - DEBUG - Received from Alice: discovery_response
2025-12-10 20:53:04,260 - Bob_5001 - DEBUG - Received from Charlie: discovery_response
2025-12-10 20:53:04,261 - Bob_5001 - DEBUG - Received from Charlie: discovery_response
2025-12-10 20:53:04,262 - Bob_5001 - DEBUG - Received from David: discovery_response
2025-12-10 20:53:04,262 - Bob_5001 - DEBUG - Received from David: discovery_response
2025-12-10 20:53:04,263 - Bob_5001 - DEBUG - Received from Alice: discovery_response
2025-12-10 20:53:04,263 - Bob_5001 - DEBUG - Received from Alice: discovery_response
2025-12-10 20:53:04,264 - Bob_5001 - DEBUG - Received from Charlie: discovery_response
2025-12-10 20:53:04,264 - Bob_5001 - DEBUG - Received from Charlie: discovery_response
2025-12-10 20:53:04,264 - Bob_5001 - DEBUG - Received from David: discovery_response
2025-12-10 20:53:04,265 - Bob_5001 - DEBUG - Received from David: discovery_response
2025-12-10 20:53:04,873 - Bob_5001 - DEBUG - Received from Charlie: discovery
2025-12-10 20:53:04,874 - Bob_5001 - DEBUG - Received from Charlie: discovery
2025-12-10 20:53:05,263 - Bob_5001 - DEBUG - Received from David: discovery
2025-12-10 20:53:05,265 - Bob_5001 - DEBUG - Received from David: discovery
2025-12-10 20:53:08,641 - Bob_5001 - DEBUG - Received from Alice: discovery
2025-12-10 20:53:08,642 - Bob_5001 - DEBUG - Received from Alice: discovery
2025-12-10 20:53:09,258 - Bob_5001 - DEBUG - Received from Alice: discovery_response
2025-12-10 20:53:09,258 - Bob_5001 - DEBUG - Sent: discover
2025-12-10 20:53:09,258 - Bob_5001 - DEBUG - Received from Alice: discovery_response
2025-12-10 20:53:09,259 - Bob_5001 - DEBUG - Received from Charlie: discovery_response
2025-12-10 20:53:09,259 - Bob_5001 - DEBUG - Received from Charlie: discovery_response
2025-12-10 20:53:09,260 - Bob_5001 - DEBUG - Received from David: discovery_response
2025-12-10 20:53:09,261 - Bob_5001 - DEBUG - Received from Alice: discovery_response
2025-12-10 20:53:09,261 - Bob_5001 - DEBUG - Received from Alice: discovery_response
2025-12-10 20:53:09,262 - Bob_5001 - DEBUG - Received from David: discovery_response
2025-12-10 20:53:09,262 - Bob_5001 - DEBUG - Received from Charlie: discovery_response
2025-12-10 20:53:09,262 - Bob_5001 - DEBUG - Received from Charlie: discovery_response
2025-12-10 20:53:09,263 - Bob_5001 - DEBUG - Received from David: discovery_response
2025-12-10 20:53:09,263 - Bob_5001 - DEBUG - Received from David: discovery_response
2025-12-10 20:53:09,873 - Bob_5001 - DEBUG - Received from Charlie: discovery
2025-12-10 20:53:09,874 - Bob_5001 - DEBUG - Received from Charlie: discovery
2025-12-10 20:53:10,263 - Bob_5001 - DEBUG - Received from David: discovery
2025-12-10 20:53:10,264 - Bob_5001 - DEBUG - Received from David: discovery
2025-12-10 20:53:13,641 - Bob_5001 - DEBUG - Received from Alice: discovery
2025-12-10 20:53:13,642 - Bob_5001 - DEBUG - Received from Alice: discovery
2025-12-10 20:53:13,932 - Bob_5001 - DEBUG - Received from Charlie: group_message
2025-12-10 20:53:13,932 - Bob_5001 - DEBUG - Received from Charlie: group_message
2025-12-10 20:53:14,257 - Bob_5001 - DEBUG - Received from Alice: discovery_response
2025-12-10 20:53:14,259 - Bob_5001 - DEBUG - Sent: discover
2025-12-10 20:53:14,259 - Bob_5001 - DEBUG - Received from Alice: discovery_response
2025-12-10 20:53:14,261 - Bob_5001 - DEBUG - Received from Charlie: discovery_response
2025-12-10 20:53:14,262 - Bob_5001 - DEBUG - Received from Charlie: discovery_response
2025-12-10 20:53:14,262 - Bob_5001 - DEBUG - Received from David: discovery_response
2025-12-10 20:53:14,263 - Bob_5001 - DEBUG - Received from David: discovery_response
2025-12-10 20:53:14,263 - Bob_5001 - DEBUG - Received from Alice: discovery_response
2025-12-10 20:53:14,264 - Bob_5001 - DEBUG - Received from Alice: discovery_response
2025-12-10 20:53:14,264 - Bob_5001 - DEBUG - Received from Charlie: discovery_response
2025-12-10 20:53:14,264 - Bob_5001 - DEBUG - Received from Charlie: discovery_response
2025-12-10 20:53:14,265 - Bob_5001 - DEBUG - Received from David: discovery_response
2025-12-10 20:53:14,266 - Bob_5001 - DEBUG - Received from David: discovery_response
2025-12-10 20:53:14,874 - Bob_5001 - DEBUG - Received from Charlie: discovery
2025-12-10 20:53:14,875 - Bob_5001 - DEBUG - Received from Charlie: discovery
2025-12-10 20:53:15,264 - Bob_5001 - DEBUG - Received from David: discovery
2025-12-10 20:53:15,265 - Bob_5001 - DEBUG - Received from David: discovery
2025-12-10 20:53:18,642 - Bob_5001 - DEBUG - Received from Alice: discovery
2025-12-10 20:53:18,643 - Bob_5001 - DEBUG - Received from Alice: discovery
2025-12-10 20:53:19,258 - Bob_5001 - DEBUG - Sent: discover
2025-12-10 20:53:19,258 - Bob_5001 - DEBUG - Received from Alice: discovery_response
2025-12-10 20:53:19,260 - Bob_5001 - DEBUG - Received from Alice: discovery_response
2025-12-10 20:53:19,261 - Bob_5001 - DEBUG - Received from Charlie: discovery_response
2025-12-10 20:53:19,262 - Bob_5001 - DEBUG - Received from Charlie: discovery_response
2025-12-10 20:53:19,262 - Bob_5001 - DEBUG - Received from David: discovery_response
2025-12-10 20:53:19,263 - Bob_5001 - DEBUG - Received from David: discovery_response
2025-12-10 20:53:19,263 - Bob_5001 - DEBUG - Received from Alice: discovery_response
2025-12-10 20:53:19,264 - Bob_5001 - DEBUG - Received from Alice: discovery_response
2025-12-10 20:53:19,264 - Bob_5001 - DEBUG - Received from Charlie: discovery_response
2025-12-10 20:53:19,264 - Bob_5001 - DEBUG - Received from David: discovery_response
2025-12-10 20:53:19,264 - Bob_5001 - DEBUG - Received from Charlie: discovery_response
2025-12-10 20:53:19,265 - Bob_5001 - DEBUG - Received from David: discovery_response
2025-12-10 20:53:19,874 - Bob_5001 - DEBUG - Received from Charlie: discovery
2025-12-10 20:53:19,875 - Bob_5001 - DEBUG - Received from Charlie: discovery
2025-12-10 20:53:20,264 - Bob_5001 - DEBUG - Received from David: discovery
2025-12-10 20:53:20,265 - Bob_5001 - DEBUG - Received from David: discovery
2025-12-10 20:53:23,516 - Bob_5001 - DEBUG - Group 100d7b2a: 123
2025-12-10 20:53:23,642 - Bob_5001 - DEBUG - Received from Alice: discovery
2025-12-10 20:53:23,643 - Bob_5001 - DEBUG - Received from Alice: discovery
2025-12-10 20:53:24,259 - Bob_5001 - DEBUG - Sent: discover
2025-12-10 20:53:24,259 - Bob_5001 - DEBUG - Received from Alice: discovery_response
2025-12-10 20:53:24,261 - Bob_5001 - DEBUG - Received from Charlie: discovery_response
2025-12-10 20:53:24,262 - Bob_5001 - DEBUG - Received from Charlie: discovery_response
2025-12-10 20:53:24,263 - Bob_5001 - DEBUG - Received from Alice: discovery_response
2025-12-10 20:53:24,264 - Bob_5001 - DEBUG - Received from David: discovery_response
2025-12-10 20:53:24,264 - Bob_5001 - DEBUG - Received from David: discovery_response
2025-12-10 20:53:24,265 - Bob_5001 - DEBUG - Received from Charlie: discovery_response
2025-12-10 20:53:24,265 - Bob_5001 - DEBUG - Received from Alice: discovery_response
2025-12-10 20:53:24,265 - Bob_5001 - DEBUG - Received from Alice: discovery_response
2025-12-10 20:53:24,266 - Bob_5001 - DEBUG - Received from Charlie: discovery_response
2025-12-10 20:53:24,266 - Bob_5001 - DEBUG - Received from David: discovery_response
2025-12-10 20:53:24,266 - Bob_5001 - DEBUG - Received from David: discovery_response
2025-12-10 20:53:24,875 - Bob_5001 - DEBUG - Received from Charlie: discovery
2025-12-10 20:53:24,876 - Bob_5001 - DEBUG - Received from Charlie: discovery
2025-12-10 20:53:25,264 - Bob_5001 - DEBUG - Received from David: discovery
2025-12-10 20:53:25,266 - Bob_5001 - DEBUG - Received from David: discovery
2025-12-10 20:53:28,642 - Bob_5001 - DEBUG - Received from Alice: discovery
2025-12-10 20:53:28,644 - Bob_5001 - DEBUG - Received from Alice: discovery
2025-12-10 20:53:29,259 - Bob_5001 - DEBUG - Received from Alice: discovery_response
2025-12-10 20:53:29,259 - Bob_5001 - DEBUG - Sent: discover
2025-12-10 20:53:29,260 - Bob_5001 - DEBUG - Received from Alice: discovery_response
2025-12-10 20:53:29,262 - Bob_5001 - DEBUG - Received from Charlie: discovery_response
2025-12-10 20:53:29,262 - Bob_5001 - DEBUG - Received from Charlie: discovery_response
2025-12-10 20:53:29,263 - Bob_5001 - DEBUG - Received from David: discovery_response
2025-12-10 20:53:29,264 - Bob_5001 - DEBUG - Received from David: discovery_response
2025-12-10 20:53:29,264 - Bob_5001 - DEBUG - Received from Alice: discovery_response
2025-12-10 20:53:29,265 - Bob_5001 - DEBUG - Received from Alice: discovery_response
2025-12-10 20:53:29,265 - Bob_5001 - DEBUG - Received from Charlie: discovery_response
2025-12-10 20:53:29,265 - Bob_5001 - DEBUG - Received from David: discovery_response
2025-12-10 20:53:29,265 - Bob_5001 - DEBUG - Received from Charlie: discovery_response
2025-12-10 20:53:29,266 - Bob_5001 - DEBUG - Received from David: discovery_response
2025-12-10 20:53:29,875 - Bob_5001 - DEBUG - Received from Charlie: discovery
2025-12-10 20:53:29,876 - Bob_5001 - DEBUG - Received from Charlie: discovery
2025-12-10 20:53:30,265 - Bob_5001 - DEBUG - Received from David: discovery
2025-12-10 20:53:30,267 - Bob_5001 - DEBUG - Received from David: discovery
2025-12-10 20:53:31,842 - Bob_5001 - DEBUG - Group 100d7b2a: 123
2025-12-10 20:53:33,643 - Bob_5001 - DEBUG - Received from Alice: discovery
2025-12-10 20:53:33,644 - Bob_5001 - DEBUG - Received from Alice: discovery
2025-12-10 20:53:34,259 - Bob_5001 - DEBUG - Received from Alice: discovery_response
2025-12-10 20:53:34,260 - Bob_5001 - DEBUG - Sent: discover
2025-12-10 20:53:34,260 - Bob_5001 - DEBUG - Received from Alice: discovery_response
2025-12-10 20:53:34,261 - Bob_5001 - DEBUG - Received from Charlie: discovery_response
2025-12-10 20:53:34,262 - Bob_5001 - DEBUG - Received from Charlie: discovery_response
2025-12-10 20:53:34,263 - Bob_5001 - DEBUG - Received from Alice: discovery_response
2025-12-10 20:53:34,263 - Bob_5001 - DEBUG - Received from Alice: discovery_response
2025-12-10 20:53:34,264 - Bob_5001 - DEBUG - Received from David: discovery_response
2025-12-10 20:53:34,265 - Bob_5001 - DEBUG - Received from David: discovery_response
2025-12-10 20:53:34,265 - Bob_5001 - DEBUG - Received from Charlie: discovery_response
2025-12-10 20:53:34,265 - Bob_5001 - DEBUG - Received from Charlie: discovery_response
2025-12-10 20:53:34,265 - Bob_5001 - DEBUG - Received from David: discovery_response
2025-12-10 20:53:34,266 - Bob_5001 - DEBUG - Received from David: discovery_response
2025-12-10 20:53:34,876 - Bob_5001 - DEBUG - Received from Charlie: discovery
2025-12-10 20:53:34,876 - Bob_5001 - DEBUG - Received from Charlie: discovery
2025-12-10 20:53:35,265 - Bob_5001 - DEBUG - Received from David: discovery
2025-12-10 20:53:35,266 - Bob_5001 - DEBUG - Received from David: discovery
2025-12-10 20:53:38,643 - Bob_5001 - DEBUG - Received from Alice: discovery
2025-12-10 20:53:38,645 - Bob_5001 - DEBUG - Received from Alice: discovery
2025-12-10 20:53:39,259 - Bob_5001 - DEBUG - Received from Alice: discovery_response
2025-12-10 20:53:39,260 - Bob_5001 - DEBUG - Sent: discover
2025-12-10 20:53:39,261 - Bob_5001 - DEBUG - Received from Alice: discovery_response
2025-12-10 20:53:39,262 - Bob_5001 - DEBUG - Received from Charlie: discovery_response
2025-12-10 20:53:39,263 - Bob_5001 - DEBUG - Received from Charlie: discovery_response
2025-12-10 20:53:39,264 - Bob_5001 - DEBUG - Received from David: discovery_response
2025-12-10 20:53:39,264 - Bob_5001 - DEBUG - Received from David: discovery_response
2025-12-10 20:53:39,265 - Bob_5001 - DEBUG - Received from Alice: discovery_response
2025-12-10 20:53:39,265 - Bob_5001 - DEBUG - Received from Alice: discovery_response
2025-12-10 20:53:39,266 - Bob_5001 - DEBUG - Received from David: discovery_response
2025-12-10 20:53:39,266 - Bob_5001 - DEBUG - Received from David: discovery_response
2025-12-10 20:53:39,266 - Bob_5001 - DEBUG - Received from Charlie: discovery_response
2025-12-10 20:53:39,266 - Bob_5001 - DEBUG - Received from Charlie: discovery_response
2025-12-10 20:53:39,876 - Bob_5001 - DEBUG - Received from Charlie: discovery
2025-12-10 20:53:39,877 - Bob_5001 - DEBUG - Received from Charlie: discovery
2025-12-10 20:53:40,265 - Bob_5001 - DEBUG - Received from David: discovery
2025-12-10 20:53:40,266 - Bob_5001 - DEBUG - Received from David: discovery
2025-12-10 20:53:44,260 - Bob_5001 - DEBUG - Sent: discover
2025-12-10 20:53:44,261 - Bob_5001 - DEBUG - Received from David: discovery_response
2025-12-10 20:53:44,261 - Bob_5001 - DEBUG - Received from David: discovery_response
2025-12-10 20:53:44,262 - Bob_5001 - DEBUG - Received from David: discovery_response
2025-12-10 20:53:44,263 - Bob_5001 - DEBUG - Received from David: discovery_response
2025-12-10 20:53:44,340 - Bob_5001 - INFO - Closing application
2025-12-10 20:53:44,340 - Bob_5001 - INFO - Device discovery stopped
2025-12-10 20:53:44,340 - Bob_5001 - INFO - Network stopped
