2025-12-11 20:49:49,965 - Bob_5001 - INFO - Starting Bob on port 5001
2025-12-11 20:49:49,967 - Bob_5001 - INFO - Network started on port 5001
2025-12-11 20:49:49,969 - Bob_5001 - INFO - Device discovery started
2025-12-11 20:49:51,075 - Bob_5001 - INFO - Device found: Alice
2025-12-11 20:49:52,978 - Bob_5001 - INFO - Device found: Charlie
2025-12-11 20:49:55,280 - Bob_5001 - INFO - Device found: Diana
2025-12-11 20:51:12,451 - Bob_5001 - INFO - Joined group: 2342354 (3 members)
2025-12-11 20:51:12,451 - Bob_5001 - DEBUG - Group members: {'Charlie_5002': 5002, 'Bob_5001': 5001, 'Alice_5000': 5000}
2025-12-11 20:51:23,750 - Bob_5001 - DEBUG - Is member of d2ca427a: True
2025-12-11 20:51:34,455 - Bob_5001 - DEBUG - Is member of d2ca427a: True
2025-12-11 20:51:40,212 - Bob_5001 - DEBUG - Sent group msg to Charlie_5002 at port 5002
2025-12-11 20:51:40,212 - Bob_5001 - DEBUG - Sent group msg to Alice_5000 at port 5000
2025-12-11 20:51:40,212 - Bob_5001 - DEBUG - Group message sent to 2 members
2025-12-11 20:51:51,900 - Bob_5001 - INFO - Joined group: 56r8u56e7i (3 members)
2025-12-11 20:51:51,900 - Bob_5001 - DEBUG - Group members: {'Diana_5003': 5003, 'Alice_5000': 5000, 'Bob_5001': 5001}
2025-12-11 20:52:04,009 - Bob_5001 - DEBUG - Sent group msg to Diana_5003 at port 5003
2025-12-11 20:52:04,009 - Bob_5001 - DEBUG - Sent group msg to Alice_5000 at port 5000
2025-12-11 20:52:04,010 - Bob_5001 - DEBUG - Group message sent to 2 members
2025-12-11 20:52:30,575 - Bob_5001 - DEBUG - Sent group msg to Diana_5003 at port 5003
2025-12-11 20:52:30,575 - Bob_5001 - DEBUG - Sent group msg to Alice_5000 at port 5000
2025-12-11 20:52:30,575 - Bob_5001 - DEBUG - Group message sent to 2 members
