2025-12-10 21:01:26,828 - Alice_5000 - INFO - Starting chat application for Alice on port 5000
2025-12-10 21:01:26,831 - Alice_5000 - INFO - Network started on port 5000
2025-12-10 21:01:26,831 - Alice_5000 - INFO - Device discovery started
2025-12-10 21:01:26,832 - Alice_5000 - DEBUG - Sent: discover
2025-12-10 21:01:27,635 - Alice_5000 - DEBUG - Received from Bob: discovery
2025-12-10 21:01:27,635 - Alice_5000 - INFO - Device found: Bob
2025-12-10 21:01:28,555 - Alice_5000 - DEBUG - Received from Charlie: discovery
2025-12-10 21:01:28,555 - Alice_5000 - INFO - Device found: Charlie
2025-12-10 21:01:29,538 - Alice_5000 - DEBUG - Received from David: discovery
2025-12-10 21:01:29,538 - Alice_5000 - INFO - Device found: David
2025-12-10 21:01:31,832 - Alice_5000 - DEBUG - Sent: discover
2025-12-10 21:01:31,832 - Alice_5000 - DEBUG - Received from Bob: discovery_response
2025-12-10 21:01:32,635 - Alice_5000 - DEBUG - Received from Bob: discovery
2025-12-10 21:01:33,555 - Alice_5000 - DEBUG - Received from Charlie: discovery
2025-12-10 21:01:34,538 - Alice_5000 - DEBUG - Received from David: discovery
2025-12-10 21:01:36,833 - Alice_5000 - DEBUG - Sent: discover
2025-12-10 21:01:36,833 - Alice_5000 - DEBUG - Received from Bob: discovery_response
2025-12-10 21:01:37,636 - Alice_5000 - DEBUG - Received from Bob: discovery
2025-12-10 21:01:38,556 - Alice_5000 - DEBUG - Received from Charlie: discovery
2025-12-10 21:01:39,538 - Alice_5000 - DEBUG - Received from David: discovery
2025-12-10 21:01:41,833 - Alice_5000 - DEBUG - Sent: discover
2025-12-10 21:01:41,833 - Alice_5000 - DEBUG - Received from Bob: discovery_response
2025-12-10 21:01:42,636 - Alice_5000 - DEBUG - Received from Bob: discovery
2025-12-10 21:01:43,556 - Alice_5000 - DEBUG - Received from Charlie: discovery
2025-12-10 21:01:44,538 - Alice_5000 - DEBUG - Received from David: discovery
2025-12-10 21:01:46,834 - Alice_5000 - DEBUG - Sent: discover
2025-12-10 21:01:46,834 - Alice_5000 - DEBUG - Received from Bob: discovery_response
2025-12-10 21:01:47,636 - Alice_5000 - DEBUG - Received from Bob: discovery
2025-12-10 21:01:48,556 - Alice_5000 - DEBUG - Received from Charlie: discovery
2025-12-10 21:01:49,539 - Alice_5000 - DEBUG - Received from David: discovery
2025-12-10 21:01:51,834 - Alice_5000 - DEBUG - Sent: discover
2025-12-10 21:01:51,835 - Alice_5000 - DEBUG - Received from Bob: discovery_response
2025-12-10 21:01:52,637 - Alice_5000 - DEBUG - Received from Bob: discovery
2025-12-10 21:01:53,557 - Alice_5000 - DEBUG - Received from Charlie: discovery
2025-12-10 21:01:54,539 - Alice_5000 - DEBUG - Received from David: discovery
2025-12-10 21:01:56,834 - Alice_5000 - DEBUG - Sent: discover
2025-12-10 21:01:56,834 - Alice_5000 - DEBUG - Received from Bob: discovery_response
2025-12-10 21:01:57,637 - Alice_5000 - DEBUG - Received from Bob: discovery
2025-12-10 21:01:58,557 - Alice_5000 - DEBUG - Received from Charlie: discovery
2025-12-10 21:01:59,540 - Alice_5000 - DEBUG - Received from David: discovery
2025-12-10 21:02:01,835 - Alice_5000 - DEBUG - Sent: discover
2025-12-10 21:02:01,835 - Alice_5000 - DEBUG - Received from Bob: discovery_response
2025-12-10 21:02:02,638 - Alice_5000 - DEBUG - Received from Bob: discovery
2025-12-10 21:02:03,558 - Alice_5000 - DEBUG - Received from Charlie: discovery
2025-12-10 21:02:04,541 - Alice_5000 - DEBUG - Received from David: discovery
2025-12-10 21:02:06,836 - Alice_5000 - DEBUG - Sent: discover
2025-12-10 21:02:06,836 - Alice_5000 - DEBUG - Received from Bob: discovery_response
2025-12-10 21:02:07,639 - Alice_5000 - DEBUG - Received from Bob: discovery
2025-12-10 21:02:09,541 - Alice_5000 - DEBUG - Received from David: discovery
