2025-12-10 21:29:29,220 - Bob_5001 - INFO - Starting chat application for Bob on port 5001
2025-12-10 21:29:29,222 - Bob_5001 - INFO - Network started on port 5001
2025-12-10 21:29:29,222 - Bob_5001 - INFO - Device discovery started
2025-12-10 21:29:30,339 - Bob_5001 - DEBUG - Received from Alice: discovery_response
2025-12-10 21:29:30,339 - Bob_5001 - INFO - Device found: Alice
2025-12-10 21:29:32,262 - Bob_5001 - DEBUG - Received from Charlie: discovery
2025-12-10 21:29:32,263 - Bob_5001 - INFO - Device found: Charlie
2025-12-10 21:29:34,366 - Bob_5001 - DEBUG - Received from Diana: discovery
2025-12-10 21:29:34,366 - Bob_5001 - INFO - Device found: Diana
2025-12-10 21:29:43,211 - Bob_5001 - DEBUG - Received from Alice: discovery
2025-12-10 21:29:45,336 - Bob_5001 - DEBUG - Received from Diana: discovery_response
2025-12-10 21:29:45,336 - Bob_5001 - DEBUG - Received from Charlie: discovery_response
2025-12-10 21:29:45,336 - Bob_5001 - DEBUG - Received from Alice: discovery_response
2025-12-10 21:29:47,264 - Bob_5001 - DEBUG - Received from Charlie: discovery
2025-12-10 21:29:49,366 - Bob_5001 - DEBUG - Received from Diana: discovery
2025-12-10 21:29:58,212 - Bob_5001 - DEBUG - Received from Alice: discovery
2025-12-10 21:30:00,333 - Bob_5001 - DEBUG - Received from Charlie: discovery_response
2025-12-10 21:30:00,333 - Bob_5001 - DEBUG - Received from Alice: discovery_response
2025-12-10 21:30:00,333 - Bob_5001 - DEBUG - Received from Diana: discovery_response
2025-12-10 21:30:02,264 - Bob_5001 - DEBUG - Received from Charlie: discovery
2025-12-10 21:30:04,366 - Bob_5001 - DEBUG - Received from Diana: discovery
2025-12-10 21:30:07,527 - Bob_5001 - DEBUG - Broadcast: 21341234
2025-12-10 21:30:13,213 - Bob_5001 - DEBUG - Received from Alice: discovery
2025-12-10 21:30:14,781 - Bob_5001 - DEBUG - Private to Alice_5000: 13241234
2025-12-10 21:30:15,329 - Bob_5001 - DEBUG - Received from Alice: discovery_response
2025-12-10 21:30:15,329 - Bob_5001 - DEBUG - Received from Charlie: discovery_response
2025-12-10 21:30:15,329 - Bob_5001 - DEBUG - Received from Diana: discovery_response
2025-12-10 21:30:17,265 - Bob_5001 - DEBUG - Received from Charlie: discovery
2025-12-10 21:30:19,367 - Bob_5001 - DEBUG - Received from Diana: discovery
2025-12-10 21:30:28,213 - Bob_5001 - DEBUG - Received from Alice: discovery
2025-12-10 21:30:30,338 - Bob_5001 - DEBUG - Received from Alice: discovery_response
2025-12-10 21:30:30,338 - Bob_5001 - DEBUG - Received from Diana: discovery_response
2025-12-10 21:30:30,338 - Bob_5001 - DEBUG - Received from Charlie: discovery_response
2025-12-10 21:30:32,265 - Bob_5001 - DEBUG - Received from Charlie: discovery
2025-12-10 21:30:34,367 - Bob_5001 - DEBUG - Received from Diana: discovery
2025-12-10 21:30:39,355 - Bob_5001 - DEBUG - Received from Alice: group_create
2025-12-10 21:30:39,355 - Bob_5001 - INFO - Joined group: test
2025-12-10 21:30:43,213 - Bob_5001 - DEBUG - Received from Alice: discovery
2025-12-10 21:30:45,339 - Bob_5001 - DEBUG - Received from Alice: discovery_response
2025-12-10 21:30:45,339 - Bob_5001 - DEBUG - Received from Charlie: discovery_response
2025-12-10 21:30:45,339 - Bob_5001 - DEBUG - Received from Diana: discovery_response
2025-12-10 21:30:47,266 - Bob_5001 - DEBUG - Received from Charlie: discovery
2025-12-10 21:30:49,367 - Bob_5001 - DEBUG - Received from Diana: discovery
2025-12-10 21:30:53,778 - Bob_5001 - DEBUG - Group a6376dd1: tét
2025-12-10 21:30:58,214 - Bob_5001 - DEBUG - Received from Alice: discovery
2025-12-10 21:31:00,332 - Bob_5001 - DEBUG - Received from Diana: discovery_response
2025-12-10 21:31:00,332 - Bob_5001 - DEBUG - Received from Alice: discovery_response
2025-12-10 21:31:00,332 - Bob_5001 - DEBUG - Received from Charlie: discovery_response
2025-12-10 21:31:02,266 - Bob_5001 - DEBUG - Received from Charlie: discovery
2025-12-10 21:31:04,368 - Bob_5001 - DEBUG - Received from Diana: discovery
2025-12-10 21:31:13,214 - Bob_5001 - DEBUG - Received from Alice: discovery
2025-12-10 21:31:15,338 - Bob_5001 - DEBUG - Received from Charlie: discovery_response
2025-12-10 21:31:15,338 - Bob_5001 - DEBUG - Received from Diana: discovery_response
2025-12-10 21:31:15,338 - Bob_5001 - DEBUG - Received from Alice: discovery_response
2025-12-10 21:31:17,267 - Bob_5001 - DEBUG - Received from Charlie: discovery
2025-12-10 21:31:19,368 - Bob_5001 - DEBUG - Received from Diana: discovery
2025-12-10 21:31:28,215 - Bob_5001 - DEBUG - Received from Alice: discovery
2025-12-10 21:31:30,340 - Bob_5001 - DEBUG - Received from Charlie: discovery_response
2025-12-10 21:31:30,340 - Bob_5001 - DEBUG - Received from Diana: discovery_response
2025-12-10 21:31:30,340 - Bob_5001 - DEBUG - Received from Alice: discovery_response
2025-12-10 21:31:32,150 - Bob_5001 - INFO - Created group: test2 (acd9c9c4)
2025-12-10 21:31:32,267 - Bob_5001 - DEBUG - Received from Charlie: discovery
2025-12-10 21:31:34,368 - Bob_5001 - DEBUG - Received from Diana: discovery
2025-12-10 21:31:43,215 - Bob_5001 - DEBUG - Received from Alice: discovery
2025-12-10 21:31:45,333 - Bob_5001 - DEBUG - Received from Alice: discovery_response
2025-12-10 21:31:45,333 - Bob_5001 - DEBUG - Received from Charlie: discovery_response
2025-12-10 21:31:45,333 - Bob_5001 - DEBUG - Received from Diana: discovery_response
2025-12-10 21:31:45,555 - Bob_5001 - DEBUG - Group acd9c9c4: 12314
2025-12-10 21:31:47,267 - Bob_5001 - DEBUG - Received from Charlie: discovery
2025-12-10 21:31:49,369 - Bob_5001 - DEBUG - Received from Diana: discovery
2025-12-10 21:31:54,822 - Bob_5001 - DEBUG - Received from Charlie: group_message
2025-12-10 21:31:58,216 - Bob_5001 - DEBUG - Received from Alice: discovery
2025-12-10 21:31:59,184 - Bob_5001 - DEBUG - Received from Diana: group_message
2025-12-10 21:32:00,335 - Bob_5001 - DEBUG - Received from Charlie: discovery_response
2025-12-10 21:32:00,336 - Bob_5001 - DEBUG - Received from Alice: discovery_response
2025-12-10 21:32:00,336 - Bob_5001 - DEBUG - Received from Diana: discovery_response
2025-12-10 21:32:02,267 - Bob_5001 - DEBUG - Received from Charlie: discovery
2025-12-10 21:32:04,369 - Bob_5001 - DEBUG - Received from Diana: discovery
2025-12-10 21:32:04,648 - Bob_5001 - INFO - Closing application
