2025-12-10 20:51:33,902 - Charlie_5002 - INFO - Starting chat application for Charlie on port 5002
2025-12-10 20:51:33,905 - Charlie_5002 - INFO - Network started on port 5002
2025-12-10 20:51:33,905 - Charlie_5002 - INFO - Device discovery started
2025-12-10 20:51:33,906 - Charlie_5002 - DEBUG - Received from Alice: discovery_response
2025-12-10 20:51:33,907 - Charlie_5002 - INFO - Device found: Alice
2025-12-10 20:51:33,907 - Charlie_5002 - DEBUG - Sent: discover
2025-12-10 20:51:33,933 - Charlie_5002 - DEBUG - Received from Alice: discovery_response
2025-12-10 20:51:33,937 - Charlie_5002 - DEBUG - Received from Bob: discovery_response
2025-12-10 20:51:33,937 - Charlie_5002 - INFO - Device found: Bob
2025-12-10 20:51:33,941 - Charlie_5002 - DEBUG - Received from Bob: discovery_response
2025-12-10 20:51:33,942 - Charlie_5002 - DEBUG - Received from Bob: discovery_response
2025-12-10 20:51:33,944 - Charlie_5002 - DEBUG - Received from Bob: discovery_response
2025-12-10 20:51:33,945 - Charlie_5002 - DEBUG - Received from Alice: discovery_response
2025-12-10 20:51:33,945 - Charlie_5002 - DEBUG - Received from Alice: discovery_response
2025-12-10 20:51:34,227 - Charlie_5002 - DEBUG - Received from David: discovery
2025-12-10 20:51:34,227 - Charlie_5002 - INFO - Device found: David
2025-12-10 20:51:34,231 - Charlie_5002 - DEBUG - Received from David: discovery
2025-12-10 20:51:34,653 - Charlie_5002 - DEBUG - Received from Eve: discovery
2025-12-10 20:51:34,654 - Charlie_5002 - INFO - Device found: Eve
2025-12-10 20:51:34,656 - Charlie_5002 - DEBUG - Received from Eve: discovery
2025-12-10 20:51:37,645 - Charlie_5002 - DEBUG - Received from Alice: discovery
2025-12-10 20:51:37,646 - Charlie_5002 - DEBUG - Received from Alice: discovery
2025-12-10 20:51:38,197 - Charlie_5002 - DEBUG - Received from Bob: discovery
2025-12-10 20:51:38,197 - Charlie_5002 - DEBUG - Received from Bob: discovery
2025-12-10 20:51:38,906 - Charlie_5002 - DEBUG - Received from Alice: discovery_response
2025-12-10 20:51:38,906 - Charlie_5002 - DEBUG - Received from Alice: discovery_response
2025-12-10 20:51:38,907 - Charlie_5002 - DEBUG - Sent: discover
2025-12-10 20:51:38,907 - Charlie_5002 - DEBUG - Received from Bob: discovery_response
2025-12-10 20:51:38,910 - Charlie_5002 - DEBUG - Received from Bob: discovery_response
2025-12-10 20:51:38,910 - Charlie_5002 - DEBUG - Received from David: discovery_response
2025-12-10 20:51:38,911 - Charlie_5002 - DEBUG - Received from David: discovery_response
2025-12-10 20:51:38,912 - Charlie_5002 - DEBUG - Received from Alice: discovery_response
2025-12-10 20:51:38,913 - Charlie_5002 - DEBUG - Received from Alice: discovery_response
2025-12-10 20:51:38,913 - Charlie_5002 - DEBUG - Received from Bob: discovery_response
2025-12-10 20:51:38,914 - Charlie_5002 - DEBUG - Received from Eve: discovery_response
2025-12-10 20:51:38,915 - Charlie_5002 - DEBUG - Received from Bob: discovery_response
2025-12-10 20:51:38,915 - Charlie_5002 - DEBUG - Received from Eve: discovery_response
2025-12-10 20:51:38,916 - Charlie_5002 - DEBUG - Received from David: discovery_response
2025-12-10 20:51:38,921 - Charlie_5002 - DEBUG - Received from David: discovery_response
2025-12-10 20:51:38,922 - Charlie_5002 - DEBUG - Received from Eve: discovery_response
2025-12-10 20:51:38,922 - Charlie_5002 - DEBUG - Received from Eve: discovery_response
2025-12-10 20:51:39,227 - Charlie_5002 - DEBUG - Received from David: discovery
2025-12-10 20:51:39,229 - Charlie_5002 - DEBUG - Received from David: discovery
2025-12-10 20:51:39,653 - Charlie_5002 - DEBUG - Received from Eve: discovery
2025-12-10 20:51:39,654 - Charlie_5002 - DEBUG - Received from Eve: discovery
2025-12-10 20:51:42,645 - Charlie_5002 - DEBUG - Received from Alice: discovery
2025-12-10 20:51:42,646 - Charlie_5002 - DEBUG - Received from Alice: discovery
2025-12-10 20:51:43,197 - Charlie_5002 - DEBUG - Received from Bob: discovery
2025-12-10 20:51:43,198 - Charlie_5002 - DEBUG - Received from Bob: discovery
2025-12-10 20:51:43,907 - Charlie_5002 - DEBUG - Received from Alice: discovery_response
2025-12-10 20:51:43,907 - Charlie_5002 - DEBUG - Received from Alice: discovery_response
2025-12-10 20:51:43,908 - Charlie_5002 - DEBUG - Sent: discover
2025-12-10 20:51:43,909 - Charlie_5002 - DEBUG - Received from Bob: discovery_response
2025-12-10 20:51:43,910 - Charlie_5002 - DEBUG - Received from Bob: discovery_response
2025-12-10 20:51:43,911 - Charlie_5002 - DEBUG - Received from David: discovery_response
2025-12-10 20:51:43,912 - Charlie_5002 - DEBUG - Received from David: discovery_response
2025-12-10 20:51:43,913 - Charlie_5002 - DEBUG - Received from Alice: discovery_response
2025-12-10 20:51:43,913 - Charlie_5002 - DEBUG - Received from Alice: discovery_response
2025-12-10 20:51:43,914 - Charlie_5002 - DEBUG - Received from Bob: discovery_response
2025-12-10 20:51:43,915 - Charlie_5002 - DEBUG - Received from Bob: discovery_response
2025-12-10 20:51:43,916 - Charlie_5002 - DEBUG - Received from Eve: discovery_response
2025-12-10 20:51:43,917 - Charlie_5002 - DEBUG - Received from Eve: discovery_response
2025-12-10 20:51:43,918 - Charlie_5002 - DEBUG - Received from David: discovery_response
2025-12-10 20:51:43,918 - Charlie_5002 - DEBUG - Received from David: discovery_response
2025-12-10 20:51:43,919 - Charlie_5002 - DEBUG - Received from Eve: discovery_response
2025-12-10 20:51:43,919 - Charlie_5002 - DEBUG - Received from Eve: discovery_response
2025-12-10 20:51:44,228 - Charlie_5002 - DEBUG - Received from David: discovery
2025-12-10 20:51:44,228 - Charlie_5002 - DEBUG - Received from David: discovery
2025-12-10 20:51:44,654 - Charlie_5002 - DEBUG - Received from Eve: discovery
2025-12-10 20:51:44,656 - Charlie_5002 - DEBUG - Received from Eve: discovery
2025-12-10 20:51:46,379 - Charlie_5002 - INFO - Closing application
2025-12-10 20:51:46,379 - Charlie_5002 - INFO - Device discovery stopped
2025-12-10 20:51:46,380 - Charlie_5002 - INFO - Network stopped
