2025-12-10 21:06:34,357 - Charlie_5010 - INFO - Starting chat application for Charlie on port 5010
2025-12-10 21:06:34,360 - Charlie_5010 - INFO - Network started on port 5010
2025-12-10 21:06:34,360 - Charlie_5010 - INFO - Device discovery started
2025-12-10 21:06:34,361 - Charlie_5010 - DEBUG - Sent: discover
2025-12-10 21:06:34,361 - Charlie_5010 - DEBUG - Received from Alice: discovery_response
2025-12-10 21:06:34,361 - Charlie_5010 - INFO - Device found: Alice
2025-12-10 21:06:34,482 - Charlie_5010 - DEBUG - Received from Bob: discovery_response
2025-12-10 21:06:34,482 - Charlie_5010 - INFO - Device found: Bob
2025-12-10 21:06:39,360 - Charlie_5010 - DEBUG - Sent: discover
2025-12-10 21:06:39,361 - Charlie_5010 - DEBUG - Received from Bob: discovery_response
2025-12-10 21:06:39,371 - Charlie_5010 - DEBUG - Received from Alice: discovery_response
2025-12-10 21:06:44,361 - Charlie_5010 - DEBUG - Sent: discover
2025-12-10 21:06:44,361 - Charlie_5010 - DEBUG - Received from Alice: discovery_response
2025-12-10 21:06:44,363 - Charlie_5010 - DEBUG - Received from Bob: discovery_response
2025-12-10 21:06:49,362 - Charlie_5010 - DEBUG - Sent: discover
2025-12-10 21:06:49,362 - Charlie_5010 - DEBUG - Received from Bob: discovery_response
2025-12-10 21:06:49,364 - Charlie_5010 - DEBUG - Received from Alice: discovery_response
2025-12-10 21:06:54,362 - Charlie_5010 - DEBUG - Sent: discover
2025-12-10 21:06:54,363 - Charlie_5010 - DEBUG - Received from Alice: discovery_response
2025-12-10 21:06:54,363 - Charlie_5010 - DEBUG - Received from Bob: discovery_response
2025-12-10 21:06:59,363 - Charlie_5010 - DEBUG - Sent: discover
2025-12-10 21:06:59,363 - Charlie_5010 - DEBUG - Received from Alice: discovery_response
2025-12-10 21:06:59,364 - Charlie_5010 - DEBUG - Received from Bob: discovery_response
2025-12-10 21:07:04,363 - Charlie_5010 - DEBUG - Sent: discover
2025-12-10 21:07:04,364 - Charlie_5010 - DEBUG - Received from Alice: discovery_response
2025-12-10 21:07:04,364 - Charlie_5010 - DEBUG - Received from Bob: discovery_response
2025-12-10 21:07:09,363 - Charlie_5010 - DEBUG - Sent: discover
2025-12-10 21:07:09,363 - Charlie_5010 - DEBUG - Received from Alice: discovery_response
2025-12-10 21:07:09,364 - Charlie_5010 - DEBUG - Received from Bob: discovery_response
2025-12-10 21:07:14,364 - Charlie_5010 - DEBUG - Sent: discover
2025-12-10 21:07:14,364 - Charlie_5010 - DEBUG - Received from Alice: discovery_response
2025-12-10 21:07:14,365 - Charlie_5010 - DEBUG - Received from Bob: discovery_response
2025-12-10 21:07:19,364 - Charlie_5010 - DEBUG - Sent: discover
2025-12-10 21:07:19,364 - Charlie_5010 - DEBUG - Received from Bob: discovery_response
2025-12-10 21:07:19,366 - Charlie_5010 - DEBUG - Received from Alice: discovery_response
2025-12-10 21:07:24,365 - Charlie_5010 - DEBUG - Sent: discover
2025-12-10 21:07:24,365 - Charlie_5010 - DEBUG - Received from Alice: discovery_response
2025-12-10 21:07:24,365 - Charlie_5010 - DEBUG - Received from Bob: discovery_response
2025-12-10 21:07:29,366 - Charlie_5010 - DEBUG - Sent: discover
2025-12-10 21:07:29,366 - Charlie_5010 - DEBUG - Received from Alice: discovery_response
2025-12-10 21:07:29,366 - Charlie_5010 - DEBUG - Received from Bob: discovery_response
2025-12-10 21:07:34,366 - Charlie_5010 - DEBUG - Sent: discover
2025-12-10 21:07:34,366 - Charlie_5010 - DEBUG - Received from Alice: discovery_response
2025-12-10 21:07:34,367 - Charlie_5010 - DEBUG - Received from Bob: discovery_response
2025-12-10 21:07:39,366 - Charlie_5010 - DEBUG - Sent: discover
2025-12-10 21:07:39,366 - Charlie_5010 - DEBUG - Received from Alice: discovery_response
2025-12-10 21:07:39,367 - Charlie_5010 - DEBUG - Received from Bob: discovery_response
2025-12-10 21:07:44,367 - Charlie_5010 - DEBUG - Sent: discover
2025-12-10 21:07:44,367 - Charlie_5010 - DEBUG - Received from Alice: discovery_response
2025-12-10 21:07:44,368 - Charlie_5010 - DEBUG - Received from Bob: discovery_response
2025-12-10 21:07:49,367 - Charlie_5010 - DEBUG - Sent: discover
2025-12-10 21:07:49,367 - Charlie_5010 - DEBUG - Received from Alice: discovery_response
2025-12-10 21:07:49,368 - Charlie_5010 - DEBUG - Received from Bob: discovery_response
2025-12-10 21:07:54,368 - Charlie_5010 - DEBUG - Sent: discover
2025-12-10 21:07:54,368 - Charlie_5010 - DEBUG - Received from Alice: discovery_response
2025-12-10 21:07:54,369 - Charlie_5010 - DEBUG - Received from Bob: discovery_response
2025-12-10 21:07:59,368 - Charlie_5010 - DEBUG - Sent: discover
2025-12-10 21:07:59,368 - Charlie_5010 - DEBUG - Received from Alice: discovery_response
2025-12-10 21:07:59,369 - Charlie_5010 - DEBUG - Received from Bob: discovery_response
