2025-12-10 20:51:59,863 - Charlie_5002 - INFO - Starting chat application for Charlie on port 5002
2025-12-10 20:51:59,865 - Charlie_5002 - INFO - Network started on port 5002
2025-12-10 20:51:59,866 - Charlie_5002 - INFO - Device discovery started
2025-12-10 20:51:59,867 - Charlie_5002 - DEBUG - Received from Alice: discovery_response
2025-12-10 20:51:59,867 - Charlie_5002 - INFO - Device found: Alice
2025-12-10 20:51:59,868 - Charlie_5002 - DEBUG - Sent: discover
2025-12-10 20:51:59,900 - Charlie_5002 - DEBUG - Received from Alice: discovery_response
2025-12-10 20:51:59,900 - Charlie_5002 - DEBUG - Received from Bob: discovery_response
2025-12-10 20:51:59,900 - Charlie_5002 - INFO - Device found: Bob
2025-12-10 20:51:59,906 - Charlie_5002 - DEBUG - Received from Bob: discovery_response
2025-12-10 20:51:59,906 - Charlie_5002 - DEBUG - Received from Bob: discovery_response
2025-12-10 20:51:59,907 - Charlie_5002 - DEBUG - Received from Bob: discovery_response
2025-12-10 20:51:59,907 - Charlie_5002 - DEBUG - Received from Alice: discovery_response
2025-12-10 20:51:59,910 - Charlie_5002 - DEBUG - Received from Alice: discovery_response
2025-12-10 20:52:00,257 - Charlie_5002 - DEBUG - Received from David: discovery
2025-12-10 20:52:00,257 - Charlie_5002 - INFO - Device found: David
2025-12-10 20:52:00,260 - Charlie_5002 - DEBUG - Received from David: discovery
2025-12-10 20:52:03,635 - Charlie_5002 - DEBUG - Received from Alice: discovery
2025-12-10 20:52:03,635 - Charlie_5002 - DEBUG - Received from Alice: discovery
2025-12-10 20:52:04,252 - Charlie_5002 - DEBUG - Received from Bob: discovery
2025-12-10 20:52:04,253 - Charlie_5002 - DEBUG - Received from Bob: discovery
2025-12-10 20:52:04,868 - Charlie_5002 - DEBUG - Received from Alice: discovery_response
2025-12-10 20:52:04,868 - Charlie_5002 - DEBUG - Received from Alice: discovery_response
2025-12-10 20:52:04,868 - Charlie_5002 - DEBUG - Sent: discover
2025-12-10 20:52:04,869 - Charlie_5002 - DEBUG - Received from Bob: discovery_response
2025-12-10 20:52:04,870 - Charlie_5002 - DEBUG - Received from Bob: discovery_response
2025-12-10 20:52:04,871 - Charlie_5002 - DEBUG - Received from David: discovery_response
2025-12-10 20:52:04,872 - Charlie_5002 - DEBUG - Received from David: discovery_response
2025-12-10 20:52:04,873 - Charlie_5002 - DEBUG - Received from Alice: discovery_response
2025-12-10 20:52:04,874 - Charlie_5002 - DEBUG - Received from Bob: discovery_response
2025-12-10 20:52:04,874 - Charlie_5002 - DEBUG - Received from Alice: discovery_response
2025-12-10 20:52:04,875 - Charlie_5002 - DEBUG - Received from Bob: discovery_response
2025-12-10 20:52:04,876 - Charlie_5002 - DEBUG - Received from David: discovery_response
2025-12-10 20:52:04,876 - Charlie_5002 - DEBUG - Received from David: discovery_response
2025-12-10 20:52:05,257 - Charlie_5002 - DEBUG - Received from David: discovery
2025-12-10 20:52:05,257 - Charlie_5002 - DEBUG - Received from David: discovery
2025-12-10 20:52:08,635 - Charlie_5002 - DEBUG - Received from Alice: discovery
2025-12-10 20:52:08,636 - Charlie_5002 - DEBUG - Received from Alice: discovery
2025-12-10 20:52:09,252 - Charlie_5002 - DEBUG - Received from Bob: discovery
2025-12-10 20:52:09,253 - Charlie_5002 - DEBUG - Received from Bob: discovery
2025-12-10 20:52:09,867 - Charlie_5002 - DEBUG - Received from Alice: discovery_response
2025-12-10 20:52:09,869 - Charlie_5002 - DEBUG - Received from Bob: discovery_response
2025-12-10 20:52:09,869 - Charlie_5002 - DEBUG - Sent: discover
2025-12-10 20:52:09,870 - Charlie_5002 - DEBUG - Received from Alice: discovery_response
2025-12-10 20:52:09,871 - Charlie_5002 - DEBUG - Received from Bob: discovery_response
2025-12-10 20:52:09,872 - Charlie_5002 - DEBUG - Received from David: discovery_response
2025-12-10 20:52:09,872 - Charlie_5002 - DEBUG - Received from David: discovery_response
2025-12-10 20:52:09,873 - Charlie_5002 - DEBUG - Received from Alice: discovery_response
2025-12-10 20:52:09,874 - Charlie_5002 - DEBUG - Received from Bob: discovery_response
2025-12-10 20:52:09,874 - Charlie_5002 - DEBUG - Received from Alice: discovery_response
2025-12-10 20:52:09,875 - Charlie_5002 - DEBUG - Received from Bob: discovery_response
2025-12-10 20:52:09,876 - Charlie_5002 - DEBUG - Received from David: discovery_response
2025-12-10 20:52:09,877 - Charlie_5002 - DEBUG - Received from David: discovery_response
2025-12-10 20:52:10,258 - Charlie_5002 - DEBUG - Received from David: discovery
2025-12-10 20:52:10,260 - Charlie_5002 - DEBUG - Received from David: discovery
2025-12-10 20:52:13,635 - Charlie_5002 - DEBUG - Received from Alice: discovery
2025-12-10 20:52:13,637 - Charlie_5002 - DEBUG - Received from Alice: discovery
2025-12-10 20:52:14,253 - Charlie_5002 - DEBUG - Received from Bob: discovery
2025-12-10 20:52:14,254 - Charlie_5002 - DEBUG - Received from Bob: discovery
2025-12-10 20:52:14,869 - Charlie_5002 - DEBUG - Received from Alice: discovery_response
2025-12-10 20:52:14,869 - Charlie_5002 - DEBUG - Sent: discover
2025-12-10 20:52:14,869 - Charlie_5002 - DEBUG - Received from Alice: discovery_response
2025-12-10 20:52:14,872 - Charlie_5002 - DEBUG - Received from Bob: discovery_response
2025-12-10 20:52:14,873 - Charlie_5002 - DEBUG - Received from Bob: discovery_response
2025-12-10 20:52:14,873 - Charlie_5002 - DEBUG - Received from David: discovery_response
2025-12-10 20:52:14,874 - Charlie_5002 - DEBUG - Received from Alice: discovery_response
2025-12-10 20:52:14,875 - Charlie_5002 - DEBUG - Received from David: discovery_response
2025-12-10 20:52:14,875 - Charlie_5002 - DEBUG - Received from Alice: discovery_response
2025-12-10 20:52:14,876 - Charlie_5002 - DEBUG - Received from Bob: discovery_response
2025-12-10 20:52:14,877 - Charlie_5002 - DEBUG - Received from Bob: discovery_response
2025-12-10 20:52:14,877 - Charlie_5002 - DEBUG - Received from David: discovery_response
2025-12-10 20:52:14,878 - Charlie_5002 - DEBUG - Received from David: discovery_response
2025-12-10 20:52:15,259 - Charlie_5002 - DEBUG - Received from David: discovery
2025-12-10 20:52:15,260 - Charlie_5002 - DEBUG - Received from David: discovery
2025-12-10 20:52:18,635 - Charlie_5002 - DEBUG - Received from Alice: discovery
2025-12-10 20:52:18,637 - Charlie_5002 - DEBUG - Received from Alice: discovery
2025-12-10 20:52:19,254 - Charlie_5002 - DEBUG - Received from Bob: discovery
2025-12-10 20:52:19,255 - Charlie_5002 - DEBUG - Received from Bob: discovery
2025-12-10 20:52:19,869 - Charlie_5002 - DEBUG - Sent: discover
2025-12-10 20:52:19,869 - Charlie_5002 - DEBUG - Received from Alice: discovery_response
2025-12-10 20:52:19,871 - Charlie_5002 - DEBUG - Received from Bob: discovery_response
2025-12-10 20:52:19,872 - Charlie_5002 - DEBUG - Received from David: discovery_response
2025-12-10 20:52:19,873 - Charlie_5002 - DEBUG - Received from Alice: discovery_response
2025-12-10 20:52:19,873 - Charlie_5002 - DEBUG - Received from Bob: discovery_response
2025-12-10 20:52:19,874 - Charlie_5002 - DEBUG - Received from David: discovery_response
2025-12-10 20:52:19,874 - Charlie_5002 - DEBUG - Received from Bob: discovery_response
2025-12-10 20:52:19,875 - Charlie_5002 - DEBUG - Received from Bob: discovery_response
2025-12-10 20:52:19,875 - Charlie_5002 - DEBUG - Received from Alice: discovery_response
2025-12-10 20:52:19,875 - Charlie_5002 - DEBUG - Received from Alice: discovery_response
2025-12-10 20:52:19,876 - Charlie_5002 - DEBUG - Received from David: discovery_response
2025-12-10 20:52:19,876 - Charlie_5002 - DEBUG - Received from David: discovery_response
2025-12-10 20:52:20,259 - Charlie_5002 - DEBUG - Received from David: discovery
2025-12-10 20:52:20,259 - Charlie_5002 - DEBUG - Received from David: discovery
2025-12-10 20:52:23,636 - Charlie_5002 - DEBUG - Received from Alice: discovery
2025-12-10 20:52:23,637 - Charlie_5002 - DEBUG - Received from Alice: discovery
2025-12-10 20:52:24,254 - Charlie_5002 - DEBUG - Received from Bob: discovery
2025-12-10 20:52:24,255 - Charlie_5002 - DEBUG - Received from Bob: discovery
2025-12-10 20:52:24,869 - Charlie_5002 - DEBUG - Sent: discover
2025-12-10 20:52:24,869 - Charlie_5002 - DEBUG - Received from Alice: discovery_response
2025-12-10 20:52:24,871 - Charlie_5002 - DEBUG - Received from Bob: discovery_response
2025-12-10 20:52:24,872 - Charlie_5002 - DEBUG - Received from Alice: discovery_response
2025-12-10 20:52:24,873 - Charlie_5002 - DEBUG - Received from Bob: discovery_response
2025-12-10 20:52:24,874 - Charlie_5002 - DEBUG - Received from David: discovery_response
2025-12-10 20:52:24,874 - Charlie_5002 - DEBUG - Received from David: discovery_response
2025-12-10 20:52:24,875 - Charlie_5002 - DEBUG - Received from Bob: discovery_response
2025-12-10 20:52:24,875 - Charlie_5002 - DEBUG - Received from Alice: discovery_response
2025-12-10 20:52:24,875 - Charlie_5002 - DEBUG - Received from Bob: discovery_response
2025-12-10 20:52:24,876 - Charlie_5002 - DEBUG - Received from Alice: discovery_response
2025-12-10 20:52:24,876 - Charlie_5002 - DEBUG - Received from David: discovery_response
2025-12-10 20:52:24,876 - Charlie_5002 - DEBUG - Received from David: discovery_response
2025-12-10 20:52:25,259 - Charlie_5002 - DEBUG - Received from David: discovery
2025-12-10 20:52:25,261 - Charlie_5002 - DEBUG - Received from David: discovery
2025-12-10 20:52:28,636 - Charlie_5002 - DEBUG - Received from Alice: discovery
2025-12-10 20:52:28,637 - Charlie_5002 - DEBUG - Received from Alice: discovery
2025-12-10 20:52:29,254 - Charlie_5002 - DEBUG - Received from Bob: discovery
2025-12-10 20:52:29,255 - Charlie_5002 - DEBUG - Received from Bob: discovery
2025-12-10 20:52:29,869 - Charlie_5002 - DEBUG - Sent: discover
2025-12-10 20:52:29,870 - Charlie_5002 - DEBUG - Received from David: discovery_response
2025-12-10 20:52:29,870 - Charlie_5002 - DEBUG - Received from Bob: discovery_response
2025-12-10 20:52:29,873 - Charlie_5002 - DEBUG - Received from Alice: discovery_response
2025-12-10 20:52:29,873 - Charlie_5002 - DEBUG - Received from David: discovery_response
2025-12-10 20:52:29,874 - Charlie_5002 - DEBUG - Received from Alice: discovery_response
2025-12-10 20:52:29,874 - Charlie_5002 - DEBUG - Received from Bob: discovery_response
2025-12-10 20:52:29,875 - Charlie_5002 - DEBUG - Received from David: discovery_response
2025-12-10 20:52:29,875 - Charlie_5002 - DEBUG - Received from Bob: discovery_response
2025-12-10 20:52:29,876 - Charlie_5002 - DEBUG - Received from Alice: discovery_response
2025-12-10 20:52:29,876 - Charlie_5002 - DEBUG - Received from David: discovery_response
2025-12-10 20:52:29,876 - Charlie_5002 - DEBUG - Received from Bob: discovery_response
2025-12-10 20:52:29,877 - Charlie_5002 - DEBUG - Received from Alice: discovery_response
2025-12-10 20:52:30,259 - Charlie_5002 - DEBUG - Received from David: discovery
2025-12-10 20:52:30,260 - Charlie_5002 - DEBUG - Received from David: discovery
2025-12-10 20:52:33,637 - Charlie_5002 - DEBUG - Received from Alice: discovery
2025-12-10 20:52:33,638 - Charlie_5002 - DEBUG - Received from Alice: discovery
2025-12-10 20:52:34,255 - Charlie_5002 - DEBUG - Received from Bob: discovery
2025-12-10 20:52:34,257 - Charlie_5002 - DEBUG - Received from Bob: discovery
2025-12-10 20:52:34,870 - Charlie_5002 - DEBUG - Sent: discover
2025-12-10 20:52:34,871 - Charlie_5002 - DEBUG - Received from Bob: discovery_response
2025-12-10 20:52:34,872 - Charlie_5002 - DEBUG - Received from Alice: discovery_response
2025-12-10 20:52:34,873 - Charlie_5002 - DEBUG - Received from Alice: discovery_response
2025-12-10 20:52:34,874 - Charlie_5002 - DEBUG - Received from Bob: discovery_response
2025-12-10 20:52:34,875 - Charlie_5002 - DEBUG - Received from David: discovery_response
2025-12-10 20:52:34,875 - Charlie_5002 - DEBUG - Received from David: discovery_response
2025-12-10 20:52:34,876 - Charlie_5002 - DEBUG - Received from Bob: discovery_response
2025-12-10 20:52:34,876 - Charlie_5002 - DEBUG - Received from Bob: discovery_response
2025-12-10 20:52:34,877 - Charlie_5002 - DEBUG - Received from Alice: discovery_response
2025-12-10 20:52:34,877 - Charlie_5002 - DEBUG - Received from Alice: discovery_response
2025-12-10 20:52:34,878 - Charlie_5002 - DEBUG - Received from David: discovery_response
2025-12-10 20:52:34,879 - Charlie_5002 - DEBUG - Received from David: discovery_response
2025-12-10 20:52:35,260 - Charlie_5002 - DEBUG - Received from David: discovery
2025-12-10 20:52:35,262 - Charlie_5002 - DEBUG - Received from David: discovery
2025-12-10 20:52:38,638 - Charlie_5002 - DEBUG - Received from Alice: discovery
2025-12-10 20:52:38,640 - Charlie_5002 - DEBUG - Received from Alice: discovery
2025-12-10 20:52:39,255 - Charlie_5002 - DEBUG - Received from Bob: discovery
2025-12-10 20:52:39,257 - Charlie_5002 - DEBUG - Received from Bob: discovery
2025-12-10 20:52:39,871 - Charlie_5002 - DEBUG - Sent: discover
2025-12-10 20:52:39,871 - Charlie_5002 - DEBUG - Received from Alice: discovery_response
2025-12-10 20:52:39,873 - Charlie_5002 - DEBUG - Received from Bob: discovery_response
2025-12-10 20:52:39,874 - Charlie_5002 - DEBUG - Received from Alice: discovery_response
2025-12-10 20:52:39,875 - Charlie_5002 - DEBUG - Received from Bob: discovery_response
2025-12-10 20:52:39,877 - Charlie_5002 - DEBUG - Received from David: discovery_response
2025-12-10 20:52:39,878 - Charlie_5002 - DEBUG - Received from David: discovery_response
2025-12-10 20:52:39,878 - Charlie_5002 - DEBUG - Received from Alice: discovery_response
2025-12-10 20:52:39,879 - Charlie_5002 - DEBUG - Received from Alice: discovery_response
2025-12-10 20:52:39,879 - Charlie_5002 - DEBUG - Received from Bob: discovery_response
2025-12-10 20:52:39,879 - Charlie_5002 - DEBUG - Received from Bob: discovery_response
2025-12-10 20:52:39,879 - Charlie_5002 - DEBUG - Received from David: discovery_response
2025-12-10 20:52:39,879 - Charlie_5002 - DEBUG - Received from David: discovery_response
2025-12-10 20:52:40,260 - Charlie_5002 - DEBUG - Received from David: discovery
2025-12-10 20:52:40,261 - Charlie_5002 - DEBUG - Received from David: discovery
2025-12-10 20:52:42,606 - Charlie_5002 - INFO - Created group: 123 (100d7b2a)
2025-12-10 20:52:43,639 - Charlie_5002 - DEBUG - Received from Alice: discovery
2025-12-10 20:52:43,639 - Charlie_5002 - DEBUG - Received from Alice: discovery
2025-12-10 20:52:44,255 - Charlie_5002 - DEBUG - Received from Bob: discovery
2025-12-10 20:52:44,256 - Charlie_5002 - DEBUG - Received from Bob: discovery
2025-12-10 20:52:44,871 - Charlie_5002 - DEBUG - Sent: discover
2025-12-10 20:52:44,872 - Charlie_5002 - DEBUG - Received from Alice: discovery_response
2025-12-10 20:52:44,873 - Charlie_5002 - DEBUG - Received from Bob: discovery_response
2025-12-10 20:52:44,874 - Charlie_5002 - DEBUG - Received from Bob: discovery_response
2025-12-10 20:52:44,874 - Charlie_5002 - DEBUG - Received from Alice: discovery_response
2025-12-10 20:52:44,875 - Charlie_5002 - DEBUG - Received from David: discovery_response
2025-12-10 20:52:44,876 - Charlie_5002 - DEBUG - Received from David: discovery_response
2025-12-10 20:52:44,876 - Charlie_5002 - DEBUG - Received from Alice: discovery_response
2025-12-10 20:52:44,877 - Charlie_5002 - DEBUG - Received from Alice: discovery_response
2025-12-10 20:52:44,877 - Charlie_5002 - DEBUG - Received from Bob: discovery_response
2025-12-10 20:52:44,878 - Charlie_5002 - DEBUG - Received from Bob: discovery_response
2025-12-10 20:52:44,878 - Charlie_5002 - DEBUG - Received from David: discovery_response
2025-12-10 20:52:44,878 - Charlie_5002 - DEBUG - Received from David: discovery_response
2025-12-10 20:52:45,260 - Charlie_5002 - DEBUG - Received from David: discovery
2025-12-10 20:52:45,261 - Charlie_5002 - DEBUG - Received from David: discovery
2025-12-10 20:52:48,639 - Charlie_5002 - DEBUG - Received from Alice: discovery
2025-12-10 20:52:48,640 - Charlie_5002 - DEBUG - Received from Alice: discovery
2025-12-10 20:52:49,255 - Charlie_5002 - DEBUG - Received from Bob: discovery
2025-12-10 20:52:49,257 - Charlie_5002 - DEBUG - Received from Bob: discovery
2025-12-10 20:52:49,873 - Charlie_5002 - DEBUG - Sent: discover
2025-12-10 20:52:49,873 - Charlie_5002 - DEBUG - Received from Bob: discovery_response
2025-12-10 20:52:49,874 - Charlie_5002 - DEBUG - Received from Alice: discovery_response
2025-12-10 20:52:49,875 - Charlie_5002 - DEBUG - Received from Bob: discovery_response
2025-12-10 20:52:49,876 - Charlie_5002 - DEBUG - Received from David: discovery_response
2025-12-10 20:52:49,877 - Charlie_5002 - DEBUG - Received from Alice: discovery_response
2025-12-10 20:52:49,878 - Charlie_5002 - DEBUG - Received from David: discovery_response
2025-12-10 20:52:49,878 - Charlie_5002 - DEBUG - Received from Bob: discovery_response
2025-12-10 20:52:49,878 - Charlie_5002 - DEBUG - Received from Bob: discovery_response
2025-12-10 20:52:49,879 - Charlie_5002 - DEBUG - Received from Alice: discovery_response
2025-12-10 20:52:49,879 - Charlie_5002 - DEBUG - Received from Alice: discovery_response
2025-12-10 20:52:49,880 - Charlie_5002 - DEBUG - Received from David: discovery_response
2025-12-10 20:52:49,880 - Charlie_5002 - DEBUG - Received from David: discovery_response
2025-12-10 20:52:50,261 - Charlie_5002 - DEBUG - Received from David: discovery
2025-12-10 20:52:50,262 - Charlie_5002 - DEBUG - Received from David: discovery
2025-12-10 20:52:50,796 - Charlie_5002 - DEBUG - Group 100d7b2a: 132
2025-12-10 20:52:53,640 - Charlie_5002 - DEBUG - Received from Alice: discovery
2025-12-10 20:52:53,641 - Charlie_5002 - DEBUG - Received from Alice: discovery
2025-12-10 20:52:54,256 - Charlie_5002 - DEBUG - Received from Bob: discovery
2025-12-10 20:52:54,257 - Charlie_5002 - DEBUG - Received from Bob: discovery
2025-12-10 20:52:54,872 - Charlie_5002 - DEBUG - Received from Alice: discovery_response
2025-12-10 20:52:54,872 - Charlie_5002 - DEBUG - Sent: discover
2025-12-10 20:52:54,873 - Charlie_5002 - DEBUG - Received from Alice: discovery_response
2025-12-10 20:52:54,874 - Charlie_5002 - DEBUG - Received from Bob: discovery_response
2025-12-10 20:52:54,875 - Charlie_5002 - DEBUG - Received from Bob: discovery_response
2025-12-10 20:52:54,875 - Charlie_5002 - DEBUG - Received from Alice: discovery_response
2025-12-10 20:52:54,876 - Charlie_5002 - DEBUG - Received from David: discovery_response
2025-12-10 20:52:54,877 - Charlie_5002 - DEBUG - Received from Alice: discovery_response
2025-12-10 20:52:54,877 - Charlie_5002 - DEBUG - Received from David: discovery_response
2025-12-10 20:52:54,879 - Charlie_5002 - DEBUG - Received from Bob: discovery_response
2025-12-10 20:52:54,879 - Charlie_5002 - DEBUG - Received from Bob: discovery_response
2025-12-10 20:52:54,879 - Charlie_5002 - DEBUG - Received from David: discovery_response
2025-12-10 20:52:54,879 - Charlie_5002 - DEBUG - Received from David: discovery_response
2025-12-10 20:52:55,262 - Charlie_5002 - DEBUG - Received from David: discovery
2025-12-10 20:52:55,262 - Charlie_5002 - DEBUG - Received from David: discovery
2025-12-10 20:52:57,342 - Charlie_5002 - DEBUG - Group 100d7b2a: 123
2025-12-10 20:52:58,640 - Charlie_5002 - DEBUG - Received from Alice: discovery
2025-12-10 20:52:58,641 - Charlie_5002 - DEBUG - Received from Alice: discovery
2025-12-10 20:52:59,256 - Charlie_5002 - DEBUG - Received from Bob: discovery
2025-12-10 20:52:59,257 - Charlie_5002 - DEBUG - Received from Bob: discovery
2025-12-10 20:52:59,872 - Charlie_5002 - DEBUG - Received from Alice: discovery_response
2025-12-10 20:52:59,872 - Charlie_5002 - DEBUG - Sent: discover
2025-12-10 20:52:59,874 - Charlie_5002 - DEBUG - Received from Alice: discovery_response
2025-12-10 20:52:59,875 - Charlie_5002 - DEBUG - Received from Bob: discovery_response
2025-12-10 20:52:59,877 - Charlie_5002 - DEBUG - Received from Bob: discovery_response
2025-12-10 20:52:59,877 - Charlie_5002 - DEBUG - Received from David: discovery_response
2025-12-10 20:52:59,879 - Charlie_5002 - DEBUG - Received from David: discovery_response
2025-12-10 20:52:59,879 - Charlie_5002 - DEBUG - Received from Alice: discovery_response
2025-12-10 20:52:59,880 - Charlie_5002 - DEBUG - Received from Alice: discovery_response
2025-12-10 20:52:59,880 - Charlie_5002 - DEBUG - Received from Bob: discovery_response
2025-12-10 20:52:59,880 - Charlie_5002 - DEBUG - Received from Bob: discovery_response
2025-12-10 20:52:59,880 - Charlie_5002 - DEBUG - Received from David: discovery_response
2025-12-10 20:52:59,881 - Charlie_5002 - DEBUG - Received from David: discovery_response
2025-12-10 20:53:00,263 - Charlie_5002 - DEBUG - Received from David: discovery
2025-12-10 20:53:00,264 - Charlie_5002 - DEBUG - Received from David: discovery
2025-12-10 20:53:01,651 - Charlie_5002 - DEBUG - Received from Alice: group_message
2025-12-10 20:53:01,652 - Charlie_5002 - DEBUG - Received from Alice: group_message
2025-12-10 20:53:03,640 - Charlie_5002 - DEBUG - Received from Alice: discovery
2025-12-10 20:53:03,642 - Charlie_5002 - DEBUG - Received from Alice: discovery
2025-12-10 20:53:04,257 - Charlie_5002 - DEBUG - Received from Bob: discovery
2025-12-10 20:53:04,258 - Charlie_5002 - DEBUG - Received from Bob: discovery
2025-12-10 20:53:04,874 - Charlie_5002 - DEBUG - Received from Alice: discovery_response
2025-12-10 20:53:04,874 - Charlie_5002 - DEBUG - Sent: discover
2025-12-10 20:53:04,875 - Charlie_5002 - DEBUG - Received from Alice: discovery_response
2025-12-10 20:53:04,876 - Charlie_5002 - DEBUG - Received from Bob: discovery_response
2025-12-10 20:53:04,877 - Charlie_5002 - DEBUG - Received from Bob: discovery_response
2025-12-10 20:53:04,877 - Charlie_5002 - DEBUG - Received from David: discovery_response
2025-12-10 20:53:04,878 - Charlie_5002 - DEBUG - Received from David: discovery_response
2025-12-10 20:53:04,878 - Charlie_5002 - DEBUG - Received from Alice: discovery_response
2025-12-10 20:53:04,878 - Charlie_5002 - DEBUG - Received from Alice: discovery_response
2025-12-10 20:53:04,879 - Charlie_5002 - DEBUG - Received from Bob: discovery_response
2025-12-10 20:53:04,879 - Charlie_5002 - DEBUG - Received from Bob: discovery_response
2025-12-10 20:53:04,879 - Charlie_5002 - DEBUG - Received from David: discovery_response
2025-12-10 20:53:04,880 - Charlie_5002 - DEBUG - Received from David: discovery_response
2025-12-10 20:53:05,263 - Charlie_5002 - DEBUG - Received from David: discovery
2025-12-10 20:53:05,265 - Charlie_5002 - DEBUG - Received from David: discovery
2025-12-10 20:53:08,641 - Charlie_5002 - DEBUG - Received from Alice: discovery
2025-12-10 20:53:08,642 - Charlie_5002 - DEBUG - Received from Alice: discovery
2025-12-10 20:53:09,258 - Charlie_5002 - DEBUG - Received from Bob: discovery
2025-12-10 20:53:09,258 - Charlie_5002 - DEBUG - Received from Bob: discovery
2025-12-10 20:53:09,873 - Charlie_5002 - DEBUG - Received from Alice: discovery_response
2025-12-10 20:53:09,874 - Charlie_5002 - DEBUG - Sent: discover
2025-12-10 20:53:09,874 - Charlie_5002 - DEBUG - Received from Alice: discovery_response
2025-12-10 20:53:09,875 - Charlie_5002 - DEBUG - Received from Bob: discovery_response
2025-12-10 20:53:09,876 - Charlie_5002 - DEBUG - Received from Bob: discovery_response
2025-12-10 20:53:09,876 - Charlie_5002 - DEBUG - Received from David: discovery_response
2025-12-10 20:53:09,878 - Charlie_5002 - DEBUG - Received from David: discovery_response
2025-12-10 20:53:09,878 - Charlie_5002 - DEBUG - Received from Alice: discovery_response
2025-12-10 20:53:09,878 - Charlie_5002 - DEBUG - Received from Alice: discovery_response
2025-12-10 20:53:09,879 - Charlie_5002 - DEBUG - Received from Bob: discovery_response
2025-12-10 20:53:09,879 - Charlie_5002 - DEBUG - Received from Bob: discovery_response
2025-12-10 20:53:09,880 - Charlie_5002 - DEBUG - Received from David: discovery_response
2025-12-10 20:53:09,880 - Charlie_5002 - DEBUG - Received from David: discovery_response
2025-12-10 20:53:10,263 - Charlie_5002 - DEBUG - Received from David: discovery
2025-12-10 20:53:10,264 - Charlie_5002 - DEBUG - Received from David: discovery
2025-12-10 20:53:13,641 - Charlie_5002 - DEBUG - Received from Alice: discovery
2025-12-10 20:53:13,642 - Charlie_5002 - DEBUG - Received from Alice: discovery
2025-12-10 20:53:13,931 - Charlie_5002 - DEBUG - Group 100d7b2a: 123
2025-12-10 20:53:14,257 - Charlie_5002 - DEBUG - Received from Bob: discovery
2025-12-10 20:53:14,259 - Charlie_5002 - DEBUG - Received from Bob: discovery
2025-12-10 20:53:14,874 - Charlie_5002 - DEBUG - Sent: discover
2025-12-10 20:53:14,875 - Charlie_5002 - DEBUG - Received from Bob: discovery_response
2025-12-10 20:53:14,876 - Charlie_5002 - DEBUG - Received from Alice: discovery_response
2025-12-10 20:53:14,878 - Charlie_5002 - DEBUG - Received from Bob: discovery_response
2025-12-10 20:53:14,878 - Charlie_5002 - DEBUG - Received from Alice: discovery_response
2025-12-10 20:53:14,878 - Charlie_5002 - DEBUG - Received from David: discovery_response
2025-12-10 20:53:14,879 - Charlie_5002 - DEBUG - Received from David: discovery_response
2025-12-10 20:53:14,880 - Charlie_5002 - DEBUG - Received from Bob: discovery_response
2025-12-10 20:53:14,880 - Charlie_5002 - DEBUG - Received from Bob: discovery_response
2025-12-10 20:53:14,880 - Charlie_5002 - DEBUG - Received from Alice: discovery_response
2025-12-10 20:53:14,881 - Charlie_5002 - DEBUG - Received from Alice: discovery_response
2025-12-10 20:53:14,881 - Charlie_5002 - DEBUG - Received from David: discovery_response
2025-12-10 20:53:14,881 - Charlie_5002 - DEBUG - Received from David: discovery_response
2025-12-10 20:53:15,264 - Charlie_5002 - DEBUG - Received from David: discovery
2025-12-10 20:53:15,266 - Charlie_5002 - DEBUG - Received from David: discovery
2025-12-10 20:53:18,642 - Charlie_5002 - DEBUG - Received from Alice: discovery
2025-12-10 20:53:18,643 - Charlie_5002 - DEBUG - Received from Alice: discovery
2025-12-10 20:53:19,206 - Charlie_5002 - DEBUG - Received from Alice: group_message
2025-12-10 20:53:19,207 - Charlie_5002 - DEBUG - Received from Alice: group_message
2025-12-10 20:53:19,258 - Charlie_5002 - DEBUG - Received from Bob: discovery
2025-12-10 20:53:19,260 - Charlie_5002 - DEBUG - Received from Bob: discovery
2025-12-10 20:53:19,874 - Charlie_5002 - DEBUG - Received from Alice: discovery_response
2025-12-10 20:53:19,874 - Charlie_5002 - DEBUG - Sent: discover
2025-12-10 20:53:19,875 - Charlie_5002 - DEBUG - Received from Alice: discovery_response
2025-12-10 20:53:19,876 - Charlie_5002 - DEBUG - Received from Bob: discovery_response
2025-12-10 20:53:19,877 - Charlie_5002 - DEBUG - Received from Bob: discovery_response
2025-12-10 20:53:19,878 - Charlie_5002 - DEBUG - Received from Alice: discovery_response
2025-12-10 20:53:19,879 - Charlie_5002 - DEBUG - Received from David: discovery_response
2025-12-10 20:53:19,880 - Charlie_5002 - DEBUG - Received from Alice: discovery_response
2025-12-10 20:53:19,881 - Charlie_5002 - DEBUG - Received from David: discovery_response
2025-12-10 20:53:19,882 - Charlie_5002 - DEBUG - Received from Bob: discovery_response
2025-12-10 20:53:19,883 - Charlie_5002 - DEBUG - Received from Bob: discovery_response
2025-12-10 20:53:19,883 - Charlie_5002 - DEBUG - Received from David: discovery_response
2025-12-10 20:53:19,884 - Charlie_5002 - DEBUG - Received from David: discovery_response
2025-12-10 20:53:20,264 - Charlie_5002 - DEBUG - Received from David: discovery
2025-12-10 20:53:20,265 - Charlie_5002 - DEBUG - Received from David: discovery
2025-12-10 20:53:23,516 - Charlie_5002 - DEBUG - Received from Bob: group_message
2025-12-10 20:53:23,517 - Charlie_5002 - DEBUG - Received from Bob: group_message
2025-12-10 20:53:23,642 - Charlie_5002 - DEBUG - Received from Alice: discovery
2025-12-10 20:53:23,643 - Charlie_5002 - DEBUG - Received from Alice: discovery
2025-12-10 20:53:24,258 - Charlie_5002 - DEBUG - Received from Bob: discovery
2025-12-10 20:53:24,259 - Charlie_5002 - DEBUG - Received from Bob: discovery
2025-12-10 20:53:24,875 - Charlie_5002 - DEBUG - Received from Alice: discovery_response
2025-12-10 20:53:24,875 - Charlie_5002 - DEBUG - Sent: discover
2025-12-10 20:53:24,876 - Charlie_5002 - DEBUG - Received from Alice: discovery_response
2025-12-10 20:53:24,877 - Charlie_5002 - DEBUG - Received from Bob: discovery_response
2025-12-10 20:53:24,878 - Charlie_5002 - DEBUG - Received from Bob: discovery_response
2025-12-10 20:53:24,878 - Charlie_5002 - DEBUG - Received from David: discovery_response
2025-12-10 20:53:24,879 - Charlie_5002 - DEBUG - Received from David: discovery_response
2025-12-10 20:53:24,879 - Charlie_5002 - DEBUG - Received from Alice: discovery_response
2025-12-10 20:53:24,881 - Charlie_5002 - DEBUG - Received from Alice: discovery_response
2025-12-10 20:53:24,881 - Charlie_5002 - DEBUG - Received from Bob: discovery_response
2025-12-10 20:53:24,881 - Charlie_5002 - DEBUG - Received from Bob: discovery_response
2025-12-10 20:53:24,882 - Charlie_5002 - DEBUG - Received from David: discovery_response
2025-12-10 20:53:24,882 - Charlie_5002 - DEBUG - Received from David: discovery_response
2025-12-10 20:53:25,264 - Charlie_5002 - DEBUG - Received from David: discovery
2025-12-10 20:53:25,266 - Charlie_5002 - DEBUG - Received from David: discovery
2025-12-10 20:53:28,642 - Charlie_5002 - DEBUG - Received from Alice: discovery
2025-12-10 20:53:28,643 - Charlie_5002 - DEBUG - Received from Alice: discovery
2025-12-10 20:53:29,259 - Charlie_5002 - DEBUG - Received from Bob: discovery
2025-12-10 20:53:29,260 - Charlie_5002 - DEBUG - Received from Bob: discovery
2025-12-10 20:53:29,875 - Charlie_5002 - DEBUG - Received from Alice: discovery_response
2025-12-10 20:53:29,875 - Charlie_5002 - DEBUG - Sent: discover
2025-12-10 20:53:29,876 - Charlie_5002 - DEBUG - Received from Alice: discovery_response
2025-12-10 20:53:29,877 - Charlie_5002 - DEBUG - Received from Bob: discovery_response
2025-12-10 20:53:29,878 - Charlie_5002 - DEBUG - Received from Bob: discovery_response
2025-12-10 20:53:29,879 - Charlie_5002 - DEBUG - Received from David: discovery_response
2025-12-10 20:53:29,880 - Charlie_5002 - DEBUG - Received from David: discovery_response
2025-12-10 20:53:29,881 - Charlie_5002 - DEBUG - Received from Alice: discovery_response
2025-12-10 20:53:29,881 - Charlie_5002 - DEBUG - Received from Alice: discovery_response
2025-12-10 20:53:29,882 - Charlie_5002 - DEBUG - Received from Bob: discovery_response
2025-12-10 20:53:29,882 - Charlie_5002 - DEBUG - Received from Bob: discovery_response
2025-12-10 20:53:29,882 - Charlie_5002 - DEBUG - Received from David: discovery_response
2025-12-10 20:53:29,882 - Charlie_5002 - DEBUG - Received from David: discovery_response
2025-12-10 20:53:30,265 - Charlie_5002 - DEBUG - Received from David: discovery
2025-12-10 20:53:30,267 - Charlie_5002 - DEBUG - Received from David: discovery
2025-12-10 20:53:31,842 - Charlie_5002 - DEBUG - Received from Bob: group_message
2025-12-10 20:53:31,842 - Charlie_5002 - DEBUG - Received from Bob: group_message
2025-12-10 20:53:33,643 - Charlie_5002 - DEBUG - Received from Alice: discovery
2025-12-10 20:53:33,644 - Charlie_5002 - DEBUG - Received from Alice: discovery
2025-12-10 20:53:34,259 - Charlie_5002 - DEBUG - Received from Bob: discovery
2025-12-10 20:53:34,259 - Charlie_5002 - DEBUG - Received from Bob: discovery
2025-12-10 20:53:34,876 - Charlie_5002 - DEBUG - Received from Alice: discovery_response
2025-12-10 20:53:34,876 - Charlie_5002 - DEBUG - Received from Alice: discovery_response
2025-12-10 20:53:34,876 - Charlie_5002 - DEBUG - Sent: discover
2025-12-10 20:53:34,877 - Charlie_5002 - DEBUG - Received from Bob: discovery_response
2025-12-10 20:53:34,878 - Charlie_5002 - DEBUG - Received from David: discovery_response
2025-12-10 20:53:34,878 - Charlie_5002 - DEBUG - Received from Bob: discovery_response
2025-12-10 20:53:34,879 - Charlie_5002 - DEBUG - Received from David: discovery_response
2025-12-10 20:53:34,880 - Charlie_5002 - DEBUG - Received from Bob: discovery_response
2025-12-10 20:53:34,881 - Charlie_5002 - DEBUG - Received from Bob: discovery_response
2025-12-10 20:53:34,881 - Charlie_5002 - DEBUG - Received from David: discovery_response
2025-12-10 20:53:34,882 - Charlie_5002 - DEBUG - Received from David: discovery_response
2025-12-10 20:53:34,883 - Charlie_5002 - DEBUG - Received from Alice: discovery_response
2025-12-10 20:53:34,884 - Charlie_5002 - DEBUG - Received from Alice: discovery_response
2025-12-10 20:53:35,265 - Charlie_5002 - DEBUG - Received from David: discovery
2025-12-10 20:53:35,266 - Charlie_5002 - DEBUG - Received from David: discovery
2025-12-10 20:53:38,643 - Charlie_5002 - DEBUG - Received from Alice: discovery
2025-12-10 20:53:38,645 - Charlie_5002 - DEBUG - Received from Alice: discovery
2025-12-10 20:53:39,259 - Charlie_5002 - DEBUG - Received from Bob: discovery
2025-12-10 20:53:39,261 - Charlie_5002 - DEBUG - Received from Bob: discovery
2025-12-10 20:53:39,876 - Charlie_5002 - DEBUG - Received from Bob: discovery_response
2025-12-10 20:53:39,877 - Charlie_5002 - DEBUG - Sent: discover
2025-12-10 20:53:39,881 - Charlie_5002 - DEBUG - Received from Alice: discovery_response
2025-12-10 20:53:39,887 - Charlie_5002 - DEBUG - Received from Bob: discovery_response
2025-12-10 20:53:39,891 - Charlie_5002 - DEBUG - Received from Alice: discovery_response
2025-12-10 20:53:39,892 - Charlie_5002 - DEBUG - Received from David: discovery_response
2025-12-10 20:53:39,894 - Charlie_5002 - DEBUG - Received from David: discovery_response
2025-12-10 20:53:39,895 - Charlie_5002 - DEBUG - Received from Bob: discovery_response
2025-12-10 20:53:39,895 - Charlie_5002 - DEBUG - Received from Bob: discovery_response
2025-12-10 20:53:39,896 - Charlie_5002 - DEBUG - Received from David: discovery_response
2025-12-10 20:53:39,896 - Charlie_5002 - DEBUG - Received from Alice: discovery_response
2025-12-10 20:53:39,897 - Charlie_5002 - DEBUG - Received from David: discovery_response
2025-12-10 20:53:39,897 - Charlie_5002 - DEBUG - Received from Alice: discovery_response
2025-12-10 20:53:40,265 - Charlie_5002 - DEBUG - Received from David: discovery
2025-12-10 20:53:40,266 - Charlie_5002 - DEBUG - Received from David: discovery
2025-12-10 20:53:40,618 - Charlie_5002 - INFO - Closing application
2025-12-10 20:53:40,618 - Charlie_5002 - INFO - Device discovery stopped
2025-12-10 20:53:40,618 - Charlie_5002 - INFO - Network stopped
