2025-12-10 20:51:58,630 - Alice_5000 - INFO - Starting chat application for Alice on port 5000
2025-12-10 20:51:58,632 - Alice_5000 - INFO - Network started on port 5000
2025-12-10 20:51:58,633 - Alice_5000 - INFO - Device discovery started
2025-12-10 20:51:58,634 - Alice_5000 - DEBUG - Sent: discover
2025-12-10 20:51:59,251 - Alice_5000 - DEBUG - Received from Bob: discovery
2025-12-10 20:51:59,252 - Alice_5000 - INFO - Device found: Bob
2025-12-10 20:51:59,253 - Alice_5000 - DEBUG - Received from Bob: discovery
2025-12-10 20:51:59,866 - Alice_5000 - DEBUG - Received from Charlie: discovery
2025-12-10 20:51:59,867 - Alice_5000 - INFO - Device found: Charlie
2025-12-10 20:51:59,869 - Alice_5000 - DEBUG - Received from Charlie: discovery
2025-12-10 20:52:00,257 - Alice_5000 - DEBUG - Received from David: discovery
2025-12-10 20:52:00,257 - Alice_5000 - INFO - Device found: David
2025-12-10 20:52:00,260 - Alice_5000 - DEBUG - Received from David: discovery
2025-12-10 20:52:03,635 - Alice_5000 - DEBUG - Received from Bob: discovery_response
2025-12-10 20:52:03,635 - Alice_5000 - DEBUG - Sent: discover
2025-12-10 20:52:03,635 - Alice_5000 - DEBUG - Received from Bob: discovery_response
2025-12-10 20:52:03,637 - Alice_5000 - DEBUG - Received from Charlie: discovery_response
2025-12-10 20:52:03,638 - Alice_5000 - DEBUG - Received from David: discovery_response
2025-12-10 20:52:03,638 - Alice_5000 - DEBUG - Received from Charlie: discovery_response
2025-12-10 20:52:03,639 - Alice_5000 - DEBUG - Received from David: discovery_response
2025-12-10 20:52:03,639 - Alice_5000 - DEBUG - Received from Bob: discovery_response
2025-12-10 20:52:03,640 - Alice_5000 - DEBUG - Received from Bob: discovery_response
2025-12-10 20:52:03,640 - Alice_5000 - DEBUG - Received from Charlie: discovery_response
2025-12-10 20:52:03,641 - Alice_5000 - DEBUG - Received from Charlie: discovery_response
2025-12-10 20:52:03,654 - Alice_5000 - DEBUG - Received from David: discovery_response
2025-12-10 20:52:03,655 - Alice_5000 - DEBUG - Received from David: discovery_response
2025-12-10 20:52:04,252 - Alice_5000 - DEBUG - Received from Bob: discovery
2025-12-10 20:52:04,253 - Alice_5000 - DEBUG - Received from Bob: discovery
2025-12-10 20:52:04,867 - Alice_5000 - DEBUG - Received from Charlie: discovery
2025-12-10 20:52:04,868 - Alice_5000 - DEBUG - Received from Charlie: discovery
2025-12-10 20:52:05,257 - Alice_5000 - DEBUG - Received from David: discovery
2025-12-10 20:52:05,257 - Alice_5000 - DEBUG - Received from David: discovery
2025-12-10 20:52:08,635 - Alice_5000 - DEBUG - Sent: discover
2025-12-10 20:52:08,635 - Alice_5000 - DEBUG - Received from Bob: discovery_response
2025-12-10 20:52:08,636 - Alice_5000 - DEBUG - Received from Charlie: discovery_response
2025-12-10 20:52:08,637 - Alice_5000 - DEBUG - Received from Bob: discovery_response
2025-12-10 20:52:08,639 - Alice_5000 - DEBUG - Received from David: discovery_response
2025-12-10 20:52:08,639 - Alice_5000 - DEBUG - Received from Charlie: discovery_response
2025-12-10 20:52:08,640 - Alice_5000 - DEBUG - Received from David: discovery_response
2025-12-10 20:52:08,640 - Alice_5000 - DEBUG - Received from Bob: discovery_response
2025-12-10 20:52:08,641 - Alice_5000 - DEBUG - Received from Bob: discovery_response
2025-12-10 20:52:08,641 - Alice_5000 - DEBUG - Received from Charlie: discovery_response
2025-12-10 20:52:08,642 - Alice_5000 - DEBUG - Received from David: discovery_response
2025-12-10 20:52:08,642 - Alice_5000 - DEBUG - Received from Charlie: discovery_response
2025-12-10 20:52:08,643 - Alice_5000 - DEBUG - Received from David: discovery_response
2025-12-10 20:52:09,252 - Alice_5000 - DEBUG - Received from Bob: discovery
2025-12-10 20:52:09,253 - Alice_5000 - DEBUG - Received from Bob: discovery
2025-12-10 20:52:09,867 - Alice_5000 - DEBUG - Received from Charlie: discovery
2025-12-10 20:52:09,867 - Alice_5000 - DEBUG - Received from Charlie: discovery
2025-12-10 20:52:10,258 - Alice_5000 - DEBUG - Received from David: discovery
2025-12-10 20:52:10,259 - Alice_5000 - DEBUG - Received from David: discovery
2025-12-10 20:52:13,635 - Alice_5000 - DEBUG - Sent: discover
2025-12-10 20:52:13,636 - Alice_5000 - DEBUG - Received from Bob: discovery_response
2025-12-10 20:52:13,636 - Alice_5000 - DEBUG - Received from Charlie: discovery_response
2025-12-10 20:52:13,638 - Alice_5000 - DEBUG - Received from Bob: discovery_response
2025-12-10 20:52:13,638 - Alice_5000 - DEBUG - Received from David: discovery_response
2025-12-10 20:52:13,639 - Alice_5000 - DEBUG - Received from Charlie: discovery_response
2025-12-10 20:52:13,639 - Alice_5000 - DEBUG - Received from David: discovery_response
2025-12-10 20:52:13,640 - Alice_5000 - DEBUG - Received from Bob: discovery_response
2025-12-10 20:52:13,640 - Alice_5000 - DEBUG - Received from Charlie: discovery_response
2025-12-10 20:52:13,641 - Alice_5000 - DEBUG - Received from Bob: discovery_response
2025-12-10 20:52:13,641 - Alice_5000 - DEBUG - Received from Charlie: discovery_response
2025-12-10 20:52:13,642 - Alice_5000 - DEBUG - Received from David: discovery_response
2025-12-10 20:52:13,642 - Alice_5000 - DEBUG - Received from David: discovery_response
2025-12-10 20:52:14,253 - Alice_5000 - DEBUG - Received from Bob: discovery
2025-12-10 20:52:14,253 - Alice_5000 - DEBUG - Received from Bob: discovery
2025-12-10 20:52:14,868 - Alice_5000 - DEBUG - Received from Charlie: discovery
2025-12-10 20:52:14,869 - Alice_5000 - DEBUG - Received from Charlie: discovery
2025-12-10 20:52:15,259 - Alice_5000 - DEBUG - Received from David: discovery
2025-12-10 20:52:15,259 - Alice_5000 - DEBUG - Received from David: discovery
2025-12-10 20:52:18,635 - Alice_5000 - DEBUG - Sent: discover
2025-12-10 20:52:18,636 - Alice_5000 - DEBUG - Received from Bob: discovery_response
2025-12-10 20:52:18,636 - Alice_5000 - DEBUG - Received from David: discovery_response
2025-12-10 20:52:18,637 - Alice_5000 - DEBUG - Received from Charlie: discovery_response
2025-12-10 20:52:18,638 - Alice_5000 - DEBUG - Received from David: discovery_response
2025-12-10 20:52:18,638 - Alice_5000 - DEBUG - Received from Bob: discovery_response
2025-12-10 20:52:18,639 - Alice_5000 - DEBUG - Received from Charlie: discovery_response
2025-12-10 20:52:18,639 - Alice_5000 - DEBUG - Received from David: discovery_response
2025-12-10 20:52:18,640 - Alice_5000 - DEBUG - Received from David: discovery_response
2025-12-10 20:52:18,640 - Alice_5000 - DEBUG - Received from Bob: discovery_response
2025-12-10 20:52:18,641 - Alice_5000 - DEBUG - Received from Charlie: discovery_response
2025-12-10 20:52:18,641 - Alice_5000 - DEBUG - Received from Charlie: discovery_response
2025-12-10 20:52:18,642 - Alice_5000 - DEBUG - Received from Bob: discovery_response
2025-12-10 20:52:19,254 - Alice_5000 - DEBUG - Received from Bob: discovery
2025-12-10 20:52:19,254 - Alice_5000 - DEBUG - Received from Bob: discovery
2025-12-10 20:52:19,869 - Alice_5000 - DEBUG - Received from Charlie: discovery
2025-12-10 20:52:19,870 - Alice_5000 - DEBUG - Received from Charlie: discovery
2025-12-10 20:52:20,259 - Alice_5000 - DEBUG - Received from David: discovery
2025-12-10 20:52:20,259 - Alice_5000 - DEBUG - Received from David: discovery
2025-12-10 20:52:23,636 - Alice_5000 - DEBUG - Sent: discover
2025-12-10 20:52:23,637 - Alice_5000 - DEBUG - Received from Bob: discovery_response
2025-12-10 20:52:23,637 - Alice_5000 - DEBUG - Received from Charlie: discovery_response
2025-12-10 20:52:23,638 - Alice_5000 - DEBUG - Received from Charlie: discovery_response
2025-12-10 20:52:23,640 - Alice_5000 - DEBUG - Received from Bob: discovery_response
2025-12-10 20:52:23,641 - Alice_5000 - DEBUG - Received from David: discovery_response
2025-12-10 20:52:23,641 - Alice_5000 - DEBUG - Received from David: discovery_response
2025-12-10 20:52:23,642 - Alice_5000 - DEBUG - Received from Charlie: discovery_response
2025-12-10 20:52:23,642 - Alice_5000 - DEBUG - Received from Bob: discovery_response
2025-12-10 20:52:23,642 - Alice_5000 - DEBUG - Received from Charlie: discovery_response
2025-12-10 20:52:23,643 - Alice_5000 - DEBUG - Received from Bob: discovery_response
2025-12-10 20:52:23,643 - Alice_5000 - DEBUG - Received from David: discovery_response
2025-12-10 20:52:23,644 - Alice_5000 - DEBUG - Received from David: discovery_response
2025-12-10 20:52:24,254 - Alice_5000 - DEBUG - Received from Bob: discovery
2025-12-10 20:52:24,255 - Alice_5000 - DEBUG - Received from Bob: discovery
2025-12-10 20:52:24,869 - Alice_5000 - DEBUG - Received from Charlie: discovery
2025-12-10 20:52:24,871 - Alice_5000 - DEBUG - Received from Charlie: discovery
2025-12-10 20:52:25,259 - Alice_5000 - DEBUG - Received from David: discovery
2025-12-10 20:52:25,260 - Alice_5000 - DEBUG - Received from David: discovery
2025-12-10 20:52:28,636 - Alice_5000 - DEBUG - Sent: discover
2025-12-10 20:52:28,636 - Alice_5000 - DEBUG - Received from Bob: discovery_response
2025-12-10 20:52:28,637 - Alice_5000 - DEBUG - Received from Bob: discovery_response
2025-12-10 20:52:28,637 - Alice_5000 - DEBUG - Received from Charlie: discovery_response
2025-12-10 20:52:28,642 - Alice_5000 - DEBUG - Received from Charlie: discovery_response
2025-12-10 20:52:28,642 - Alice_5000 - DEBUG - Received from David: discovery_response
2025-12-10 20:52:28,643 - Alice_5000 - DEBUG - Received from David: discovery_response
2025-12-10 20:52:28,643 - Alice_5000 - DEBUG - Received from Bob: discovery_response
2025-12-10 20:52:28,644 - Alice_5000 - DEBUG - Received from Bob: discovery_response
2025-12-10 20:52:28,644 - Alice_5000 - DEBUG - Received from Charlie: discovery_response
2025-12-10 20:52:28,644 - Alice_5000 - DEBUG - Received from David: discovery_response
2025-12-10 20:52:28,645 - Alice_5000 - DEBUG - Received from Charlie: discovery_response
2025-12-10 20:52:28,645 - Alice_5000 - DEBUG - Received from David: discovery_response
2025-12-10 20:52:29,254 - Alice_5000 - DEBUG - Received from Bob: discovery
2025-12-10 20:52:29,254 - Alice_5000 - DEBUG - Received from Bob: discovery
2025-12-10 20:52:29,869 - Alice_5000 - DEBUG - Received from Charlie: discovery
2025-12-10 20:52:29,870 - Alice_5000 - DEBUG - Received from Charlie: discovery
2025-12-10 20:52:30,259 - Alice_5000 - DEBUG - Received from David: discovery
2025-12-10 20:52:30,260 - Alice_5000 - DEBUG - Received from David: discovery
2025-12-10 20:52:33,637 - Alice_5000 - DEBUG - Sent: discover
2025-12-10 20:52:33,638 - Alice_5000 - DEBUG - Received from Charlie: discovery_response
2025-12-10 20:52:33,638 - Alice_5000 - DEBUG - Received from Bob: discovery_response
2025-12-10 20:52:33,639 - Alice_5000 - DEBUG - Received from Charlie: discovery_response
2025-12-10 20:52:33,640 - Alice_5000 - DEBUG - Received from Bob: discovery_response
2025-12-10 20:52:33,641 - Alice_5000 - DEBUG - Received from David: discovery_response
2025-12-10 20:52:33,641 - Alice_5000 - DEBUG - Received from David: discovery_response
2025-12-10 20:52:33,642 - Alice_5000 - DEBUG - Received from Bob: discovery_response
2025-12-10 20:52:33,642 - Alice_5000 - DEBUG - Received from Bob: discovery_response
2025-12-10 20:52:33,643 - Alice_5000 - DEBUG - Received from Charlie: discovery_response
2025-12-10 20:52:33,643 - Alice_5000 - DEBUG - Received from Charlie: discovery_response
2025-12-10 20:52:33,643 - Alice_5000 - DEBUG - Received from David: discovery_response
2025-12-10 20:52:33,644 - Alice_5000 - DEBUG - Received from David: discovery_response
2025-12-10 20:52:34,255 - Alice_5000 - DEBUG - Received from Bob: discovery
2025-12-10 20:52:34,255 - Alice_5000 - DEBUG - Received from Bob: discovery
2025-12-10 20:52:34,870 - Alice_5000 - DEBUG - Received from Charlie: discovery
2025-12-10 20:52:34,872 - Alice_5000 - DEBUG - Received from Charlie: discovery
2025-12-10 20:52:35,260 - Alice_5000 - DEBUG - Received from David: discovery
2025-12-10 20:52:35,261 - Alice_5000 - DEBUG - Received from David: discovery
2025-12-10 20:52:38,638 - Alice_5000 - DEBUG - Sent: discover
2025-12-10 20:52:38,639 - Alice_5000 - DEBUG - Received from Bob: discovery_response
2025-12-10 20:52:38,640 - Alice_5000 - DEBUG - Received from David: discovery_response
2025-12-10 20:52:38,641 - Alice_5000 - DEBUG - Received from Charlie: discovery_response
2025-12-10 20:52:38,642 - Alice_5000 - DEBUG - Received from David: discovery_response
2025-12-10 20:52:38,643 - Alice_5000 - DEBUG - Received from Bob: discovery_response
2025-12-10 20:52:38,643 - Alice_5000 - DEBUG - Received from Charlie: discovery_response
2025-12-10 20:52:38,644 - Alice_5000 - DEBUG - Received from David: discovery_response
2025-12-10 20:52:38,644 - Alice_5000 - DEBUG - Received from David: discovery_response
2025-12-10 20:52:38,645 - Alice_5000 - DEBUG - Received from Bob: discovery_response
2025-12-10 20:52:38,645 - Alice_5000 - DEBUG - Received from Bob: discovery_response
2025-12-10 20:52:38,646 - Alice_5000 - DEBUG - Received from Charlie: discovery_response
2025-12-10 20:52:38,646 - Alice_5000 - DEBUG - Received from Charlie: discovery_response
2025-12-10 20:52:39,255 - Alice_5000 - DEBUG - Received from Bob: discovery
2025-12-10 20:52:39,256 - Alice_5000 - DEBUG - Received from Bob: discovery
2025-12-10 20:52:39,871 - Alice_5000 - DEBUG - Received from Charlie: discovery
2025-12-10 20:52:39,872 - Alice_5000 - DEBUG - Received from Charlie: discovery
2025-12-10 20:52:40,260 - Alice_5000 - DEBUG - Received from David: discovery
2025-12-10 20:52:40,261 - Alice_5000 - DEBUG - Received from David: discovery
2025-12-10 20:52:42,606 - Alice_5000 - DEBUG - Received from Charlie: group_create
2025-12-10 20:52:42,606 - Alice_5000 - INFO - Joined group: 123
2025-12-10 20:52:42,608 - Alice_5000 - DEBUG - Received from Charlie: group_create
2025-12-10 20:52:43,639 - Alice_5000 - DEBUG - Sent: discover
2025-12-10 20:52:43,639 - Alice_5000 - DEBUG - Received from Bob: discovery_response
2025-12-10 20:52:43,640 - Alice_5000 - DEBUG - Received from Charlie: discovery_response
2025-12-10 20:52:43,641 - Alice_5000 - DEBUG - Received from Bob: discovery_response
2025-12-10 20:52:43,642 - Alice_5000 - DEBUG - Received from Charlie: discovery_response
2025-12-10 20:52:43,642 - Alice_5000 - DEBUG - Received from David: discovery_response
2025-12-10 20:52:43,643 - Alice_5000 - DEBUG - Received from David: discovery_response
2025-12-10 20:52:43,643 - Alice_5000 - DEBUG - Received from Bob: discovery_response
2025-12-10 20:52:43,644 - Alice_5000 - DEBUG - Received from Bob: discovery_response
2025-12-10 20:52:43,645 - Alice_5000 - DEBUG - Received from Charlie: discovery_response
2025-12-10 20:52:43,645 - Alice_5000 - DEBUG - Received from Charlie: discovery_response
2025-12-10 20:52:43,645 - Alice_5000 - DEBUG - Received from David: discovery_response
2025-12-10 20:52:43,645 - Alice_5000 - DEBUG - Received from David: discovery_response
2025-12-10 20:52:44,255 - Alice_5000 - DEBUG - Received from Bob: discovery
2025-12-10 20:52:44,255 - Alice_5000 - DEBUG - Received from Bob: discovery
2025-12-10 20:52:44,871 - Alice_5000 - DEBUG - Received from Charlie: discovery
2025-12-10 20:52:44,872 - Alice_5000 - DEBUG - Received from Charlie: discovery
2025-12-10 20:52:45,260 - Alice_5000 - DEBUG - Received from David: discovery
2025-12-10 20:52:45,261 - Alice_5000 - DEBUG - Received from David: discovery
2025-12-10 20:52:48,639 - Alice_5000 - DEBUG - Sent: discover
2025-12-10 20:52:48,639 - Alice_5000 - DEBUG - Received from Charlie: discovery_response
2025-12-10 20:52:48,641 - Alice_5000 - DEBUG - Received from Bob: discovery_response
2025-12-10 20:52:48,641 - Alice_5000 - DEBUG - Received from Charlie: discovery_response
2025-12-10 20:52:48,642 - Alice_5000 - DEBUG - Received from Bob: discovery_response
2025-12-10 20:52:48,643 - Alice_5000 - DEBUG - Received from David: discovery_response
2025-12-10 20:52:48,644 - Alice_5000 - DEBUG - Received from David: discovery_response
2025-12-10 20:52:48,644 - Alice_5000 - DEBUG - Received from Charlie: discovery_response
2025-12-10 20:52:48,645 - Alice_5000 - DEBUG - Received from Charlie: discovery_response
2025-12-10 20:52:48,646 - Alice_5000 - DEBUG - Received from Bob: discovery_response
2025-12-10 20:52:48,646 - Alice_5000 - DEBUG - Received from Bob: discovery_response
2025-12-10 20:52:48,646 - Alice_5000 - DEBUG - Received from David: discovery_response
2025-12-10 20:52:48,647 - Alice_5000 - DEBUG - Received from David: discovery_response
2025-12-10 20:52:49,255 - Alice_5000 - DEBUG - Received from Bob: discovery
2025-12-10 20:52:49,255 - Alice_5000 - DEBUG - Received from Bob: discovery
2025-12-10 20:52:49,872 - Alice_5000 - DEBUG - Received from Charlie: discovery
2025-12-10 20:52:49,874 - Alice_5000 - DEBUG - Received from Charlie: discovery
2025-12-10 20:52:50,261 - Alice_5000 - DEBUG - Received from David: discovery
2025-12-10 20:52:50,262 - Alice_5000 - DEBUG - Received from David: discovery
2025-12-10 20:52:50,796 - Alice_5000 - DEBUG - Received from Charlie: group_message
2025-12-10 20:52:50,797 - Alice_5000 - DEBUG - Received from Charlie: group_message
2025-12-10 20:52:53,640 - Alice_5000 - DEBUG - Sent: discover
2025-12-10 20:52:53,641 - Alice_5000 - DEBUG - Received from Bob: discovery_response
2025-12-10 20:52:53,642 - Alice_5000 - DEBUG - Received from Charlie: discovery_response
2025-12-10 20:52:53,643 - Alice_5000 - DEBUG - Received from Charlie: discovery_response
2025-12-10 20:52:53,644 - Alice_5000 - DEBUG - Received from Bob: discovery_response
2025-12-10 20:52:53,645 - Alice_5000 - DEBUG - Received from David: discovery_response
2025-12-10 20:52:53,646 - Alice_5000 - DEBUG - Received from David: discovery_response
2025-12-10 20:52:53,646 - Alice_5000 - DEBUG - Received from Charlie: discovery_response
2025-12-10 20:52:53,647 - Alice_5000 - DEBUG - Received from Charlie: discovery_response
2025-12-10 20:52:53,647 - Alice_5000 - DEBUG - Received from Bob: discovery_response
2025-12-10 20:52:53,648 - Alice_5000 - DEBUG - Received from Bob: discovery_response
2025-12-10 20:52:53,648 - Alice_5000 - DEBUG - Received from David: discovery_response
2025-12-10 20:52:53,649 - Alice_5000 - DEBUG - Received from David: discovery_response
2025-12-10 20:52:54,256 - Alice_5000 - DEBUG - Received from Bob: discovery
2025-12-10 20:52:54,257 - Alice_5000 - DEBUG - Received from Bob: discovery
2025-12-10 20:52:54,872 - Alice_5000 - DEBUG - Received from Charlie: discovery
2025-12-10 20:52:54,872 - Alice_5000 - DEBUG - Received from Charlie: discovery
2025-12-10 20:52:55,261 - Alice_5000 - DEBUG - Received from David: discovery
2025-12-10 20:52:55,262 - Alice_5000 - DEBUG - Received from David: discovery
2025-12-10 20:52:57,342 - Alice_5000 - DEBUG - Received from Charlie: group_message
2025-12-10 20:52:57,343 - Alice_5000 - DEBUG - Received from Charlie: group_message
2025-12-10 20:52:58,640 - Alice_5000 - DEBUG - Sent: discover
2025-12-10 20:52:58,641 - Alice_5000 - DEBUG - Received from Charlie: discovery_response
2025-12-10 20:52:58,641 - Alice_5000 - DEBUG - Received from Bob: discovery_response
2025-12-10 20:52:58,643 - Alice_5000 - DEBUG - Received from Charlie: discovery_response
2025-12-10 20:52:58,644 - Alice_5000 - DEBUG - Received from Bob: discovery_response
2025-12-10 20:52:58,644 - Alice_5000 - DEBUG - Received from David: discovery_response
2025-12-10 20:52:58,645 - Alice_5000 - DEBUG - Received from David: discovery_response
2025-12-10 20:52:58,645 - Alice_5000 - DEBUG - Received from Charlie: discovery_response
2025-12-10 20:52:58,646 - Alice_5000 - DEBUG - Received from Charlie: discovery_response
2025-12-10 20:52:58,646 - Alice_5000 - DEBUG - Received from Bob: discovery_response
2025-12-10 20:52:58,647 - Alice_5000 - DEBUG - Received from Bob: discovery_response
2025-12-10 20:52:58,648 - Alice_5000 - DEBUG - Received from David: discovery_response
2025-12-10 20:52:58,648 - Alice_5000 - DEBUG - Received from David: discovery_response
2025-12-10 20:52:59,256 - Alice_5000 - DEBUG - Received from Bob: discovery
2025-12-10 20:52:59,256 - Alice_5000 - DEBUG - Received from Bob: discovery
2025-12-10 20:52:59,872 - Alice_5000 - DEBUG - Received from Charlie: discovery
2025-12-10 20:52:59,874 - Alice_5000 - DEBUG - Received from Charlie: discovery
2025-12-10 20:53:00,262 - Alice_5000 - DEBUG - Received from David: discovery
2025-12-10 20:53:00,263 - Alice_5000 - DEBUG - Received from David: discovery
2025-12-10 20:53:01,651 - Alice_5000 - DEBUG - Group 100d7b2a: 321
2025-12-10 20:53:03,640 - Alice_5000 - DEBUG - Sent: discover
2025-12-10 20:53:03,641 - Alice_5000 - DEBUG - Received from Bob: discovery_response
2025-12-10 20:53:03,642 - Alice_5000 - DEBUG - Received from Bob: discovery_response
2025-12-10 20:53:03,643 - Alice_5000 - DEBUG - Received from David: discovery_response
2025-12-10 20:53:03,643 - Alice_5000 - DEBUG - Received from Charlie: discovery_response
2025-12-10 20:53:03,644 - Alice_5000 - DEBUG - Received from David: discovery_response
2025-12-10 20:53:03,644 - Alice_5000 - DEBUG - Received from Charlie: discovery_response
2025-12-10 20:53:03,646 - Alice_5000 - DEBUG - Received from Bob: discovery_response
2025-12-10 20:53:03,646 - Alice_5000 - DEBUG - Received from Bob: discovery_response
2025-12-10 20:53:03,647 - Alice_5000 - DEBUG - Received from Charlie: discovery_response
2025-12-10 20:53:03,647 - Alice_5000 - DEBUG - Received from David: discovery_response
2025-12-10 20:53:03,648 - Alice_5000 - DEBUG - Received from Charlie: discovery_response
2025-12-10 20:53:03,648 - Alice_5000 - DEBUG - Received from David: discovery_response
2025-12-10 20:53:04,257 - Alice_5000 - DEBUG - Received from Bob: discovery
2025-12-10 20:53:04,258 - Alice_5000 - DEBUG - Received from Bob: discovery
2025-12-10 20:53:04,873 - Alice_5000 - DEBUG - Received from Charlie: discovery
2025-12-10 20:53:04,874 - Alice_5000 - DEBUG - Received from Charlie: discovery
2025-12-10 20:53:05,263 - Alice_5000 - DEBUG - Received from David: discovery
2025-12-10 20:53:05,265 - Alice_5000 - DEBUG - Received from David: discovery
2025-12-10 20:53:08,641 - Alice_5000 - DEBUG - Sent: discover
2025-12-10 20:53:08,641 - Alice_5000 - DEBUG - Received from Bob: discovery_response
2025-12-10 20:53:08,642 - Alice_5000 - DEBUG - Received from Charlie: discovery_response
2025-12-10 20:53:08,643 - Alice_5000 - DEBUG - Received from Bob: discovery_response
2025-12-10 20:53:08,644 - Alice_5000 - DEBUG - Received from Charlie: discovery_response
2025-12-10 20:53:08,646 - Alice_5000 - DEBUG - Received from David: discovery_response
2025-12-10 20:53:08,646 - Alice_5000 - DEBUG - Received from David: discovery_response
2025-12-10 20:53:08,647 - Alice_5000 - DEBUG - Received from Charlie: discovery_response
2025-12-10 20:53:08,647 - Alice_5000 - DEBUG - Received from Charlie: discovery_response
2025-12-10 20:53:08,648 - Alice_5000 - DEBUG - Received from Bob: discovery_response
2025-12-10 20:53:08,648 - Alice_5000 - DEBUG - Received from Bob: discovery_response
2025-12-10 20:53:08,648 - Alice_5000 - DEBUG - Received from David: discovery_response
2025-12-10 20:53:08,648 - Alice_5000 - DEBUG - Received from David: discovery_response
2025-12-10 20:53:09,257 - Alice_5000 - DEBUG - Received from Bob: discovery
2025-12-10 20:53:09,258 - Alice_5000 - DEBUG - Received from Bob: discovery
2025-12-10 20:53:09,873 - Alice_5000 - DEBUG - Received from Charlie: discovery
2025-12-10 20:53:09,873 - Alice_5000 - DEBUG - Received from Charlie: discovery
2025-12-10 20:53:10,263 - Alice_5000 - DEBUG - Received from David: discovery
2025-12-10 20:53:10,265 - Alice_5000 - DEBUG - Received from David: discovery
2025-12-10 20:53:13,641 - Alice_5000 - DEBUG - Sent: discover
2025-12-10 20:53:13,642 - Alice_5000 - DEBUG - Received from Bob: discovery_response
2025-12-10 20:53:13,643 - Alice_5000 - DEBUG - Received from Charlie: discovery_response
2025-12-10 20:53:13,644 - Alice_5000 - DEBUG - Received from Bob: discovery_response
2025-12-10 20:53:13,645 - Alice_5000 - DEBUG - Received from Charlie: discovery_response
2025-12-10 20:53:13,645 - Alice_5000 - DEBUG - Received from David: discovery_response
2025-12-10 20:53:13,646 - Alice_5000 - DEBUG - Received from David: discovery_response
2025-12-10 20:53:13,647 - Alice_5000 - DEBUG - Received from Bob: discovery_response
2025-12-10 20:53:13,647 - Alice_5000 - DEBUG - Received from Charlie: discovery_response
2025-12-10 20:53:13,647 - Alice_5000 - DEBUG - Received from Charlie: discovery_response
2025-12-10 20:53:13,649 - Alice_5000 - DEBUG - Received from Bob: discovery_response
2025-12-10 20:53:13,649 - Alice_5000 - DEBUG - Received from David: discovery_response
2025-12-10 20:53:13,650 - Alice_5000 - DEBUG - Received from David: discovery_response
2025-12-10 20:53:13,931 - Alice_5000 - DEBUG - Received from Charlie: group_message
2025-12-10 20:53:13,932 - Alice_5000 - DEBUG - Received from Charlie: group_message
2025-12-10 20:53:14,257 - Alice_5000 - DEBUG - Received from Bob: discovery
2025-12-10 20:53:14,257 - Alice_5000 - DEBUG - Received from Bob: discovery
2025-12-10 20:53:14,874 - Alice_5000 - DEBUG - Received from Charlie: discovery
2025-12-10 20:53:14,876 - Alice_5000 - DEBUG - Received from Charlie: discovery
2025-12-10 20:53:15,264 - Alice_5000 - DEBUG - Received from David: discovery
2025-12-10 20:53:15,265 - Alice_5000 - DEBUG - Received from David: discovery
2025-12-10 20:53:18,642 - Alice_5000 - DEBUG - Sent: discover
2025-12-10 20:53:18,643 - Alice_5000 - DEBUG - Received from Bob: discovery_response
2025-12-10 20:53:18,643 - Alice_5000 - DEBUG - Received from Charlie: discovery_response
2025-12-10 20:53:18,644 - Alice_5000 - DEBUG - Received from Bob: discovery_response
2025-12-10 20:53:18,645 - Alice_5000 - DEBUG - Received from David: discovery_response
2025-12-10 20:53:18,645 - Alice_5000 - DEBUG - Received from Charlie: discovery_response
2025-12-10 20:53:18,646 - Alice_5000 - DEBUG - Received from David: discovery_response
2025-12-10 20:53:18,646 - Alice_5000 - DEBUG - Received from Bob: discovery_response
2025-12-10 20:53:18,647 - Alice_5000 - DEBUG - Received from Bob: discovery_response
2025-12-10 20:53:18,648 - Alice_5000 - DEBUG - Received from Charlie: discovery_response
2025-12-10 20:53:18,648 - Alice_5000 - DEBUG - Received from David: discovery_response
2025-12-10 20:53:18,648 - Alice_5000 - DEBUG - Received from Charlie: discovery_response
2025-12-10 20:53:18,648 - Alice_5000 - DEBUG - Received from David: discovery_response
2025-12-10 20:53:19,206 - Alice_5000 - DEBUG - Group 100d7b2a: 4121
2025-12-10 20:53:19,258 - Alice_5000 - DEBUG - Received from Bob: discovery
2025-12-10 20:53:19,260 - Alice_5000 - DEBUG - Received from Bob: discovery
2025-12-10 20:53:19,874 - Alice_5000 - DEBUG - Received from Charlie: discovery
2025-12-10 20:53:19,874 - Alice_5000 - DEBUG - Received from Charlie: discovery
2025-12-10 20:53:20,264 - Alice_5000 - DEBUG - Received from David: discovery
2025-12-10 20:53:20,264 - Alice_5000 - DEBUG - Received from David: discovery
2025-12-10 20:53:23,642 - Alice_5000 - DEBUG - Sent: discover
2025-12-10 20:53:23,642 - Alice_5000 - DEBUG - Received from Bob: discovery_response
2025-12-10 20:53:23,643 - Alice_5000 - DEBUG - Received from Charlie: discovery_response
2025-12-10 20:53:23,645 - Alice_5000 - DEBUG - Received from Bob: discovery_response
2025-12-10 20:53:23,646 - Alice_5000 - DEBUG - Received from Charlie: discovery_response
2025-12-10 20:53:23,647 - Alice_5000 - DEBUG - Received from David: discovery_response
2025-12-10 20:53:23,647 - Alice_5000 - DEBUG - Received from David: discovery_response
2025-12-10 20:53:23,647 - Alice_5000 - DEBUG - Received from Charlie: discovery_response
2025-12-10 20:53:23,649 - Alice_5000 - DEBUG - Received from Charlie: discovery_response
2025-12-10 20:53:23,649 - Alice_5000 - DEBUG - Received from Bob: discovery_response
2025-12-10 20:53:23,650 - Alice_5000 - DEBUG - Received from Bob: discovery_response
2025-12-10 20:53:23,650 - Alice_5000 - DEBUG - Received from David: discovery_response
2025-12-10 20:53:23,650 - Alice_5000 - DEBUG - Received from David: discovery_response
2025-12-10 20:53:24,258 - Alice_5000 - DEBUG - Received from Bob: discovery
2025-12-10 20:53:24,259 - Alice_5000 - DEBUG - Received from Bob: discovery
2025-12-10 20:53:24,875 - Alice_5000 - DEBUG - Received from Charlie: discovery
2025-12-10 20:53:24,876 - Alice_5000 - DEBUG - Received from Charlie: discovery
2025-12-10 20:53:25,264 - Alice_5000 - DEBUG - Received from David: discovery
2025-12-10 20:53:25,265 - Alice_5000 - DEBUG - Received from David: discovery
2025-12-10 20:53:28,642 - Alice_5000 - DEBUG - Sent: discover
2025-12-10 20:53:28,643 - Alice_5000 - DEBUG - Received from Charlie: discovery_response
2025-12-10 20:53:28,645 - Alice_5000 - DEBUG - Received from Bob: discovery_response
2025-12-10 20:53:28,646 - Alice_5000 - DEBUG - Received from Bob: discovery_response
2025-12-10 20:53:28,646 - Alice_5000 - DEBUG - Received from Charlie: discovery_response
2025-12-10 20:53:28,647 - Alice_5000 - DEBUG - Received from David: discovery_response
2025-12-10 20:53:28,648 - Alice_5000 - DEBUG - Received from David: discovery_response
2025-12-10 20:53:28,649 - Alice_5000 - DEBUG - Received from Charlie: discovery_response
2025-12-10 20:53:28,649 - Alice_5000 - DEBUG - Received from Charlie: discovery_response
2025-12-10 20:53:28,650 - Alice_5000 - DEBUG - Received from Bob: discovery_response
2025-12-10 20:53:28,650 - Alice_5000 - DEBUG - Received from Bob: discovery_response
2025-12-10 20:53:28,651 - Alice_5000 - DEBUG - Received from David: discovery_response
2025-12-10 20:53:28,651 - Alice_5000 - DEBUG - Received from David: discovery_response
2025-12-10 20:53:29,258 - Alice_5000 - DEBUG - Received from Bob: discovery
2025-12-10 20:53:29,259 - Alice_5000 - DEBUG - Received from Bob: discovery
2025-12-10 20:53:29,875 - Alice_5000 - DEBUG - Received from Charlie: discovery
2025-12-10 20:53:29,875 - Alice_5000 - DEBUG - Received from Charlie: discovery
2025-12-10 20:53:30,265 - Alice_5000 - DEBUG - Received from David: discovery
2025-12-10 20:53:30,266 - Alice_5000 - DEBUG - Received from David: discovery
2025-12-10 20:53:33,643 - Alice_5000 - DEBUG - Sent: discover
2025-12-10 20:53:33,644 - Alice_5000 - DEBUG - Received from Bob: discovery_response
2025-12-10 20:53:33,645 - Alice_5000 - DEBUG - Received from Charlie: discovery_response
2025-12-10 20:53:33,646 - Alice_5000 - DEBUG - Received from Bob: discovery_response
2025-12-10 20:53:33,646 - Alice_5000 - DEBUG - Received from Charlie: discovery_response
2025-12-10 20:53:33,647 - Alice_5000 - DEBUG - Received from David: discovery_response
2025-12-10 20:53:33,647 - Alice_5000 - DEBUG - Received from David: discovery_response
2025-12-10 20:53:33,648 - Alice_5000 - DEBUG - Received from Charlie: discovery_response
2025-12-10 20:53:33,649 - Alice_5000 - DEBUG - Received from Charlie: discovery_response
2025-12-10 20:53:33,649 - Alice_5000 - DEBUG - Received from Bob: discovery_response
2025-12-10 20:53:33,649 - Alice_5000 - DEBUG - Received from Bob: discovery_response
2025-12-10 20:53:33,649 - Alice_5000 - DEBUG - Received from David: discovery_response
2025-12-10 20:53:33,649 - Alice_5000 - DEBUG - Received from David: discovery_response
2025-12-10 20:53:34,259 - Alice_5000 - DEBUG - Received from Bob: discovery
2025-12-10 20:53:34,259 - Alice_5000 - DEBUG - Received from Bob: discovery
2025-12-10 20:53:34,876 - Alice_5000 - DEBUG - Received from Charlie: discovery
2025-12-10 20:53:34,883 - Alice_5000 - DEBUG - Received from Charlie: discovery
2025-12-10 20:53:35,265 - Alice_5000 - DEBUG - Received from David: discovery
2025-12-10 20:53:35,266 - Alice_5000 - DEBUG - Received from David: discovery
2025-12-10 20:53:38,643 - Alice_5000 - DEBUG - Sent: discover
2025-12-10 20:53:38,644 - Alice_5000 - DEBUG - Received from Bob: discovery_response
2025-12-10 20:53:38,645 - Alice_5000 - DEBUG - Received from David: discovery_response
2025-12-10 20:53:38,646 - Alice_5000 - DEBUG - Received from Charlie: discovery_response
2025-12-10 20:53:38,647 - Alice_5000 - DEBUG - Received from David: discovery_response
2025-12-10 20:53:38,648 - Alice_5000 - DEBUG - Received from Bob: discovery_response
2025-12-10 20:53:38,648 - Alice_5000 - DEBUG - Received from Charlie: discovery_response
2025-12-10 20:53:38,649 - Alice_5000 - DEBUG - Received from David: discovery_response
2025-12-10 20:53:38,649 - Alice_5000 - DEBUG - Received from Bob: discovery_response
2025-12-10 20:53:38,650 - Alice_5000 - DEBUG - Received from David: discovery_response
2025-12-10 20:53:38,651 - Alice_5000 - DEBUG - Received from Bob: discovery_response
2025-12-10 20:53:38,651 - Alice_5000 - DEBUG - Received from Charlie: discovery_response
2025-12-10 20:53:38,651 - Alice_5000 - DEBUG - Received from Charlie: discovery_response
2025-12-10 20:53:39,259 - Alice_5000 - DEBUG - Received from Bob: discovery
2025-12-10 20:53:39,260 - Alice_5000 - DEBUG - Received from Bob: discovery
2025-12-10 20:53:39,876 - Alice_5000 - DEBUG - Received from Charlie: discovery
2025-12-10 20:53:39,877 - Alice_5000 - DEBUG - Received from Charlie: discovery
2025-12-10 20:53:40,265 - Alice_5000 - DEBUG - Received from David: discovery
2025-12-10 20:53:40,266 - Alice_5000 - DEBUG - Received from David: discovery
2025-12-10 20:53:42,002 - Alice_5000 - INFO - Closing application
2025-12-10 20:53:42,002 - Alice_5000 - INFO - Device discovery stopped
2025-12-10 20:53:42,002 - Alice_5000 - INFO - Network stopped
