2025-12-10 20:49:30,105 - Alice_5000 - INFO - Starting chat application for Alice on port 5000
2025-12-10 20:49:30,108 - Alice_5000 - INFO - Network started on port 5000
2025-12-10 20:49:30,109 - Alice_5000 - INFO - Device discovery started
2025-12-10 20:49:30,110 - Alice_5000 - DEBUG - Sent: discover
2025-12-10 20:49:30,234 - Alice_5000 - DEBUG - Received from Bob: discovery
2025-12-10 20:49:30,235 - Alice_5000 - INFO - Device found: Bob
2025-12-10 20:49:30,264 - Alice_5000 - DEBUG - Received from Bob: discovery
2025-12-10 20:49:30,661 - Alice_5000 - DEBUG - Received from Charlie: discovery
2025-12-10 20:49:30,661 - Alice_5000 - INFO - Device found: Charlie
2025-12-10 20:49:30,664 - Alice_5000 - DEBUG - Received from Charlie: discovery
2025-12-10 20:49:35,109 - Alice_5000 - DEBUG - Sent: discover
2025-12-10 20:49:35,109 - Alice_5000 - DEBUG - Received from Bob: discovery_response
2025-12-10 20:49:35,110 - Alice_5000 - DEBUG - Received from Charlie: discovery_response
2025-12-10 20:49:35,110 - Alice_5000 - DEBUG - Received from Bob: discovery_response
2025-12-10 20:49:35,112 - Alice_5000 - DEBUG - Received from Charlie: discovery_response
2025-12-10 20:49:35,112 - Alice_5000 - DEBUG - Received from Charlie: discovery_response
2025-12-10 20:49:35,113 - Alice_5000 - DEBUG - Received from Charlie: discovery_response
2025-12-10 20:49:35,113 - Alice_5000 - DEBUG - Received from Bob: discovery_response
2025-12-10 20:49:35,113 - Alice_5000 - DEBUG - Received from Bob: discovery_response
2025-12-10 20:49:35,234 - Alice_5000 - DEBUG - Received from Bob: discovery
2025-12-10 20:49:35,234 - Alice_5000 - DEBUG - Received from Bob: discovery
2025-12-10 20:49:35,662 - Alice_5000 - DEBUG - Received from Charlie: discovery
2025-12-10 20:49:35,662 - Alice_5000 - DEBUG - Received from Charlie: discovery
2025-12-10 20:49:40,110 - Alice_5000 - DEBUG - Sent: discover
2025-12-10 20:49:40,110 - Alice_5000 - DEBUG - Received from Bob: discovery_response
2025-12-10 20:49:40,111 - Alice_5000 - DEBUG - Received from Charlie: discovery_response
2025-12-10 20:49:40,113 - Alice_5000 - DEBUG - Received from Bob: discovery_response
2025-12-10 20:49:40,114 - Alice_5000 - DEBUG - Received from Charlie: discovery_response
2025-12-10 20:49:40,114 - Alice_5000 - DEBUG - Received from Charlie: discovery_response
2025-12-10 20:49:40,115 - Alice_5000 - DEBUG - Received from Bob: discovery_response
2025-12-10 20:49:40,115 - Alice_5000 - DEBUG - Received from Charlie: discovery_response
2025-12-10 20:49:40,115 - Alice_5000 - DEBUG - Received from Bob: discovery_response
2025-12-10 20:49:40,235 - Alice_5000 - DEBUG - Received from Bob: discovery
2025-12-10 20:49:40,235 - Alice_5000 - DEBUG - Received from Bob: discovery
2025-12-10 20:49:40,663 - Alice_5000 - DEBUG - Received from Charlie: discovery
2025-12-10 20:49:40,663 - Alice_5000 - DEBUG - Received from Charlie: discovery
2025-12-10 20:49:45,110 - Alice_5000 - DEBUG - Sent: discover
2025-12-10 20:49:45,111 - Alice_5000 - DEBUG - Received from Bob: discovery_response
2025-12-10 20:49:45,112 - Alice_5000 - DEBUG - Received from Charlie: discovery_response
2025-12-10 20:49:45,113 - Alice_5000 - DEBUG - Received from Bob: discovery_response
2025-12-10 20:49:45,113 - Alice_5000 - DEBUG - Received from Charlie: discovery_response
2025-12-10 20:49:45,114 - Alice_5000 - DEBUG - Received from Bob: discovery_response
2025-12-10 20:49:45,114 - Alice_5000 - DEBUG - Received from Charlie: discovery_response
2025-12-10 20:49:45,114 - Alice_5000 - DEBUG - Received from Bob: discovery_response
2025-12-10 20:49:45,114 - Alice_5000 - DEBUG - Received from Charlie: discovery_response
2025-12-10 20:49:45,235 - Alice_5000 - DEBUG - Received from Bob: discovery
2025-12-10 20:49:45,235 - Alice_5000 - DEBUG - Received from Bob: discovery
2025-12-10 20:49:45,663 - Alice_5000 - DEBUG - Received from Charlie: discovery
2025-12-10 20:49:45,663 - Alice_5000 - DEBUG - Received from Charlie: discovery
2025-12-10 20:49:48,179 - Alice_5000 - DEBUG - Private to Charlie_5002: hello
2025-12-10 20:49:50,110 - Alice_5000 - DEBUG - Sent: discover
2025-12-10 20:49:50,111 - Alice_5000 - DEBUG - Received from Bob: discovery_response
2025-12-10 20:49:50,112 - Alice_5000 - DEBUG - Received from Charlie: discovery_response
2025-12-10 20:49:50,112 - Alice_5000 - DEBUG - Received from Charlie: discovery_response
2025-12-10 20:49:50,112 - Alice_5000 - DEBUG - Received from Bob: discovery_response
2025-12-10 20:49:50,113 - Alice_5000 - DEBUG - Received from Bob: discovery_response
2025-12-10 20:49:50,113 - Alice_5000 - DEBUG - Received from Charlie: discovery_response
2025-12-10 20:49:50,113 - Alice_5000 - DEBUG - Received from Bob: discovery_response
2025-12-10 20:49:50,114 - Alice_5000 - DEBUG - Received from Charlie: discovery_response
2025-12-10 20:49:50,235 - Alice_5000 - DEBUG - Received from Bob: discovery
2025-12-10 20:49:50,235 - Alice_5000 - DEBUG - Received from Bob: discovery
2025-12-10 20:49:50,663 - Alice_5000 - DEBUG - Received from Charlie: discovery
2025-12-10 20:49:50,663 - Alice_5000 - DEBUG - Received from Charlie: discovery
2025-12-10 20:49:55,111 - Alice_5000 - DEBUG - Received from Bob: discovery_response
2025-12-10 20:49:55,111 - Alice_5000 - DEBUG - Sent: discover
2025-12-10 20:49:55,112 - Alice_5000 - DEBUG - Received from Bob: discovery_response
2025-12-10 20:49:55,113 - Alice_5000 - DEBUG - Received from Charlie: discovery_response
2025-12-10 20:49:55,113 - Alice_5000 - DEBUG - Received from Charlie: discovery_response
2025-12-10 20:49:55,114 - Alice_5000 - DEBUG - Received from Bob: discovery_response
2025-12-10 20:49:55,114 - Alice_5000 - DEBUG - Received from Bob: discovery_response
2025-12-10 20:49:55,115 - Alice_5000 - DEBUG - Received from Charlie: discovery_response
2025-12-10 20:49:55,116 - Alice_5000 - DEBUG - Received from Charlie: discovery_response
2025-12-10 20:49:55,236 - Alice_5000 - DEBUG - Received from Bob: discovery
2025-12-10 20:49:55,237 - Alice_5000 - DEBUG - Received from Bob: discovery
2025-12-10 20:49:55,663 - Alice_5000 - DEBUG - Received from Charlie: discovery
2025-12-10 20:49:55,664 - Alice_5000 - DEBUG - Received from Charlie: discovery
2025-12-10 20:50:00,111 - Alice_5000 - DEBUG - Sent: discover
2025-12-10 20:50:00,112 - Alice_5000 - DEBUG - Received from Bob: discovery_response
2025-12-10 20:50:00,112 - Alice_5000 - DEBUG - Received from Bob: discovery_response
2025-12-10 20:50:00,113 - Alice_5000 - DEBUG - Received from Charlie: discovery_response
2025-12-10 20:50:00,113 - Alice_5000 - DEBUG - Received from Charlie: discovery_response
2025-12-10 20:50:00,114 - Alice_5000 - DEBUG - Received from Bob: discovery_response
2025-12-10 20:50:00,114 - Alice_5000 - DEBUG - Received from Bob: discovery_response
2025-12-10 20:50:00,115 - Alice_5000 - DEBUG - Received from Charlie: discovery_response
2025-12-10 20:50:00,115 - Alice_5000 - DEBUG - Received from Charlie: discovery_response
2025-12-10 20:50:00,236 - Alice_5000 - DEBUG - Received from Bob: discovery
2025-12-10 20:50:00,237 - Alice_5000 - DEBUG - Received from Bob: discovery
2025-12-10 20:50:00,664 - Alice_5000 - DEBUG - Received from Charlie: discovery
2025-12-10 20:50:00,664 - Alice_5000 - DEBUG - Received from Charlie: discovery
2025-12-10 20:50:05,111 - Alice_5000 - DEBUG - Sent: discover
2025-12-10 20:50:05,112 - Alice_5000 - DEBUG - Received from Bob: discovery_response
2025-12-10 20:50:05,112 - Alice_5000 - DEBUG - Received from Charlie: discovery_response
2025-12-10 20:50:05,113 - Alice_5000 - DEBUG - Received from Bob: discovery_response
2025-12-10 20:50:05,113 - Alice_5000 - DEBUG - Received from Charlie: discovery_response
2025-12-10 20:50:05,113 - Alice_5000 - DEBUG - Received from Bob: discovery_response
2025-12-10 20:50:05,114 - Alice_5000 - DEBUG - Received from Charlie: discovery_response
2025-12-10 20:50:05,114 - Alice_5000 - DEBUG - Received from Bob: discovery_response
2025-12-10 20:50:05,115 - Alice_5000 - DEBUG - Received from Charlie: discovery_response
2025-12-10 20:50:05,236 - Alice_5000 - DEBUG - Received from Bob: discovery
2025-12-10 20:50:05,237 - Alice_5000 - DEBUG - Received from Bob: discovery
2025-12-10 20:50:05,664 - Alice_5000 - DEBUG - Received from Charlie: discovery
2025-12-10 20:50:05,664 - Alice_5000 - DEBUG - Received from Charlie: discovery
2025-12-10 20:50:10,112 - Alice_5000 - DEBUG - Sent: discover
2025-12-10 20:50:10,112 - Alice_5000 - DEBUG - Received from Bob: discovery_response
2025-12-10 20:50:10,112 - Alice_5000 - DEBUG - Received from Charlie: discovery_response
2025-12-10 20:50:10,113 - Alice_5000 - DEBUG - Received from Bob: discovery_response
2025-12-10 20:50:10,113 - Alice_5000 - DEBUG - Received from Charlie: discovery_response
2025-12-10 20:50:10,114 - Alice_5000 - DEBUG - Received from Bob: discovery_response
2025-12-10 20:50:10,114 - Alice_5000 - DEBUG - Received from Bob: discovery_response
2025-12-10 20:50:10,114 - Alice_5000 - DEBUG - Received from Charlie: discovery_response
2025-12-10 20:50:10,115 - Alice_5000 - DEBUG - Received from Charlie: discovery_response
2025-12-10 20:50:10,236 - Alice_5000 - DEBUG - Received from Bob: discovery
2025-12-10 20:50:10,237 - Alice_5000 - DEBUG - Received from Bob: discovery
2025-12-10 20:50:10,664 - Alice_5000 - DEBUG - Received from Charlie: discovery
2025-12-10 20:50:10,665 - Alice_5000 - DEBUG - Received from Charlie: discovery
2025-12-10 20:50:15,112 - Alice_5000 - DEBUG - Sent: discover
2025-12-10 20:50:15,113 - Alice_5000 - DEBUG - Received from Bob: discovery_response
2025-12-10 20:50:15,113 - Alice_5000 - DEBUG - Received from Bob: discovery_response
2025-12-10 20:50:15,114 - Alice_5000 - DEBUG - Received from Charlie: discovery_response
2025-12-10 20:50:15,115 - Alice_5000 - DEBUG - Received from Charlie: discovery_response
2025-12-10 20:50:15,115 - Alice_5000 - DEBUG - Received from Bob: discovery_response
2025-12-10 20:50:15,116 - Alice_5000 - DEBUG - Received from Bob: discovery_response
2025-12-10 20:50:15,116 - Alice_5000 - DEBUG - Received from Charlie: discovery_response
2025-12-10 20:50:15,117 - Alice_5000 - DEBUG - Received from Charlie: discovery_response
2025-12-10 20:50:15,237 - Alice_5000 - DEBUG - Received from Bob: discovery
2025-12-10 20:50:15,237 - Alice_5000 - DEBUG - Received from Bob: discovery
2025-12-10 20:50:15,665 - Alice_5000 - DEBUG - Received from Charlie: discovery
2025-12-10 20:50:15,666 - Alice_5000 - DEBUG - Received from Charlie: discovery
2025-12-10 20:50:20,113 - Alice_5000 - DEBUG - Sent: discover
2025-12-10 20:50:20,113 - Alice_5000 - DEBUG - Received from Bob: discovery_response
2025-12-10 20:50:20,114 - Alice_5000 - DEBUG - Received from Charlie: discovery_response
2025-12-10 20:50:20,114 - Alice_5000 - DEBUG - Received from Charlie: discovery_response
2025-12-10 20:50:20,115 - Alice_5000 - DEBUG - Received from Bob: discovery_response
2025-12-10 20:50:20,115 - Alice_5000 - DEBUG - Received from Charlie: discovery_response
2025-12-10 20:50:20,116 - Alice_5000 - DEBUG - Received from Bob: discovery_response
2025-12-10 20:50:20,116 - Alice_5000 - DEBUG - Received from Charlie: discovery_response
2025-12-10 20:50:20,117 - Alice_5000 - DEBUG - Received from Bob: discovery_response
2025-12-10 20:50:20,238 - Alice_5000 - DEBUG - Received from Bob: discovery
2025-12-10 20:50:20,238 - Alice_5000 - DEBUG - Received from Bob: discovery
2025-12-10 20:50:20,666 - Alice_5000 - DEBUG - Received from Charlie: discovery
2025-12-10 20:50:20,666 - Alice_5000 - DEBUG - Received from Charlie: discovery
2025-12-10 20:50:23,670 - Alice_5000 - DEBUG - Received from Charlie: private_message
2025-12-10 20:50:23,670 - Alice_5000 - DEBUG - Received from Charlie: private_message
2025-12-10 20:50:25,113 - Alice_5000 - DEBUG - Sent: discover
2025-12-10 20:50:25,113 - Alice_5000 - DEBUG - Received from Bob: discovery_response
2025-12-10 20:50:25,114 - Alice_5000 - DEBUG - Received from Charlie: discovery_response
2025-12-10 20:50:25,115 - Alice_5000 - DEBUG - Received from Bob: discovery_response
2025-12-10 20:50:25,115 - Alice_5000 - DEBUG - Received from Charlie: discovery_response
2025-12-10 20:50:25,116 - Alice_5000 - DEBUG - Received from Bob: discovery_response
2025-12-10 20:50:25,116 - Alice_5000 - DEBUG - Received from Bob: discovery_response
2025-12-10 20:50:25,117 - Alice_5000 - DEBUG - Received from Charlie: discovery_response
2025-12-10 20:50:25,117 - Alice_5000 - DEBUG - Received from Charlie: discovery_response
2025-12-10 20:50:25,238 - Alice_5000 - DEBUG - Received from Bob: discovery
2025-12-10 20:50:25,238 - Alice_5000 - DEBUG - Received from Bob: discovery
2025-12-10 20:50:25,666 - Alice_5000 - DEBUG - Received from Charlie: discovery
2025-12-10 20:50:25,667 - Alice_5000 - DEBUG - Received from Charlie: discovery
2025-12-10 20:50:30,113 - Alice_5000 - DEBUG - Sent: discover
2025-12-10 20:50:30,113 - Alice_5000 - DEBUG - Received from Bob: discovery_response
2025-12-10 20:50:30,114 - Alice_5000 - DEBUG - Received from Charlie: discovery_response
2025-12-10 20:50:30,114 - Alice_5000 - DEBUG - Received from Bob: discovery_response
2025-12-10 20:50:30,115 - Alice_5000 - DEBUG - Received from Charlie: discovery_response
2025-12-10 20:50:30,115 - Alice_5000 - DEBUG - Received from Bob: discovery_response
2025-12-10 20:50:30,116 - Alice_5000 - DEBUG - Received from Bob: discovery_response
2025-12-10 20:50:30,116 - Alice_5000 - DEBUG - Received from Charlie: discovery_response
2025-12-10 20:50:30,116 - Alice_5000 - DEBUG - Received from Charlie: discovery_response
2025-12-10 20:50:30,238 - Alice_5000 - DEBUG - Received from Bob: discovery
2025-12-10 20:50:30,238 - Alice_5000 - DEBUG - Received from Bob: discovery
2025-12-10 20:50:30,666 - Alice_5000 - DEBUG - Received from Charlie: discovery
2025-12-10 20:50:30,667 - Alice_5000 - DEBUG - Received from Charlie: discovery
2025-12-10 20:50:34,331 - Alice_5000 - DEBUG - Private to Charlie_5002: hello
2025-12-10 20:50:35,114 - Alice_5000 - DEBUG - Sent: discover
2025-12-10 20:50:35,115 - Alice_5000 - DEBUG - Received from Bob: discovery_response
2025-12-10 20:50:35,115 - Alice_5000 - DEBUG - Received from Charlie: discovery_response
2025-12-10 20:50:35,116 - Alice_5000 - DEBUG - Received from Bob: discovery_response
2025-12-10 20:50:35,117 - Alice_5000 - DEBUG - Received from Charlie: discovery_response
2025-12-10 20:50:35,117 - Alice_5000 - DEBUG - Received from Bob: discovery_response
2025-12-10 20:50:35,118 - Alice_5000 - DEBUG - Received from Bob: discovery_response
2025-12-10 20:50:35,118 - Alice_5000 - DEBUG - Received from Charlie: discovery_response
2025-12-10 20:50:35,118 - Alice_5000 - DEBUG - Received from Charlie: discovery_response
2025-12-10 20:50:35,239 - Alice_5000 - DEBUG - Received from Bob: discovery
2025-12-10 20:50:35,239 - Alice_5000 - DEBUG - Received from Bob: discovery
2025-12-10 20:50:35,667 - Alice_5000 - DEBUG - Received from Charlie: discovery
2025-12-10 20:50:35,668 - Alice_5000 - DEBUG - Received from Charlie: discovery
2025-12-10 20:50:40,114 - Alice_5000 - DEBUG - Sent: discover
2025-12-10 20:50:40,115 - Alice_5000 - DEBUG - Received from Bob: discovery_response
2025-12-10 20:50:40,116 - Alice_5000 - DEBUG - Received from Bob: discovery_response
2025-12-10 20:50:40,117 - Alice_5000 - DEBUG - Received from Charlie: discovery_response
2025-12-10 20:50:40,117 - Alice_5000 - DEBUG - Received from Charlie: discovery_response
2025-12-10 20:50:40,118 - Alice_5000 - DEBUG - Received from Bob: discovery_response
2025-12-10 20:50:40,118 - Alice_5000 - DEBUG - Received from Bob: discovery_response
2025-12-10 20:50:40,119 - Alice_5000 - DEBUG - Received from Charlie: discovery_response
2025-12-10 20:50:40,119 - Alice_5000 - DEBUG - Received from Charlie: discovery_response
2025-12-10 20:50:40,239 - Alice_5000 - DEBUG - Received from Bob: discovery
2025-12-10 20:50:40,239 - Alice_5000 - DEBUG - Received from Bob: discovery
2025-12-10 20:50:40,667 - Alice_5000 - DEBUG - Received from Charlie: discovery
2025-12-10 20:50:40,667 - Alice_5000 - DEBUG - Received from Charlie: discovery
2025-12-10 20:50:45,114 - Alice_5000 - DEBUG - Sent: discover
2025-12-10 20:50:45,114 - Alice_5000 - DEBUG - Received from Bob: discovery_response
2025-12-10 20:50:45,115 - Alice_5000 - DEBUG - Received from Bob: discovery_response
2025-12-10 20:50:45,117 - Alice_5000 - DEBUG - Received from Charlie: discovery_response
2025-12-10 20:50:45,117 - Alice_5000 - DEBUG - Received from Charlie: discovery_response
2025-12-10 20:50:45,118 - Alice_5000 - DEBUG - Received from Bob: discovery_response
2025-12-10 20:50:45,118 - Alice_5000 - DEBUG - Received from Bob: discovery_response
2025-12-10 20:50:45,118 - Alice_5000 - DEBUG - Received from Charlie: discovery_response
2025-12-10 20:50:45,119 - Alice_5000 - DEBUG - Received from Charlie: discovery_response
2025-12-10 20:50:45,239 - Alice_5000 - DEBUG - Received from Bob: discovery
2025-12-10 20:50:45,240 - Alice_5000 - DEBUG - Received from Bob: discovery
2025-12-10 20:50:45,668 - Alice_5000 - DEBUG - Received from Charlie: discovery
2025-12-10 20:50:45,669 - Alice_5000 - DEBUG - Received from Charlie: discovery
2025-12-10 20:50:46,596 - Alice_5000 - DEBUG - Private to Bob_5001: hello
2025-12-10 20:50:50,115 - Alice_5000 - DEBUG - Sent: discover
2025-12-10 20:50:50,116 - Alice_5000 - DEBUG - Received from Bob: discovery_response
2025-12-10 20:50:50,117 - Alice_5000 - DEBUG - Received from Charlie: discovery_response
2025-12-10 20:50:50,118 - Alice_5000 - DEBUG - Received from Bob: discovery_response
2025-12-10 20:50:50,118 - Alice_5000 - DEBUG - Received from Charlie: discovery_response
2025-12-10 20:50:50,119 - Alice_5000 - DEBUG - Received from Bob: discovery_response
2025-12-10 20:50:50,120 - Alice_5000 - DEBUG - Received from Bob: discovery_response
2025-12-10 20:50:50,121 - Alice_5000 - DEBUG - Received from Charlie: discovery_response
2025-12-10 20:50:50,121 - Alice_5000 - DEBUG - Received from Charlie: discovery_response
2025-12-10 20:50:50,240 - Alice_5000 - DEBUG - Received from Bob: discovery
2025-12-10 20:50:50,241 - Alice_5000 - DEBUG - Received from Bob: discovery
2025-12-10 20:50:50,669 - Alice_5000 - DEBUG - Received from Charlie: discovery
2025-12-10 20:50:50,669 - Alice_5000 - DEBUG - Received from Charlie: discovery
2025-12-10 20:50:55,115 - Alice_5000 - DEBUG - Sent: discover
2025-12-10 20:50:55,116 - Alice_5000 - DEBUG - Received from Bob: discovery_response
2025-12-10 20:50:55,116 - Alice_5000 - DEBUG - Received from Bob: discovery_response
2025-12-10 20:50:55,118 - Alice_5000 - DEBUG - Received from Charlie: discovery_response
2025-12-10 20:50:55,119 - Alice_5000 - DEBUG - Received from Charlie: discovery_response
2025-12-10 20:50:55,119 - Alice_5000 - DEBUG - Received from Bob: discovery_response
2025-12-10 20:50:55,120 - Alice_5000 - DEBUG - Received from Bob: discovery_response
2025-12-10 20:50:55,120 - Alice_5000 - DEBUG - Received from Charlie: discovery_response
2025-12-10 20:50:55,121 - Alice_5000 - DEBUG - Received from Charlie: discovery_response
2025-12-10 20:50:55,240 - Alice_5000 - DEBUG - Received from Bob: discovery
2025-12-10 20:50:55,240 - Alice_5000 - DEBUG - Received from Bob: discovery
2025-12-10 20:50:55,668 - Alice_5000 - DEBUG - Received from Charlie: discovery
2025-12-10 20:50:55,669 - Alice_5000 - DEBUG - Received from Charlie: discovery
2025-12-10 20:50:56,098 - Alice_5000 - DEBUG - Private to Bob_5001: 😉
2025-12-10 20:51:00,115 - Alice_5000 - DEBUG - Sent: discover
2025-12-10 20:51:00,115 - Alice_5000 - DEBUG - Received from Bob: discovery_response
2025-12-10 20:51:00,116 - Alice_5000 - DEBUG - Received from Charlie: discovery_response
2025-12-10 20:51:00,117 - Alice_5000 - DEBUG - Received from Charlie: discovery_response
2025-12-10 20:51:00,117 - Alice_5000 - DEBUG - Received from Bob: discovery_response
2025-12-10 20:51:00,117 - Alice_5000 - DEBUG - Received from Bob: discovery_response
2025-12-10 20:51:00,119 - Alice_5000 - DEBUG - Received from Bob: discovery_response
2025-12-10 20:51:00,119 - Alice_5000 - DEBUG - Received from Charlie: discovery_response
2025-12-10 20:51:00,119 - Alice_5000 - DEBUG - Received from Charlie: discovery_response
2025-12-10 20:51:00,241 - Alice_5000 - DEBUG - Received from Bob: discovery
2025-12-10 20:51:00,241 - Alice_5000 - DEBUG - Received from Bob: discovery
2025-12-10 20:51:00,669 - Alice_5000 - DEBUG - Received from Charlie: discovery
2025-12-10 20:51:00,669 - Alice_5000 - DEBUG - Received from Charlie: discovery
2025-12-10 20:51:05,116 - Alice_5000 - DEBUG - Sent: discover
2025-12-10 20:51:05,117 - Alice_5000 - DEBUG - Received from Bob: discovery_response
2025-12-10 20:51:05,117 - Alice_5000 - DEBUG - Received from Bob: discovery_response
2025-12-10 20:51:05,118 - Alice_5000 - DEBUG - Received from Charlie: discovery_response
2025-12-10 20:51:05,118 - Alice_5000 - DEBUG - Received from Charlie: discovery_response
2025-12-10 20:51:05,118 - Alice_5000 - DEBUG - Received from Bob: discovery_response
2025-12-10 20:51:05,119 - Alice_5000 - DEBUG - Received from Bob: discovery_response
2025-12-10 20:51:05,119 - Alice_5000 - DEBUG - Received from Charlie: discovery_response
2025-12-10 20:51:05,120 - Alice_5000 - DEBUG - Received from Charlie: discovery_response
2025-12-10 20:51:05,241 - Alice_5000 - DEBUG - Received from Bob: discovery
2025-12-10 20:51:05,242 - Alice_5000 - DEBUG - Received from Bob: discovery
2025-12-10 20:51:05,669 - Alice_5000 - DEBUG - Received from Charlie: discovery
2025-12-10 20:51:05,670 - Alice_5000 - DEBUG - Received from Charlie: discovery
2025-12-10 20:51:10,116 - Alice_5000 - DEBUG - Received from Bob: discovery_response
2025-12-10 20:51:10,117 - Alice_5000 - DEBUG - Received from Bob: discovery_response
2025-12-10 20:51:10,117 - Alice_5000 - DEBUG - Sent: discover
2025-12-10 20:51:10,117 - Alice_5000 - DEBUG - Received from Charlie: discovery_response
2025-12-10 20:51:10,119 - Alice_5000 - DEBUG - Received from Charlie: discovery_response
2025-12-10 20:51:10,119 - Alice_5000 - DEBUG - Received from Bob: discovery_response
2025-12-10 20:51:10,120 - Alice_5000 - DEBUG - Received from Bob: discovery_response
2025-12-10 20:51:10,120 - Alice_5000 - DEBUG - Received from Charlie: discovery_response
2025-12-10 20:51:10,120 - Alice_5000 - DEBUG - Received from Charlie: discovery_response
2025-12-10 20:51:10,241 - Alice_5000 - DEBUG - Received from Bob: discovery
2025-12-10 20:51:10,242 - Alice_5000 - DEBUG - Received from Bob: discovery
2025-12-10 20:51:10,670 - Alice_5000 - DEBUG - Received from Charlie: discovery
2025-12-10 20:51:10,671 - Alice_5000 - DEBUG - Received from Charlie: discovery
2025-12-10 20:51:12,515 - Alice_5000 - INFO - Closing application
2025-12-10 20:51:12,515 - Alice_5000 - INFO - Device discovery stopped
2025-12-10 20:51:12,515 - Alice_5000 - INFO - Network stopped
